{"run_info": {"product": "chrome", "has_sandbox": true, "os": "win", "service_pack": "", "os_version": "10.0", "version": "10.0.17692", "debug": false, "bits": 64, "processor": "x86_64", "revision": "f3bc9cfcbb9a0c5bbebc549ad37d93e2cf26167c"}, "time_start": 1529084291231, "time_end": 1529085305350, "results": [{"test": "/webdriver/tests/get_window_rect/user_prompts.py", "status": "OK", "message": null, "duration": 8950, "subtests": [{"status": "PASS", "message": null, "name": "test_handle_prompt_dismiss_and_notify"}, {"status": "PASS", "message": null, "name": "test_handle_prompt_accept_and_notify"}, {"status": "PASS", "message": null, "name": "test_handle_prompt_ignore"}, {"status": "FAIL", "message": "AssertionError: Dialog with text 'dismiss #1' was not handled.", "name": "test_handle_prompt_accept"}, {"status": "FAIL", "message": "assert 200 == 500", "name": "test_handle_prompt_missing_value"}]}, {"test": "/webdriver/tests/element_clear/clear.py", "status": "OK", "message": null, "duration": 33258, "subtests": [{"status": "FAIL", "message": "TypeError: object of type 'NoneType' has no len()", "name": "test_closed_context"}, {"status": "PASS", "message": null, "name": "test_connected_element"}, {"status": "FAIL", "message": "AssertionError: assert 'invalid element state' == 'element not interactable'", "name": "test_pointer_interactable"}, {"status": "FAIL", "message": "ValueError: Failed to decode response body as JSON:", "name": "test_keyboard_interactable"}, {"status": "FAIL", "message": "ValueError: Failed to decode response body as JSON:", "name": "test_input[number-42-]"}, {"status": "FAIL", "message": "ValueError: Failed to decode response body as JSON:", "name": "test_input[range-42-50]"}, {"status": "FAIL", "message": "ValueError: Failed to decode response body as JSON:", "name": "test_input[email-foo@example.com-]"}, {"status": "FAIL", "message": "ValueError: Failed to decode response body as JSON:", "name": "test_input[password-password-]"}, {"status": "FAIL", "message": "ValueError: Failed to decode response body as JSON:", "name": "test_input[search-search-]"}, {"status": "FAIL", "message": "ValueError: Failed to decode response body as JSON:", "name": "test_input[tel-999-]"}, {"status": "FAIL", "message": "ValueError: Failed to decode response body as JSON:", "name": "test_input[text-text-]"}, {"status": "FAIL", "message": "ValueError: Failed to decode response body as JSON:", "name": "test_input[url-https://example.com/-]"}, {"status": "FAIL", "message": "ValueError: Failed to decode response body as JSON:", "name": "test_input[color-#ff0000-#000000]"}, {"status": "FAIL", "message": "ValueError: Failed to decode response body as JSON:", "name": "test_input[date-2017-12-26-]"}, {"status": "FAIL", "message": "ValueError: Failed to decode response body as JSON:", "name": "test_input[datetime-2017-12-26T19:48-]"}, {"status": "FAIL", "message": "ValueError: Failed to decode response body as JSON:", "name": "test_input[datetime-local-2017-12-26T19:48-]"}, {"status": "FAIL", "message": "ValueError: Failed to decode response body as JSON:", "name": "test_input[time-19:48-]"}, {"status": "FAIL", "message": "ValueError: Failed to decode response body as JSON:", "name": "test_input[month-2017-11-]"}, {"status": "FAIL", "message": "ValueError: Failed to decode response body as JSON:", "name": "test_input[week-2017-W52-]"}, {"status": "PASS", "message": null, "name": "test_input_disabled[number]"}, {"status": "PASS", "message": null, "name": "test_input_disabled[range]"}, {"status": "PASS", "message": null, "name": "test_input_disabled[email]"}, {"status": "PASS", "message": null, "name": "test_input_disabled[password]"}, {"status": "PASS", "message": null, "name": "test_input_disabled[search]"}, {"status": "PASS", "message": null, "name": "test_input_disabled[tel]"}, {"status": "PASS", "message": null, "name": "test_input_disabled[text]"}, {"status": "PASS", "message": null, "name": "test_input_disabled[url]"}, {"status": "PASS", "message": null, "name": "test_input_disabled[color]"}, {"status": "PASS", "message": null, "name": "test_input_disabled[date]"}, {"status": "PASS", "message": null, "name": "test_input_disabled[datetime]"}, {"status": "PASS", "message": null, "name": "test_input_disabled[datetime-local]"}, {"status": "PASS", "message": null, "name": "test_input_disabled[time]"}, {"status": "PASS", "message": null, "name": "test_input_disabled[month]"}, {"status": "PASS", "message": null, "name": "test_input_disabled[week]"}, {"status": "PASS", "message": null, "name": "test_input_disabled[file]"}, {"status": "PASS", "message": null, "name": "test_input_readonly[number]"}, {"status": "PASS", "message": null, "name": "test_input_readonly[range]"}, {"status": "PASS", "message": null, "name": "test_input_readonly[email]"}, {"status": "PASS", "message": null, "name": "test_input_readonly[password]"}, {"status": "PASS", "message": null, "name": "test_input_readonly[search]"}, {"status": "PASS", "message": null, "name": "test_input_readonly[tel]"}, {"status": "PASS", "message": null, "name": "test_input_readonly[text]"}, {"status": "PASS", "message": null, "name": "test_input_readonly[url]"}, {"status": "PASS", "message": null, "name": "test_input_readonly[color]"}, {"status": "PASS", "message": null, "name": "test_input_readonly[date]"}, {"status": "PASS", "message": null, "name": "test_input_readonly[datetime]"}, {"status": "PASS", "message": null, "name": "test_input_readonly[datetime-local]"}, {"status": "PASS", "message": null, "name": "test_input_readonly[time]"}, {"status": "PASS", "message": null, "name": "test_input_readonly[month]"}, {"status": "PASS", "message": null, "name": "test_input_readonly[week]"}, {"status": "PASS", "message": null, "name": "test_input_readonly[file]"}, {"status": "FAIL", "message": "ValueError: Failed to decode response body as JSON:", "name": "test_textarea"}, {"status": "PASS", "message": null, "name": "test_textarea_disabled"}, {"status": "PASS", "message": null, "name": "test_textarea_readonly"}, {"status": "FAIL", "message": "UnknownErrorException: unknown error (500): 'value' must be a list(Session infochrome=67.0.3396.87)", "name": "test_input_file"}, {"status": "FAIL", "message": "UnknownErrorException: unknown error (500): 'value' must be a list(Session infochrome=67.0.3396.87)", "name": "test_input_file_multiple"}, {"status": "PASS", "message": null, "name": "test_select"}, {"status": "PASS", "message": null, "name": "test_button"}, {"status": "FAIL", "message": "assert 200 == 400", "name": "test_button_with_subtree"}, {"status": "FAIL", "message": "ValueError: Failed to decode response body as JSON:", "name": "test_contenteditable"}, {"status": "FAIL", "message": "ValueError: Failed to decode response body as JSON:", "name": "test_designmode"}, {"status": "FAIL", "message": "ValueError: Failed to decode response body as JSON:", "name": "test_resettable_element_focus_when_empty"}, {"status": "FAIL", "message": "UnknownErrorException: unknown error (500): 'value' must be a list(Session infochrome=67.0.3396.87)", "name": "test_resettable_element_does_not_satisfy_validation_constraints[number-foo]"}, {"status": "FAIL", "message": "UnknownErrorException: unknown error (500): 'value' must be a list(Session infochrome=67.0.3396.87)", "name": "test_resettable_element_does_not_satisfy_validation_constraints[range-foo]"}, {"status": "FAIL", "message": "UnknownErrorException: unknown error (500): 'value' must be a list(Session infochrome=67.0.3396.87)", "name": "test_resettable_element_does_not_satisfy_validation_constraints[email-foo]"}, {"status": "FAIL", "message": "UnknownErrorException: unknown error (500): 'value' must be a list(Session infochrome=67.0.3396.87)", "name": "test_resettable_element_does_not_satisfy_validation_constraints[url-foo]"}, {"status": "FAIL", "message": "UnknownErrorException: unknown error (500): 'value' must be a list(Session infochrome=67.0.3396.87)", "name": "test_resettable_element_does_not_satisfy_validation_constraints[color-foo]"}, {"status": "FAIL", "message": "UnknownErrorException: unknown error (500): 'value' must be a list(Session infochrome=67.0.3396.87)", "name": "test_resettable_element_does_not_satisfy_validation_constraints[date-foo]"}, {"status": "FAIL", "message": "UnknownErrorException: unknown error (500): 'value' must be a list(Session infochrome=67.0.3396.87)", "name": "test_resettable_element_does_not_satisfy_validation_constraints[datetime-foo]"}, {"status": "FAIL", "message": "UnknownErrorException: unknown error (500): 'value' must be a list(Session infochrome=67.0.3396.87)", "name": "test_resettable_element_does_not_satisfy_validation_constraints[datetime-local-foo]"}, {"status": "FAIL", "message": "UnknownErrorException: unknown error (500): 'value' must be a list(Session infochrome=67.0.3396.87)", "name": "test_resettable_element_does_not_satisfy_validation_constraints[time-foo]"}, {"status": "FAIL", "message": "UnknownErrorException: unknown error (500): 'value' must be a list(Session infochrome=67.0.3396.87)", "name": "test_resettable_element_does_not_satisfy_validation_constraints[month-foo]"}, {"status": "FAIL", "message": "UnknownErrorException: unknown error (500): 'value' must be a list(Session infochrome=67.0.3396.87)", "name": "test_resettable_element_does_not_satisfy_validation_constraints[week-foo]"}, {"status": "PASS", "message": null, "name": "test_non_editable_inputs[checkbox]"}, {"status": "PASS", "message": null, "name": "test_non_editable_inputs[radio]"}, {"status": "PASS", "message": null, "name": "test_non_editable_inputs[hidden]"}, {"status": "PASS", "message": null, "name": "test_non_editable_inputs[submit]"}, {"status": "PASS", "message": null, "name": "test_non_editable_inputs[button]"}, {"status": "PASS", "message": null, "name": "test_non_editable_inputs[image]"}, {"status": "FAIL", "message": "ValueError: Failed to decode response body as JSON:", "name": "test_scroll_into_view"}]}, {"test": "/webdriver/tests/fullscreen_window/fullscreen.py", "status": "OK", "message": null, "duration": 6343, "subtests": [{"status": "FAIL", "message": "TypeError: object of type 'NoneType' has no len()", "name": "test_no_browsing_context"}, {"status": "FAIL", "message": "assert False is True", "name": "test_fullscreen"}, {"status": "FAIL", "message": "assert False", "name": "test_payload"}, {"status": "FAIL", "message": "assert False is True", "name": "test_fullscreen_twice_is_idempotent"}]}, {"test": "/webdriver/tests/close_window/user_prompts.py", "status": "OK", "message": null, "duration": 12416, "subtests": [{"status": "PASS", "message": null, "name": "test_handle_prompt_dismiss_and_notify"}, {"status": "PASS", "message": null, "name": "test_handle_prompt_accept_and_notify"}, {"status": "PASS", "message": null, "name": "test_handle_prompt_ignore"}, {"status": "PASS", "message": null, "name": "test_handle_prompt_accept"}, {"status": "FAIL", "message": "assert 200 == 500", "name": "test_handle_prompt_missing_value"}]}, {"test": "/webdriver/tests/actions/mouse.py", "status": "OK", "message": null, "duration": 21527, "subtests": [{"status": "FAIL", "message": "UnknownCommandException: unknown command (404): (Session infochrome=67.0.3396.87)", "name": "test_click_at_coordinates"}, {"status": "ERROR", "message": "teardown error", "name": "test_click_at_coordinates"}, {"status": "FAIL", "message": "UnknownCommandException: unknown command (404): (Session infochrome=67.0.3396.87)", "name": "test_context_menu_at_coordinates"}, {"status": "ERROR", "message": "teardown error", "name": "test_context_menu_at_coordinates"}, {"status": "FAIL", "message": "UnknownErrorException: unknown error (500): getting size failed to return y(Session infochrome=67.0.3396.87)", "name": "test_click_element_center"}, {"status": "ERROR", "message": "teardown error", "name": "test_click_element_center"}, {"status": "FAIL", "message": "UnknownCommandException: unknown command (404): (Session infochrome=67.0.3396.87)", "name": "test_click_navigation"}, {"status": "ERROR", "message": "teardown error", "name": "test_click_navigation"}, {"status": "FAIL", "message": "UnknownErrorException: unknown error (500): getting size failed to return y(Session infochrome=67.0.3396.87)", "name": "test_drag_and_drop[20-0-0]"}, {"status": "ERROR", "message": "teardown error", "name": "test_drag_and_drop[20-0-0]"}, {"status": "FAIL", "message": "UnknownErrorException: unknown error (500): getting size failed to return y(Session infochrome=67.0.3396.87)", "name": "test_drag_and_drop[20-0-300]"}, {"status": "ERROR", "message": "teardown error", "name": "test_drag_and_drop[20-0-300]"}, {"status": "FAIL", "message": "UnknownErrorException: unknown error (500): getting size failed to return y(Session infochrome=67.0.3396.87)", "name": "test_drag_and_drop[20-0-800]"}, {"status": "ERROR", "message": "teardown error", "name": "test_drag_and_drop[20-0-800]"}, {"status": "FAIL", "message": "UnknownErrorException: unknown error (500): getting size failed to return y(Session infochrome=67.0.3396.87)", "name": "test_drag_and_drop[0-15-0]"}, {"status": "ERROR", "message": "teardown error", "name": "test_drag_and_drop[0-15-0]"}, {"status": "FAIL", "message": "UnknownErrorException: unknown error (500): getting size failed to return y(Session infochrome=67.0.3396.87)", "name": "test_drag_and_drop[0-15-300]"}, {"status": "ERROR", "message": "teardown error", "name": "test_drag_and_drop[0-15-300]"}, {"status": "FAIL", "message": "UnknownErrorException: unknown error (500): getting size failed to return y(Session infochrome=67.0.3396.87)", "name": "test_drag_and_drop[0-15-800]"}, {"status": "ERROR", "message": "teardown error", "name": "test_drag_and_drop[0-15-800]"}, {"status": "FAIL", "message": "UnknownErrorException: unknown error (500): getting size failed to return y(Session infochrome=67.0.3396.87)", "name": "test_drag_and_drop[10-15-0]"}, {"status": "ERROR", "message": "teardown error", "name": "test_drag_and_drop[10-15-0]"}, {"status": "FAIL", "message": "UnknownErrorException: unknown error (500): getting size failed to return y(Session infochrome=67.0.3396.87)", "name": "test_drag_and_drop[10-15-300]"}, {"status": "ERROR", "message": "teardown error", "name": "test_drag_and_drop[10-15-300]"}, {"status": "FAIL", "message": "UnknownErrorException: unknown error (500): getting size failed to return y(Session infochrome=67.0.3396.87)", "name": "test_drag_and_drop[10-15-800]"}, {"status": "ERROR", "message": "teardown error", "name": "test_drag_and_drop[10-15-800]"}, {"status": "FAIL", "message": "UnknownErrorException: unknown error (500): getting size failed to return y(Session infochrome=67.0.3396.87)", "name": "test_drag_and_drop[-20-0-0]"}, {"status": "ERROR", "message": "teardown error", "name": "test_drag_and_drop[-20-0-0]"}, {"status": "FAIL", "message": "UnknownErrorException: unknown error (500): getting size failed to return y(Session infochrome=67.0.3396.87)", "name": "test_drag_and_drop[-20-0-300]"}, {"status": "ERROR", "message": "teardown error", "name": "test_drag_and_drop[-20-0-300]"}, {"status": "FAIL", "message": "UnknownErrorException: unknown error (500): getting size failed to return y(Session infochrome=67.0.3396.87)", "name": "test_drag_and_drop[-20-0-800]"}, {"status": "ERROR", "message": "teardown error", "name": "test_drag_and_drop[-20-0-800]"}, {"status": "FAIL", "message": "UnknownErrorException: unknown error (500): getting size failed to return y(Session infochrome=67.0.3396.87)", "name": "test_drag_and_drop[10--15-0]"}, {"status": "ERROR", "message": "teardown error", "name": "test_drag_and_drop[10--15-0]"}, {"status": "FAIL", "message": "UnknownErrorException: unknown error (500): getting size failed to return y(Session infochrome=67.0.3396.87)", "name": "test_drag_and_drop[10--15-300]"}, {"status": "ERROR", "message": "teardown error", "name": "test_drag_and_drop[10--15-300]"}, {"status": "FAIL", "message": "UnknownErrorException: unknown error (500): getting size failed to return y(Session infochrome=67.0.3396.87)", "name": "test_drag_and_drop[10--15-800]"}, {"status": "ERROR", "message": "teardown error", "name": "test_drag_and_drop[10--15-800]"}, {"status": "FAIL", "message": "UnknownErrorException: unknown error (500): getting size failed to return y(Session infochrome=67.0.3396.87)", "name": "test_drag_and_drop[-10--15-0]"}, {"status": "ERROR", "message": "teardown error", "name": "test_drag_and_drop[-10--15-0]"}, {"status": "FAIL", "message": "UnknownErrorException: unknown error (500): getting size failed to return y(Session infochrome=67.0.3396.87)", "name": "test_drag_and_drop[-10--15-300]"}, {"status": "ERROR", "message": "teardown error", "name": "test_drag_and_drop[-10--15-300]"}, {"status": "FAIL", "message": "UnknownErrorException: unknown error (500): getting size failed to return y(Session infochrome=67.0.3396.87)", "name": "test_drag_and_drop[-10--15-800]"}, {"status": "ERROR", "message": "teardown error", "name": "test_drag_and_drop[-10--15-800]"}]}, {"test": "/webdriver/tests/new_session/create_alwaysMatch.py", "status": "OK", "message": null, "duration": 37663, "subtests": [{"status": "PASS", "message": null, "name": "test_valid[acceptInsecureCerts-False]"}, {"status": "FAIL", "message": "UnknownErrorException: unknown error (500): cannot parse capabilityacceptInsecureCertsfrom unknown errormust be a boolean", "name": "test_valid[acceptInsecureCerts-None]"}, {"status": "FAIL", "message": "AssertionError", "name": "test_valid[browserName-None]"}, {"status": "PASS", "message": null, "name": "test_valid[browserVersion-None]"}, {"status": "PASS", "message": null, "name": "test_valid[platformName-None]"}, {"status": "PASS", "message": null, "name": "test_valid[pageLoadStrategy-none]"}, {"status": "FAIL", "message": "UnknownErrorException: unknown error (500): cannot parse capabilitypageLoadStrategyfrom unknown errorpage load strategy unsupported", "name": "test_valid[pageLoadStrategy-eager]"}, {"status": "PASS", "message": null, "name": "test_valid[pageLoadStrategy-normal]"}, {"status": "FAIL", "message": "UnknownErrorException: unknown error (500): cannot parse capabilitypageLoadStrategyfrom unknown errormust be a string", "name": "test_valid[pageLoadStrategy-None]"}, {"status": "FAIL", "message": "UnknownErrorException: unknown error (500): cannot parse capabilityproxyfrom unknown errormust be a dictionary", "name": "test_valid[proxy-None]"}, {"status": "PASS", "message": null, "name": "test_valid[timeouts-value10]"}, {"status": "PASS", "message": null, "name": "test_valid[timeouts-value11]"}, {"status": "PASS", "message": null, "name": "test_valid[timeouts-value12]"}, {"status": "PASS", "message": null, "name": "test_valid[timeouts-value13]"}, {"status": "PASS", "message": null, "name": "test_valid[unhandledPromptBehavior-dismiss]"}, {"status": "PASS", "message": null, "name": "test_valid[unhandledPromptBehavior-accept]"}, {"status": "PASS", "message": null, "name": "test_valid[unhandledPromptBehavior-None]"}, {"status": "PASS", "message": null, "name": "test_valid[test:extension-True]"}, {"status": "PASS", "message": null, "name": "test_valid[test:extension-abc]"}, {"status": "PASS", "message": null, "name": "test_valid[test:extension-123]"}, {"status": "PASS", "message": null, "name": "test_valid[test:extension-value20]"}, {"status": "PASS", "message": null, "name": "test_valid[test:extension-value21]"}, {"status": "PASS", "message": null, "name": "test_valid[test:extension-None]"}]}, {"test": "/webdriver/tests/delete_cookie/delete.py", "status": "OK", "message": null, "duration": 4883, "subtests": [{"status": "FAIL", "message": "TypeError: object of type 'NoneType' has no len()", "name": "test_no_browsing_context"}, {"status": "PASS", "message": null, "name": "test_unknown_cookie"}]}, {"test": "/webdriver/tests/get_title/user_prompts.py", "status": "OK", "message": null, "duration": 11178, "subtests": [{"status": "FAIL", "message": "AssertionError: unexpected alert open (500): {Alert textdismiss #1}(Session infochrome=67.0.3396.87)", "name": "test_title_handle_prompt_dismiss"}, {"status": "FAIL", "message": "UnexpectedAlertOpenException: unexpected alert open (500): {Alert textaccept #1}(Session infochrome=67.0.3396.87)", "name": "test_title_handle_prompt_accept"}, {"status": "FAIL", "message": "AssertionError: Dialog with text 'dismiss #1' was not handled.", "name": "test_title_handle_prompt_missing_value"}]}, {"test": "/webdriver/tests/minimize_window/user_prompts.py", "status": "OK", "message": null, "duration": 8023, "subtests": [{"status": "PASS", "message": null, "name": "test_handle_prompt_dismiss_and_notify"}, {"status": "PASS", "message": null, "name": "test_handle_prompt_accept_and_notify"}, {"status": "PASS", "message": null, "name": "test_handle_prompt_ignore"}, {"status": "FAIL", "message": "AssertionError: Dialog with text 'dismiss #1' was not handled.", "name": "test_handle_prompt_accept"}, {"status": "FAIL", "message": "assert 200 == 500", "name": "test_handle_prompt_missing_value"}]}, {"test": "/webdriver/tests/get_current_url/get.py", "status": "OK", "message": null, "duration": 7789, "subtests": [{"status": "FAIL", "message": "TypeError: object of type 'NoneType' has no len()", "name": "test_get_current_url_no_browsing_context"}, {"status": "PASS", "message": null, "name": "test_get_current_url_matches_location"}, {"status": "PASS", "message": null, "name": "test_get_current_url_payload"}, {"status": "PASS", "message": null, "name": "test_get_current_url_special_pages"}, {"status": "PASS", "message": null, "name": "test_get_current_url_file_protocol"}, {"status": "FAIL", "message": "assert 500 == 400", "name": "test_set_malformed_url"}, {"status": "PASS", "message": null, "name": "test_get_current_url_after_modified_location"}, {"status": "FAIL", "message": "UnknownErrorException: unknown error (500): missing 'ELEMENT'(Session infochrome=67.0.3396.87)", "name": "test_get_current_url_nested_browsing_context"}, {"status": "FAIL", "message": "UnknownErrorException: unknown error (500): missing 'ELEMENT'(Session infochrome=67.0.3396.87)", "name": "test_get_current_url_nested_browsing_contexts"}]}, {"test": "/webdriver/tests/switch_to_parent_frame/switch.py", "status": "OK", "message": null, "duration": 4166, "subtests": [{"status": "FAIL", "message": "UnknownErrorException: unknown error (500): missing 'ELEMENT'(Session infochrome=67.0.3396.87)", "name": "test_stale_element_from_iframe"}]}, {"test": "/webdriver/tests/dismiss_alert/dismiss.py", "status": "OK", "message": null, "duration": 5668, "subtests": [{"status": "FAIL", "message": "TypeError: object of type 'NoneType' has no len()", "name": "test_no_browsing_context"}, {"status": "PASS", "message": null, "name": "test_no_user_prompt"}, {"status": "PASS", "message": null, "name": "test_dismiss_alert"}, {"status": "PASS", "message": null, "name": "test_dismiss_confirm"}, {"status": "PASS", "message": null, "name": "test_dismiss_prompt"}]}, {"test": "/webdriver/tests/get_element_attribute/get.py", "status": "OK", "message": null, "duration": 12696, "subtests": [{"status": "FAIL", "message": "TypeError: object of type 'NoneType' has no len()", "name": "test_no_browsing_context"}, {"status": "FAIL", "message": "AssertionError: assert 'stale element reference' == 'no such element'", "name": "test_element_not_found"}, {"status": "PASS", "message": null, "name": "test_element_stale"}, {"status": "PASS", "message": null, "name": "test_normal"}, {"status": "PASS", "message": null, "name": "test_boolean_attribute[audio-attrs0]"}, {"status": "PASS", "message": null, "name": "test_boolean_attribute[button-attrs1]"}, {"status": "PASS", "message": null, "name": "test_boolean_attribute[details-attrs2]"}, {"status": "PASS", "message": null, "name": "test_boolean_attribute[dialog-attrs3]"}, {"status": "PASS", "message": null, "name": "test_boolean_attribute[fieldset-attrs4]"}, {"status": "PASS", "message": null, "name": "test_boolean_attribute[form-attrs5]"}, {"status": "FAIL", "message": "AssertionError: assert '' == 'true'", "name": "test_boolean_attribute[iframe-attrs6]"}, {"status": "PASS", "message": null, "name": "test_boolean_attribute[img-attrs7]"}, {"status": "PASS", "message": null, "name": "test_boolean_attribute[input-attrs8]"}, {"status": "FAIL", "message": "AssertionError: assert '' == 'true'", "name": "test_boolean_attribute[menuitem-attrs9]"}, {"status": "FAIL", "message": "AssertionError: assert '' == 'true'", "name": "test_boolean_attribute[object-attrs10]"}, {"status": "PASS", "message": null, "name": "test_boolean_attribute[ol-attrs11]"}, {"status": "PASS", "message": null, "name": "test_boolean_attribute[optgroup-attrs12]"}, {"status": "PASS", "message": null, "name": "test_boolean_attribute[option-attrs13]"}, {"status": "PASS", "message": null, "name": "test_boolean_attribute[script-attrs14]"}, {"status": "PASS", "message": null, "name": "test_boolean_attribute[select-attrs15]"}, {"status": "PASS", "message": null, "name": "test_boolean_attribute[textarea-attrs16]"}, {"status": "PASS", "message": null, "name": "test_boolean_attribute[track-attrs17]"}, {"status": "PASS", "message": null, "name": "test_boolean_attribute[video-attrs18]"}, {"status": "PASS", "message": null, "name": "test_global_boolean_attributes"}]}, {"test": "/webdriver/tests/execute_script/json_serialize_windowproxy.py", "status": "OK", "message": null, "duration": 6339, "subtests": [{"status": "FAIL", "message": "TypeError: expected string or buffer", "name": "test_initial_window"}, {"status": "FAIL", "message": "TypeError: expected string or buffer", "name": "test_window_open"}, {"status": "ERROR", "message": "teardown error", "name": "test_window_open"}, {"status": "FAIL", "message": "NoSuchWindowException: no such window (404): target window already closedfrom unknown errorweb view not found(Session infochrome=67.0.3396.87)", "name": "test_frame"}]}, {"test": "/webdriver/tests/set_window_rect/set.py", "status": "OK", "message": null, "duration": 28062, "subtests": [{"status": "FAIL", "message": "TypeError: object of type 'NoneType' has no len()", "name": "test_current_top_level_browsing_context_no_longer_open"}, {"status": "FAIL", "message": "assert 200 == 400", "name": "test_invalid_types[rect0]"}, {"status": "FAIL", "message": "assert 200 == 400", "name": "test_invalid_types[rect1]"}, {"status": "FAIL", "message": "assert 200 == 400", "name": "test_invalid_types[rect2]"}, {"status": "FAIL", "message": "assert 200 == 400", "name": "test_invalid_types[rect3]"}, {"status": "FAIL", "message": "assert 200 == 400", "name": "test_invalid_types[rect4]"}, {"status": "FAIL", "message": "assert 200 == 400", "name": "test_invalid_types[rect5]"}, {"status": "FAIL", "message": "assert 200 == 400", "name": "test_invalid_types[rect6]"}, {"status": "FAIL", "message": "assert 200 == 400", "name": "test_invalid_types[rect7]"}, {"status": "FAIL", "message": "assert 200 == 400", "name": "test_invalid_types[rect8]"}, {"status": "FAIL", "message": "assert 200 == 400", "name": "test_invalid_types[rect9]"}, {"status": "FAIL", "message": "assert 200 == 400", "name": "test_invalid_types[rect10]"}, {"status": "FAIL", "message": "assert 200 == 400", "name": "test_invalid_types[rect11]"}, {"status": "FAIL", "message": "assert 200 == 400", "name": "test_invalid_types[rect12]"}, {"status": "FAIL", "message": "assert 200 == 400", "name": "test_invalid_types[rect13]"}, {"status": "FAIL", "message": "assert 200 == 400", "name": "test_invalid_types[rect14]"}, {"status": "FAIL", "message": "assert 200 == 400", "name": "test_invalid_types[rect15]"}, {"status": "FAIL", "message": "assert 200 == 400", "name": "test_invalid_types[rect16]"}, {"status": "FAIL", "message": "assert 200 == 400", "name": "test_invalid_types[rect17]"}, {"status": "FAIL", "message": "assert 200 == 400", "name": "test_invalid_types[rect18]"}, {"status": "FAIL", "message": "assert 200 == 400", "name": "test_invalid_types[rect19]"}, {"status": "FAIL", "message": "assert 200 == 400", "name": "test_invalid_types[rect20]"}, {"status": "FAIL", "message": "assert 200 == 400", "name": "test_invalid_types[rect21]"}, {"status": "FAIL", "message": "assert 200 == 400", "name": "test_invalid_types[rect22]"}, {"status": "FAIL", "message": "assert 200 == 400", "name": "test_invalid_types[rect23]"}, {"status": "FAIL", "message": "assert 200 == 400", "name": "test_invalid_types[rect24]"}, {"status": "FAIL", "message": "assert 200 == 400", "name": "test_invalid_types[rect25]"}, {"status": "FAIL", "message": "assert 200 == 400", "name": "test_invalid_types[rect26]"}, {"status": "FAIL", "message": "assert 200 == 400", "name": "test_invalid_types[rect27]"}, {"status": "FAIL", "message": "assert 200 == 400", "name": "test_out_of_bounds[rect0]"}, {"status": "FAIL", "message": "assert 200 == 400", "name": "test_out_of_bounds[rect1]"}, {"status": "FAIL", "message": "assert 200 == 400", "name": "test_out_of_bounds[rect2]"}, {"status": "PASS", "message": null, "name": "test_width_height_floats"}, {"status": "PASS", "message": null, "name": "test_x_y_floats"}, {"status": "PASS", "message": null, "name": "test_no_change[rect0]"}, {"status": "PASS", "message": null, "name": "test_no_change[rect1]"}, {"status": "PASS", "message": null, "name": "test_no_change[rect2]"}, {"status": "PASS", "message": null, "name": "test_no_change[rect3]"}, {"status": "PASS", "message": null, "name": "test_no_change[rect4]"}, {"status": "PASS", "message": null, "name": "test_no_change[rect5]"}, {"status": "PASS", "message": null, "name": "test_no_change[rect6]"}, {"status": "PASS", "message": null, "name": "test_no_change[rect7]"}, {"status": "PASS", "message": null, "name": "test_no_change[rect8]"}, {"status": "PASS", "message": null, "name": "test_no_change[rect9]"}, {"status": "PASS", "message": null, "name": "test_no_change[rect10]"}, {"status": "PASS", "message": null, "name": "test_no_change[rect11]"}, {"status": "PASS", "message": null, "name": "test_no_change[rect12]"}, {"status": "PASS", "message": null, "name": "test_no_change[rect13]"}, {"status": "PASS", "message": null, "name": "test_no_change[rect14]"}, {"status": "PASS", "message": null, "name": "test_no_change[rect15]"}, {"status": "PASS", "message": null, "name": "test_no_change[rect16]"}, {"status": "PASS", "message": null, "name": "test_no_change[rect17]"}, {"status": "PASS", "message": null, "name": "test_no_change[rect18]"}, {"status": "PASS", "message": null, "name": "test_no_change[rect19]"}, {"status": "FAIL", "message": "assert False is True", "name": "test_fully_exit_fullscreen"}, {"status": "PASS", "message": null, "name": "test_restore_from_minimized"}, {"status": "PASS", "message": null, "name": "test_restore_from_maximized"}, {"status": "PASS", "message": null, "name": "test_height_width"}, {"status": "PASS", "message": null, "name": "test_height_width_larger_than_max"}, {"status": "PASS", "message": null, "name": "test_height_width_as_current"}, {"status": "PASS", "message": null, "name": "test_x_y"}, {"status": "FAIL", "message": "KeyError: 'platformName'", "name": "test_negative_x_y"}, {"status": "PASS", "message": null, "name": "test_move_to_same_position"}, {"status": "PASS", "message": null, "name": "test_move_to_same_x"}, {"status": "PASS", "message": null, "name": "test_move_to_same_y"}, {"status": "PASS", "message": null, "name": "test_resize_to_same_size"}, {"status": "PASS", "message": null, "name": "test_resize_to_same_width"}, {"status": "PASS", "message": null, "name": "test_resize_to_same_height"}, {"status": "PASS", "message": null, "name": "test_payload"}]}, {"test": "/webdriver/tests/send_alert_text/send.py", "status": "OK", "message": null, "duration": 6820, "subtests": [{"status": "FAIL", "message": "assert 500 == 400", "name": "test_invalid_input[None]"}, {"status": "FAIL", "message": "assert 500 == 400", "name": "test_invalid_input[text1]"}, {"status": "FAIL", "message": "assert 500 == 400", "name": "test_invalid_input[text2]"}, {"status": "FAIL", "message": "assert 500 == 400", "name": "test_invalid_input[42]"}, {"status": "FAIL", "message": "assert 500 == 400", "name": "test_invalid_input[True]"}, {"status": "FAIL", "message": "TypeError: object of type 'NoneType' has no len()", "name": "test_no_browsing_context"}, {"status": "PASS", "message": null, "name": "test_no_user_prompt"}, {"status": "PASS", "message": null, "name": "test_alert_element_not_interactable"}, {"status": "PASS", "message": null, "name": "test_confirm_element_not_interactable"}, {"status": "PASS", "message": null, "name": "test_send_alert_text"}, {"status": "PASS", "message": null, "name": "test_send_alert_text_with_whitespace"}]}, {"test": "/webdriver/tests/find_elements_from_element/find.py", "status": "OK", "message": null, "duration": 12243, "subtests": [{"status": "FAIL", "message": "assert 404 == 400", "name": "test_invalid_using_argument[a]"}, {"status": "PASS", "message": null, "name": "test_invalid_using_argument[True]"}, {"status": "PASS", "message": null, "name": "test_invalid_using_argument[None]"}, {"status": "PASS", "message": null, "name": "test_invalid_using_argument[1]"}, {"status": "PASS", "message": null, "name": "test_invalid_using_argument[using4]"}, {"status": "PASS", "message": null, "name": "test_invalid_using_argument[using5]"}, {"status": "PASS", "message": null, "name": "test_invalid_selector_argument[None]"}, {"status": "PASS", "message": null, "name": "test_invalid_selector_argument[value1]"}, {"status": "PASS", "message": null, "name": "test_invalid_selector_argument[value2]"}, {"status": "FAIL", "message": "TypeError: object of type 'NoneType' has no len()", "name": "test_closed_context"}, {"status": "PASS", "message": null, "name": "test_find_elements[css selector-#linkText]"}, {"status": "PASS", "message": null, "name": "test_find_elements[link text-full link text]"}, {"status": "PASS", "message": null, "name": "test_find_elements[partial link text-link text]"}, {"status": "PASS", "message": null, "name": "test_find_elements[tag name-a]"}, {"status": "PASS", "message": null, "name": "test_find_elements[xpath-//a]"}, {"status": "PASS", "message": null, "name": "test_find_elements_link_text[<a href=#>link text</a>-link text]"}, {"status": "FAIL", "message": "assert 0 == 1", "name": "test_find_elements_link_text[<a href=#>&nbsp;link text&nbsp;</a>-link text]"}, {"status": "PASS", "message": null, "name": "test_find_elements_link_text[<a href=#>link<br>text</a>-link\ntext]"}, {"status": "PASS", "message": null, "name": "test_find_elements_link_text[<a href=#>link&amp;text</a>-link&text]"}, {"status": "PASS", "message": null, "name": "test_find_elements_link_text[<a href=#>LINK TEXT</a>-LINK TEXT]"}, {"status": "PASS", "message": null, "name": "test_find_elements_link_text[<a href=# style='text-transform: uppercase'>link text</a>-LINK TEXT]"}, {"status": "PASS", "message": null, "name": "test_find_elements_partial_link_text[<a href=#>partial link text</a>-link]"}, {"status": "PASS", "message": null, "name": "test_find_elements_partial_link_text[<a href=#>&nbsp;partial link text&nbsp;</a>-link]"}, {"status": "PASS", "message": null, "name": "test_find_elements_partial_link_text[<a href=#>partial link text</a>-k t]"}, {"status": "PASS", "message": null, "name": "test_find_elements_partial_link_text[<a href=#>partial link<br>text</a>-k\nt]"}, {"status": "PASS", "message": null, "name": "test_find_elements_partial_link_text[<a href=#>partial link&amp;text</a>-k&t]"}, {"status": "PASS", "message": null, "name": "test_find_elements_partial_link_text[<a href=#>PARTIAL LINK TEXT</a>-LINK]"}, {"status": "PASS", "message": null, "name": "test_find_elements_partial_link_text[<a href=# style='text-transform: uppercase'>partial link text</a>-LINK]"}, {"status": "PASS", "message": null, "name": "test_no_element[css selector-#wontExist]"}, {"status": "PASS", "message": null, "name": "test_xhtml_namespace[css selector-#linkText]"}, {"status": "PASS", "message": null, "name": "test_xhtml_namespace[link text-full link text]"}, {"status": "PASS", "message": null, "name": "test_xhtml_namespace[partial link text-link text]"}, {"status": "PASS", "message": null, "name": "test_xhtml_namespace[tag name-a]"}, {"status": "PASS", "message": null, "name": "test_xhtml_namespace[xpath-//*[name()='a']]"}, {"status": "PASS", "message": null, "name": "test_parent_htmldocument"}, {"status": "PASS", "message": null, "name": "test_parent_of_document_node_errors"}]}, {"test": "/webdriver/tests/accept_alert/accept.py", "status": "OK", "message": null, "duration": 6008, "subtests": [{"status": "FAIL", "message": "TypeError: object of type 'NoneType' has no len()", "name": "test_no_browsing_context"}, {"status": "PASS", "message": null, "name": "test_no_user_prompt"}, {"status": "PASS", "message": null, "name": "test_accept_alert"}, {"status": "PASS", "message": null, "name": "test_accept_confirm"}, {"status": "PASS", "message": null, "name": "test_accept_prompt"}]}, {"test": "/webdriver/tests/set_window_rect/user_prompts.py", "status": "OK", "message": null, "duration": 8177, "subtests": [{"status": "PASS", "message": null, "name": "test_handle_prompt_dismiss"}, {"status": "FAIL", "message": "AssertionError: Dialog with text 'dismiss #1' was not handled.", "name": "test_handle_prompt_accept"}, {"status": "PASS", "message": null, "name": "test_handle_prompt_dismiss_and_notify"}, {"status": "PASS", "message": null, "name": "test_handle_prompt_accept_and_notify"}, {"status": "PASS", "message": null, "name": "test_handle_prompt_ignore"}, {"status": "FAIL", "message": "assert 200 == 500", "name": "test_handle_prompt_missing_value"}]}, {"test": "/webdriver/tests/is_element_selected/selected.py", "status": "OK", "message": null, "duration": 6369, "subtests": [{"status": "FAIL", "message": "TypeError: object of type 'NoneType' has no len()", "name": "test_no_browsing_context"}, {"status": "PASS", "message": null, "name": "test_element_stale"}, {"status": "PASS", "message": null, "name": "test_element_checked"}, {"status": "PASS", "message": null, "name": "test_checkbox_not_selected"}, {"status": "PASS", "message": null, "name": "test_element_selected"}, {"status": "PASS", "message": null, "name": "test_element_not_selected"}]}, {"test": "/webdriver/tests/find_element_from_element/find.py", "status": "OK", "message": null, "duration": 12857, "subtests": [{"status": "FAIL", "message": "assert 404 == 400", "name": "test_invalid_using_argument[a]"}, {"status": "PASS", "message": null, "name": "test_invalid_using_argument[True]"}, {"status": "PASS", "message": null, "name": "test_invalid_using_argument[None]"}, {"status": "PASS", "message": null, "name": "test_invalid_using_argument[1]"}, {"status": "PASS", "message": null, "name": "test_invalid_using_argument[using4]"}, {"status": "PASS", "message": null, "name": "test_invalid_using_argument[using5]"}, {"status": "PASS", "message": null, "name": "test_invalid_selector_argument[None]"}, {"status": "PASS", "message": null, "name": "test_invalid_selector_argument[value1]"}, {"status": "PASS", "message": null, "name": "test_invalid_selector_argument[value2]"}, {"status": "FAIL", "message": "TypeError: object of type 'NoneType' has no len()", "name": "test_closed_context"}, {"status": "PASS", "message": null, "name": "test_find_element[css selector-#linkText]"}, {"status": "PASS", "message": null, "name": "test_find_element[link text-full link text]"}, {"status": "PASS", "message": null, "name": "test_find_element[partial link text-link text]"}, {"status": "PASS", "message": null, "name": "test_find_element[tag name-a]"}, {"status": "PASS", "message": null, "name": "test_find_element[xpath-//a]"}, {"status": "PASS", "message": null, "name": "test_find_element_link_text[<a href=#>link text</a>-link text]"}, {"status": "FAIL", "message": "AssertionError: no such element (404): Unable to locate element{\"method\"\"link text\",\"selector\"\"link text\"}(Session infochrome=67.0.3396.87)", "name": "test_find_element_link_text[<a href=#>&nbsp;link text&nbsp;</a>-link text]"}, {"status": "PASS", "message": null, "name": "test_find_element_link_text[<a href=#>link<br>text</a>-link\ntext]"}, {"status": "PASS", "message": null, "name": "test_find_element_link_text[<a href=#>link&amp;text</a>-link&text]"}, {"status": "PASS", "message": null, "name": "test_find_element_link_text[<a href=#>LINK TEXT</a>-LINK TEXT]"}, {"status": "PASS", "message": null, "name": "test_find_element_link_text[<a href=# style='text-transform: uppercase'>link text</a>-LINK TEXT]"}, {"status": "PASS", "message": null, "name": "test_find_element_partial_link_text[<a href=#>partial link text</a>-link]"}, {"status": "PASS", "message": null, "name": "test_find_element_partial_link_text[<a href=#>&nbsp;partial link text&nbsp;</a>-link]"}, {"status": "PASS", "message": null, "name": "test_find_element_partial_link_text[<a href=#>partial link text</a>-k t]"}, {"status": "PASS", "message": null, "name": "test_find_element_partial_link_text[<a href=#>partial link<br>text</a>-k\nt]"}, {"status": "PASS", "message": null, "name": "test_find_element_partial_link_text[<a href=#>partial link&amp;text</a>-k&t]"}, {"status": "PASS", "message": null, "name": "test_find_element_partial_link_text[<a href=#>PARTIAL LINK TEXT</a>-LINK]"}, {"status": "PASS", "message": null, "name": "test_find_element_partial_link_text[<a href=# style='text-transform: uppercase'>partial link text</a>-LINK]"}, {"status": "PASS", "message": null, "name": "test_no_element[css selector-#wontExist]"}, {"status": "PASS", "message": null, "name": "test_xhtml_namespace[css selector-#linkText]"}, {"status": "PASS", "message": null, "name": "test_xhtml_namespace[link text-full link text]"}, {"status": "PASS", "message": null, "name": "test_xhtml_namespace[partial link text-link text]"}, {"status": "PASS", "message": null, "name": "test_xhtml_namespace[tag name-a]"}, {"status": "PASS", "message": null, "name": "test_xhtml_namespace[xpath-//*[name()='a']]"}, {"status": "PASS", "message": null, "name": "test_parent_htmldocument"}, {"status": "PASS", "message": null, "name": "test_parent_of_document_node_errors"}]}, {"test": "/webdriver/tests/actions/key.py", "status": "OK", "message": null, "duration": 23446, "subtests": [{"status": "FAIL", "message": "UnknownCommandException: unknown command (404): (Session infochrome=67.0.3396.87)", "name": "test_lone_keyup_sends_no_events"}, {"status": "ERROR", "message": "teardown error", "name": "test_lone_keyup_sends_no_events"}, {"status": "FAIL", "message": "UnknownCommandException: unknown command (404): (Session infochrome=67.0.3396.87)", "name": "test_single_printable_key_sends_correct_events[a-KeyA0]"}, {"status": "ERROR", "message": "teardown error", "name": "test_single_printable_key_sends_correct_events[a-KeyA0]"}, {"status": "FAIL", "message": "UnknownCommandException: unknown command (404): (Session infochrome=67.0.3396.87)", "name": "test_single_printable_key_sends_correct_events[a-KeyA1]"}, {"status": "ERROR", "message": "teardown error", "name": "test_single_printable_key_sends_correct_events[a-KeyA1]"}, {"status": "FAIL", "message": "UnknownCommandException: unknown command (404): (Session infochrome=67.0.3396.87)", "name": "test_single_printable_key_sends_correct_events[\"-Quote]"}, {"status": "ERROR", "message": "teardown error", "name": "test_single_printable_key_sends_correct_events[\"-Quote]"}, {"status": "FAIL", "message": "UnknownCommandException: unknown command (404): (Session infochrome=67.0.3396.87)", "name": "test_single_printable_key_sends_correct_events[,-Comma]"}, {"status": "ERROR", "message": "teardown error", "name": "test_single_printable_key_sends_correct_events[,-Comma]"}, {"status": "FAIL", "message": "UnknownCommandException: unknown command (404): (Session infochrome=67.0.3396.87)", "name": "test_single_printable_key_sends_correct_events[\\xe0-]"}, {"status": "ERROR", "message": "teardown error", "name": "test_single_printable_key_sends_correct_events[\\xe0-]"}, {"status": "FAIL", "message": "UnknownCommandException: unknown command (404): (Session infochrome=67.0.3396.87)", "name": "test_single_printable_key_sends_correct_events[\\u0416-]"}, {"status": "ERROR", "message": "teardown error", "name": "test_single_printable_key_sends_correct_events[\\u0416-]"}, {"status": "FAIL", "message": "UnknownCommandException: unknown command (404): (Session infochrome=67.0.3396.87)", "name": "test_single_printable_key_sends_correct_events[@-Digit2]"}, {"status": "ERROR", "message": "teardown error", "name": "test_single_printable_key_sends_correct_events[@-Digit2]"}, {"status": "FAIL", "message": "UnknownCommandException: unknown command (404): (Session infochrome=67.0.3396.87)", "name": "test_single_printable_key_sends_correct_events[\\u2603-]"}, {"status": "ERROR", "message": "teardown error", "name": "test_single_printable_key_sends_correct_events[\\u2603-]"}, {"status": "FAIL", "message": "UnknownCommandException: unknown command (404): (Session infochrome=67.0.3396.87)", "name": "test_single_printable_key_sends_correct_events[\\uf6c2-]"}, {"status": "ERROR", "message": "teardown error", "name": "test_single_printable_key_sends_correct_events[\\uf6c2-]"}, {"status": "FAIL", "message": "UnknownCommandException: unknown command (404): (Session infochrome=67.0.3396.87)", "name": "test_single_emoji_records_correct_key[\\U0001f604]"}, {"status": "ERROR", "message": "teardown error", "name": "test_single_emoji_records_correct_key[\\U0001f604]"}, {"status": "FAIL", "message": "UnknownCommandException: unknown command (404): (Session infochrome=67.0.3396.87)", "name": "test_single_emoji_records_correct_key[\\U0001f60d]"}, {"status": "ERROR", "message": "teardown error", "name": "test_single_emoji_records_correct_key[\\U0001f60d]"}, {"status": "FAIL", "message": "UnknownCommandException: unknown command (404): (Session infochrome=67.0.3396.87)", "name": "test_single_modifier_key_sends_correct_events[\\ue050-ShiftRight-Shift]"}, {"status": "ERROR", "message": "teardown error", "name": "test_single_modifier_key_sends_correct_events[\\ue050-ShiftRight-Shift]"}, {"status": "FAIL", "message": "UnknownCommandException: unknown command (404): (Session infochrome=67.0.3396.87)", "name": "test_single_modifier_key_sends_correct_events[\\ue053-OSRight-Meta]"}, {"status": "ERROR", "message": "teardown error", "name": "test_single_modifier_key_sends_correct_events[\\ue053-OSRight-Meta]"}, {"status": "FAIL", "message": "UnknownCommandException: unknown command (404): (Session infochrome=67.0.3396.87)", "name": "test_single_modifier_key_sends_correct_events[\\ue009-ControlLeft-Control]"}, {"status": "ERROR", "message": "teardown error", "name": "test_single_modifier_key_sends_correct_events[\\ue009-ControlLeft-Control]"}, {"status": "FAIL", "message": "UnknownCommandException: unknown command (404): (Session infochrome=67.0.3396.87)", "name": "test_single_nonprintable_key_sends_events[\\ue00c-Escape-Escape]"}, {"status": "ERROR", "message": "teardown error", "name": "test_single_nonprintable_key_sends_events[\\ue00c-Escape-Escape]"}, {"status": "FAIL", "message": "UnknownCommandException: unknown command (404): (Session infochrome=67.0.3396.87)", "name": "test_single_nonprintable_key_sends_events[\\ue014-ArrowRight-ArrowRight]"}, {"status": "ERROR", "message": "teardown error", "name": "test_single_nonprintable_key_sends_events[\\ue014-ArrowRight-ArrowRight]"}, {"status": "FAIL", "message": "UnknownCommandException: unknown command (404): (Session infochrome=67.0.3396.87)", "name": "test_sequence_of_keydown_printable_keys_sends_events"}, {"status": "ERROR", "message": "teardown error", "name": "test_sequence_of_keydown_printable_keys_sends_events"}, {"status": "FAIL", "message": "UnknownCommandException: unknown command (404): (Session infochrome=67.0.3396.87)", "name": "test_sequence_of_keydown_character_keys"}, {"status": "ERROR", "message": "teardown error", "name": "test_sequence_of_keydown_character_keys"}, {"status": "FAIL", "message": "UnknownCommandException: unknown command (404): (Session infochrome=67.0.3396.87)", "name": "test_backspace_erases_keys"}, {"status": "ERROR", "message": "teardown error", "name": "test_backspace_erases_keys"}]}, {"test": "/webdriver/tests/actions/key_shortcuts.py", "status": "OK", "message": null, "duration": 8097, "subtests": [{"status": "FAIL", "message": "UnknownCommandException: unknown command (404): (Session infochrome=67.0.3396.87)", "name": "test_mod_a_and_backspace_deletes_all_text"}, {"status": "ERROR", "message": "teardown error", "name": "test_mod_a_and_backspace_deletes_all_text"}, {"status": "FAIL", "message": "UnknownCommandException: unknown command (404): (Session infochrome=67.0.3396.87)", "name": "test_mod_a_mod_c_right_mod_v_pastes_text"}, {"status": "ERROR", "message": "teardown error", "name": "test_mod_a_mod_c_right_mod_v_pastes_text"}, {"status": "FAIL", "message": "UnknownCommandException: unknown command (404): (Session infochrome=67.0.3396.87)", "name": "test_mod_a_mod_x_deletes_all_text"}, {"status": "ERROR", "message": "teardown error", "name": "test_mod_a_mod_x_deletes_all_text"}]}, {"test": "/webdriver/tests/element_send_keys/content_editable.py", "status": "OK", "message": null, "duration": 1092, "subtests": [{"status": "FAIL", "message": "UnknownErrorException: unknown error (500): 'value' must be a list(Session infochrome=67.0.3396.87)", "name": "test_sets_insertion_point_to_end"}, {"status": "FAIL", "message": "UnknownErrorException: unknown error (500): 'value' must be a list(Session infochrome=67.0.3396.87)", "name": "test_sets_insertion_point_to_after_last_text_node"}]}, {"test": "/webdriver/tests/element_click/stale.py", "status": "OK", "message": null, "duration": 469, "subtests": [{"status": "PASS", "message": null, "name": "test_is_stale"}]}, {"test": "/webdriver/tests/execute_script/cyclic.py", "status": "OK", "message": null, "duration": 4800, "subtests": [{"status": "FAIL", "message": "AssertionError: assert 'unknown error' == 'javascript error'", "name": "test_array"}, {"status": "FAIL", "message": "AssertionError: assert 'unknown error' == 'javascript error'", "name": "test_object"}, {"status": "FAIL", "message": "AssertionError: assert 'unknown error' == 'javascript error'", "name": "test_array_in_object"}, {"status": "FAIL", "message": "AssertionError: assert 'unknown error' == 'javascript error'", "name": "test_object_in_array"}]}, {"test": "/webdriver/tests/delete_cookie/user_prompts.py", "status": "OK", "message": null, "duration": 6612, "subtests": [{"status": "PASS", "message": null, "name": "test_handle_prompt_dismiss_and_notify"}, {"status": "PASS", "message": null, "name": "test_handle_prompt_accept_and_notify"}, {"status": "PASS", "message": null, "name": "test_handle_prompt_ignore"}, {"status": "FAIL", "message": "assert 500 == 200", "name": "test_handle_prompt_accept"}, {"status": "FAIL", "message": "AssertionError: Dialog with text 'dismiss #1' was not handled.", "name": "test_handle_prompt_missing_value"}]}, {"test": "/webdriver/tests/is_element_selected/user_prompts.py", "status": "OK", "message": null, "duration": 10503, "subtests": [{"status": "FAIL", "message": "AssertionError: unexpected alert open (500): {Alert textdismiss #1}(Session infochrome=67.0.3396.87)", "name": "test_handle_prompt_dismiss"}, {"status": "FAIL", "message": "AssertionError: unexpected alert open (500): {Alert textdismiss #1}(Session infochrome=67.0.3396.87)", "name": "test_handle_prompt_accept"}, {"status": "FAIL", "message": "AssertionError: Dialog with text 'dismiss #1' was not handled.", "name": "test_handle_prompt_missing_value"}]}, {"test": "/webdriver/tests/element_send_keys/scroll_into_view.py", "status": "OK", "message": null, "duration": 6332, "subtests": [{"status": "FAIL", "message": "AssertionError: unknown error (500): 'value' must be a list(Session infochrome=67.0.3396.87)", "name": "test_element_outside_of_not_scrollable_viewport"}, {"status": "FAIL", "message": "AssertionError: unknown error (500): 'value' must be a list(Session infochrome=67.0.3396.87)", "name": "test_element_outside_of_scrollable_viewport"}, {"status": "FAIL", "message": "AssertionError: unknown error (500): 'value' must be a list(Session infochrome=67.0.3396.87)", "name": "test_option_select_container_outside_of_scrollable_viewport"}, {"status": "FAIL", "message": "AssertionError: unknown error (500): 'value' must be a list(Session infochrome=67.0.3396.87)", "name": "test_option_stays_outside_of_scrollable_viewport"}, {"status": "FAIL", "message": "AssertionError: unknown error (500): 'value' must be a list(Session infochrome=67.0.3396.87)", "name": "test_contenteditable_element_outside_of_scrollable_viewport"}]}, {"test": "/webdriver/tests/maximize_window/maximize.py", "status": "OK", "message": null, "duration": 7410, "subtests": [{"status": "FAIL", "message": "TypeError: object of type 'NoneType' has no len()", "name": "test_no_browsing_context"}, {"status": "FAIL", "message": "assert False is True", "name": "test_fully_exit_fullscreen"}, {"status": "PASS", "message": null, "name": "test_restore_the_window"}, {"status": "PASS", "message": null, "name": "test_maximize"}, {"status": "FAIL", "message": "assert False", "name": "test_payload"}, {"status": "PASS", "message": null, "name": "test_maximize_twice_is_idempotent"}]}, {"test": "/webdriver/tests/actions/sequence.py", "status": "OK", "message": null, "duration": 6238, "subtests": [{"status": "FAIL", "message": "UnknownCommandException: unknown command (404): (Session infochrome=67.0.3396.87)", "name": "test_no_actions_send_no_events"}, {"status": "ERROR", "message": "teardown error", "name": "test_no_actions_send_no_events"}, {"status": "FAIL", "message": "UnknownCommandException: unknown command (404): (Session infochrome=67.0.3396.87)", "name": "test_release_char_sequence_sends_keyup_events_in_reverse"}, {"status": "ERROR", "message": "teardown error", "name": "test_release_char_sequence_sends_keyup_events_in_reverse"}, {"status": "FAIL", "message": "UnknownCommandException: unknown command (404): (Session infochrome=67.0.3396.87)", "name": "test_release_no_actions_sends_no_events"}, {"status": "ERROR", "message": "teardown error", "name": "test_release_no_actions_sends_no_events"}]}, {"test": "/webdriver/tests/execute_async_script/collections.py", "status": "OK", "message": null, "duration": 6102, "subtests": [{"status": "PASS", "message": null, "name": "test_arguments"}, {"status": "PASS", "message": null, "name": "test_array"}, {"status": "FAIL", "message": "UnknownErrorException: unknown error (500): 'value' must be a list(Session infochrome=67.0.3396.87)", "name": "test_file_list"}, {"status": "FAIL", "message": "AssertionError: assert False", "name": "test_html_all_collection"}, {"status": "PASS", "message": null, "name": "test_html_collection"}, {"status": "PASS", "message": null, "name": "test_html_form_controls_collection"}, {"status": "PASS", "message": null, "name": "test_html_options_collection"}, {"status": "PASS", "message": null, "name": "test_node_list"}]}, {"test": "/webdriver/tests/get_timeouts/get.py", "status": "OK", "message": null, "duration": 4918, "subtests": [{"status": "PASS", "message": null, "name": "test_get_timeouts"}, {"status": "PASS", "message": null, "name": "test_get_default_timeouts"}, {"status": "FAIL", "message": "UnknownErrorException: unknown error (500): 'ms' must be a double(Session infochrome=67.0.3396.87)", "name": "test_get_new_timeouts"}]}, {"test": "/webdriver/tests/new_session/merge.py", "status": "OK", "message": null, "duration": 18887, "subtests": [{"status": "FAIL", "message": "KeyError: 'platformName'", "name": "test_platform_name[body0]"}, {"status": "FAIL", "message": "KeyError: 'capabilities'", "name": "test_platform_name[body1]"}, {"status": "FAIL", "message": "Failed: DID NOT RAISE <class 'webdriver.error.InvalidArgumentException'>", "name": "test_merge_invalid[acceptInsecureCerts-value0]"}, {"status": "FAIL", "message": "Failed: DID NOT RAISE <class 'webdriver.error.InvalidArgumentException'>", "name": "test_merge_invalid[unhandledPromptBehavior-value1]"}, {"status": "FAIL", "message": "Failed: DID NOT RAISE <class 'webdriver.error.InvalidArgumentException'>", "name": "test_merge_invalid[unhandledPromptBehavior-value2]"}, {"status": "FAIL", "message": "Failed: DID NOT RAISE <class 'webdriver.error.InvalidArgumentException'>", "name": "test_merge_invalid[timeouts-value3]"}, {"status": "FAIL", "message": "Failed: DID NOT RAISE <class 'webdriver.error.InvalidArgumentException'>", "name": "test_merge_invalid[timeouts-value4]"}, {"status": "FAIL", "message": "KeyError: 'platformName'", "name": "test_merge_platformName"}, {"status": "FAIL", "message": "KeyError: 'browserVersion'", "name": "test_merge_browserName"}]}, {"test": "/webdriver/tests/element_send_keys/interactability.py", "status": "OK", "message": null, "duration": 7564, "subtests": [{"status": "FAIL", "message": "AssertionError: unknown error (500): 'value' must be a list(Session infochrome=67.0.3396.87)", "name": "test_body_is_interactable"}, {"status": "FAIL", "message": "AssertionError: unknown error (500): 'value' must be a list(Session infochrome=67.0.3396.87)", "name": "test_document_element_is_interactable"}, {"status": "FAIL", "message": "AssertionError: unknown error (500): 'value' must be a list(Session infochrome=67.0.3396.87)", "name": "test_iframe_is_interactable"}, {"status": "FAIL", "message": "AssertionError: unknown error (500): 'value' must be a list(Session infochrome=67.0.3396.87)", "name": "test_transparent_element"}, {"status": "FAIL", "message": "AssertionError: unknown error (500): 'value' must be a list(Session infochrome=67.0.3396.87)", "name": "test_readonly_element"}, {"status": "FAIL", "message": "AssertionError: unknown error (500): 'value' must be a list(Session infochrome=67.0.3396.87)", "name": "test_obscured_element"}, {"status": "FAIL", "message": "assert 500 == 400", "name": "test_not_a_focusable_element"}, {"status": "FAIL", "message": "assert 500 == 400", "name": "test_not_displayed_element"}, {"status": "FAIL", "message": "assert 500 == 400", "name": "test_hidden_element"}, {"status": "FAIL", "message": "assert 500 == 400", "name": "test_disabled_element"}]}, {"test": "/webdriver/tests/get_active_element/get.py", "status": "OK", "message": null, "duration": 6690, "subtests": [{"status": "FAIL", "message": "TypeError: object of type 'NoneType' has no len()", "name": "test_closed_context"}, {"status": "PASS", "message": null, "name": "test_success_document"}, {"status": "PASS", "message": null, "name": "test_sucess_input"}, {"status": "PASS", "message": null, "name": "test_sucess_input_non_interactable"}, {"status": "PASS", "message": null, "name": "test_success_explicit_focus"}, {"status": "PASS", "message": null, "name": "test_success_iframe_content"}, {"status": "FAIL", "message": "assert 200 == 404", "name": "test_missing_document_element"}]}, {"test": "/webdriver/tests/add_cookie/add.py", "status": "OK", "message": null, "duration": 5888, "subtests": [{"status": "PASS", "message": null, "name": "test_add_domain_cookie"}, {"status": "PASS", "message": null, "name": "test_add_cookie_for_ip"}, {"status": "PASS", "message": null, "name": "test_add_non_session_cookie"}, {"status": "FAIL", "message": "AssertionError: assert 2159804493L is None", "name": "test_add_session_cookie"}, {"status": "PASS", "message": null, "name": "test_add_session_cookie_with_leading_dot_character_in_domain"}]}, {"test": "/webdriver/tests/find_element/find.py", "status": "OK", "message": null, "duration": 13120, "subtests": [{"status": "FAIL", "message": "assert 500 == 400", "name": "test_invalid_using_argument[a]"}, {"status": "PASS", "message": null, "name": "test_invalid_using_argument[True]"}, {"status": "PASS", "message": null, "name": "test_invalid_using_argument[None]"}, {"status": "PASS", "message": null, "name": "test_invalid_using_argument[1]"}, {"status": "PASS", "message": null, "name": "test_invalid_using_argument[using4]"}, {"status": "PASS", "message": null, "name": "test_invalid_using_argument[using5]"}, {"status": "PASS", "message": null, "name": "test_invalid_selector_argument[None]"}, {"status": "PASS", "message": null, "name": "test_invalid_selector_argument[value1]"}, {"status": "PASS", "message": null, "name": "test_invalid_selector_argument[value2]"}, {"status": "FAIL", "message": "TypeError: object of type 'NoneType' has no len()", "name": "test_closed_context"}, {"status": "PASS", "message": null, "name": "test_find_element[css selector-#linkText]"}, {"status": "PASS", "message": null, "name": "test_find_element[link text-full link text]"}, {"status": "PASS", "message": null, "name": "test_find_element[partial link text-link text]"}, {"status": "PASS", "message": null, "name": "test_find_element[tag name-a]"}, {"status": "PASS", "message": null, "name": "test_find_element[xpath-//a]"}, {"status": "PASS", "message": null, "name": "test_find_element_link_text[<a href=#>link text</a>-link text]"}, {"status": "FAIL", "message": "AssertionError: no such element (404): Unable to locate element{\"method\"\"link text\",\"selector\"\"link text\"}(Session infochrome=67.0.3396.87)", "name": "test_find_element_link_text[<a href=#>&nbsp;link text&nbsp;</a>-link text]"}, {"status": "PASS", "message": null, "name": "test_find_element_link_text[<a href=#>link<br>text</a>-link\ntext]"}, {"status": "PASS", "message": null, "name": "test_find_element_link_text[<a href=#>link&amp;text</a>-link&text]"}, {"status": "PASS", "message": null, "name": "test_find_element_link_text[<a href=#>LINK TEXT</a>-LINK TEXT]"}, {"status": "PASS", "message": null, "name": "test_find_element_link_text[<a href=# style='text-transform: uppercase'>link text</a>-LINK TEXT]"}, {"status": "PASS", "message": null, "name": "test_find_element_partial_link_text[<a href=#>partial link text</a>-link]"}, {"status": "PASS", "message": null, "name": "test_find_element_partial_link_text[<a href=#>&nbsp;partial link text&nbsp;</a>-link]"}, {"status": "PASS", "message": null, "name": "test_find_element_partial_link_text[<a href=#>partial link text</a>-k t]"}, {"status": "PASS", "message": null, "name": "test_find_element_partial_link_text[<a href=#>partial link<br>text</a>-k\nt]"}, {"status": "PASS", "message": null, "name": "test_find_element_partial_link_text[<a href=#>partial link&amp;text</a>-k&t]"}, {"status": "PASS", "message": null, "name": "test_find_element_partial_link_text[<a href=#>PARTIAL LINK TEXT</a>-LINK]"}, {"status": "PASS", "message": null, "name": "test_find_element_partial_link_text[<a href=# style='text-transform: uppercase'>partial link text</a>-LINK]"}, {"status": "PASS", "message": null, "name": "test_no_element[css selector-#wontExist]"}, {"status": "PASS", "message": null, "name": "test_xhtml_namespace[css selector-#linkText]"}, {"status": "PASS", "message": null, "name": "test_xhtml_namespace[link text-full link text]"}, {"status": "PASS", "message": null, "name": "test_xhtml_namespace[partial link text-link text]"}, {"status": "PASS", "message": null, "name": "test_xhtml_namespace[tag name-a]"}, {"status": "PASS", "message": null, "name": "test_xhtml_namespace[xpath-//*[name()='a']]"}, {"status": "PASS", "message": null, "name": "test_htmldocument[css selector-:root]"}, {"status": "PASS", "message": null, "name": "test_htmldocument[tag name-html]"}, {"status": "PASS", "message": null, "name": "test_htmldocument[xpath-/html]"}]}, {"test": "/webdriver/tests/new_session/response.py", "status": "OK", "message": null, "duration": 9497, "subtests": [{"status": "PASS", "message": null, "name": "test_resp_sessionid"}, {"status": "FAIL", "message": "AssertionError: assert False", "name": "test_resp_capabilites"}, {"status": "FAIL", "message": "KeyError: 'browserVersion'", "name": "test_resp_data"}, {"status": "FAIL", "message": "KeyError: 'timeouts'", "name": "test_timeouts"}, {"status": "FAIL", "message": "UnknownErrorException: unknown error (500): cannot parse capabilitypageLoadStrategyfrom unknown errorpage load strategy unsupported", "name": "test_pageLoadStrategy"}]}, {"test": "/webdriver/tests/element_click/select.py", "status": "OK", "message": null, "duration": 7666, "subtests": [{"status": "PASS", "message": null, "name": "test_click_option"}, {"status": "PASS", "message": null, "name": "test_click_multiple_option"}, {"status": "PASS", "message": null, "name": "test_click_preselected_option"}, {"status": "PASS", "message": null, "name": "test_click_preselected_multiple_option"}, {"status": "PASS", "message": null, "name": "test_click_deselects_others"}, {"status": "PASS", "message": null, "name": "test_click_multiple_does_not_deselect_others"}, {"status": "PASS", "message": null, "name": "test_click_selected_option"}, {"status": "PASS", "message": null, "name": "test_click_selected_multiple_option"}, {"status": "PASS", "message": null, "name": "test_out_of_view_dropdown"}, {"status": "PASS", "message": null, "name": "test_out_of_view_multiple"}, {"status": "PASS", "message": null, "name": "test_option_disabled"}]}, {"test": "/webdriver/tests/get_window_rect/get.py", "status": "OK", "message": null, "duration": 4778, "subtests": [{"status": "FAIL", "message": "TypeError: object of type 'NoneType' has no len()", "name": "test_no_browsing_context"}, {"status": "PASS", "message": null, "name": "test_payload"}]}, {"test": "/webdriver/tests/find_elements/find.py", "status": "OK", "message": null, "duration": 12929, "subtests": [{"status": "FAIL", "message": "assert 500 == 400", "name": "test_invalid_using_argument[a]"}, {"status": "PASS", "message": null, "name": "test_invalid_using_argument[True]"}, {"status": "PASS", "message": null, "name": "test_invalid_using_argument[None]"}, {"status": "PASS", "message": null, "name": "test_invalid_using_argument[1]"}, {"status": "PASS", "message": null, "name": "test_invalid_using_argument[using4]"}, {"status": "PASS", "message": null, "name": "test_invalid_using_argument[using5]"}, {"status": "PASS", "message": null, "name": "test_invalid_selector_argument[None]"}, {"status": "PASS", "message": null, "name": "test_invalid_selector_argument[value1]"}, {"status": "PASS", "message": null, "name": "test_invalid_selector_argument[value2]"}, {"status": "FAIL", "message": "TypeError: object of type 'NoneType' has no len()", "name": "test_closed_context"}, {"status": "PASS", "message": null, "name": "test_find_elements[css selector-#linkText]"}, {"status": "PASS", "message": null, "name": "test_find_elements[link text-full link text]"}, {"status": "PASS", "message": null, "name": "test_find_elements[partial link text-link text]"}, {"status": "PASS", "message": null, "name": "test_find_elements[tag name-a]"}, {"status": "PASS", "message": null, "name": "test_find_elements[xpath-//a]"}, {"status": "PASS", "message": null, "name": "test_find_elements_link_text[<a href=#>link text</a>-link text]"}, {"status": "FAIL", "message": "assert 0 == 1", "name": "test_find_elements_link_text[<a href=#>&nbsp;link text&nbsp;</a>-link text]"}, {"status": "PASS", "message": null, "name": "test_find_elements_link_text[<a href=#>link<br>text</a>-link\ntext]"}, {"status": "PASS", "message": null, "name": "test_find_elements_link_text[<a href=#>link&amp;text</a>-link&text]"}, {"status": "PASS", "message": null, "name": "test_find_elements_link_text[<a href=#>LINK TEXT</a>-LINK TEXT]"}, {"status": "PASS", "message": null, "name": "test_find_elements_link_text[<a href=# style='text-transform: uppercase'>link text</a>-LINK TEXT]"}, {"status": "PASS", "message": null, "name": "test_find_elements_partial_link_text[<a href=#>partial link text</a>-link]"}, {"status": "PASS", "message": null, "name": "test_find_elements_partial_link_text[<a href=#>&nbsp;partial link text&nbsp;</a>-link]"}, {"status": "PASS", "message": null, "name": "test_find_elements_partial_link_text[<a href=#>partial link text</a>-k t]"}, {"status": "PASS", "message": null, "name": "test_find_elements_partial_link_text[<a href=#>partial link<br>text</a>-k\nt]"}, {"status": "PASS", "message": null, "name": "test_find_elements_partial_link_text[<a href=#>partial link&amp;text</a>-k&t]"}, {"status": "PASS", "message": null, "name": "test_find_elements_partial_link_text[<a href=#>PARTIAL LINK TEXT</a>-LINK]"}, {"status": "PASS", "message": null, "name": "test_find_elements_partial_link_text[<a href=# style='text-transform: uppercase'>partial link text</a>-LINK]"}, {"status": "PASS", "message": null, "name": "test_no_element[css selector-#wontExist]"}, {"status": "PASS", "message": null, "name": "test_xhtml_namespace[css selector-#linkText]"}, {"status": "PASS", "message": null, "name": "test_xhtml_namespace[link text-full link text]"}, {"status": "PASS", "message": null, "name": "test_xhtml_namespace[partial link text-link text]"}, {"status": "PASS", "message": null, "name": "test_xhtml_namespace[tag name-a]"}, {"status": "PASS", "message": null, "name": "test_xhtml_namespace[xpath-//*[name()='a']]"}, {"status": "PASS", "message": null, "name": "test_htmldocument[css selector-:root]"}, {"status": "PASS", "message": null, "name": "test_htmldocument[tag name-html]"}, {"status": "PASS", "message": null, "name": "test_htmldocument[xpath-/html]"}]}, {"test": "/webdriver/tests/fullscreen_window/user_prompts.py", "status": "OK", "message": null, "duration": 9722, "subtests": [{"status": "PASS", "message": null, "name": "test_handle_prompt_dismiss_and_notify"}, {"status": "PASS", "message": null, "name": "test_handle_prompt_accept_and_notify"}, {"status": "PASS", "message": null, "name": "test_handle_prompt_ignore"}, {"status": "FAIL", "message": "AssertionError: Dialog with text 'accept #1' was not handled.", "name": "test_handle_prompt_accept"}, {"status": "FAIL", "message": "assert 200 == 500", "name": "test_handle_prompt_missing_value"}]}, {"test": "/webdriver/tests/get_element_tag_name/get.py", "status": "OK", "message": null, "duration": 5561, "subtests": [{"status": "FAIL", "message": "TypeError: object of type 'NoneType' has no len()", "name": "test_no_browsing_context"}, {"status": "FAIL", "message": "AssertionError: assert 'stale element reference' == 'no such element'", "name": "test_element_not_found"}, {"status": "PASS", "message": null, "name": "test_element_stale"}, {"status": "PASS", "message": null, "name": "test_get_element_tag_name"}]}, {"test": "/webdriver/tests/actions/modifier_click.py", "status": "OK", "message": null, "duration": 8658, "subtests": [{"status": "FAIL", "message": "UnknownCommandException: unknown command (404): (Session infochrome=67.0.3396.87)", "name": "test_modifier_click[\\ue00a-altKey]"}, {"status": "ERROR", "message": "teardown error", "name": "test_modifier_click[\\ue00a-altKey]"}, {"status": "FAIL", "message": "UnknownCommandException: unknown command (404): (Session infochrome=67.0.3396.87)", "name": "test_modifier_click[\\ue052-altKey]"}, {"status": "ERROR", "message": "teardown error", "name": "test_modifier_click[\\ue052-altKey]"}, {"status": "FAIL", "message": "UnknownCommandException: unknown command (404): (Session infochrome=67.0.3396.87)", "name": "test_modifier_click[\\ue03d-metaKey]"}, {"status": "ERROR", "message": "teardown error", "name": "test_modifier_click[\\ue03d-metaKey]"}, {"status": "FAIL", "message": "UnknownCommandException: unknown command (404): (Session infochrome=67.0.3396.87)", "name": "test_modifier_click[\\ue053-metaKey]"}, {"status": "ERROR", "message": "teardown error", "name": "test_modifier_click[\\ue053-metaKey]"}, {"status": "FAIL", "message": "UnknownCommandException: unknown command (404): (Session infochrome=67.0.3396.87)", "name": "test_modifier_click[\\ue008-shiftKey]"}, {"status": "ERROR", "message": "teardown error", "name": "test_modifier_click[\\ue008-shiftKey]"}, {"status": "FAIL", "message": "UnknownCommandException: unknown command (404): (Session infochrome=67.0.3396.87)", "name": "test_modifier_click[\\ue050-shiftKey]"}, {"status": "ERROR", "message": "teardown error", "name": "test_modifier_click[\\ue050-shiftKey]"}, {"status": "FAIL", "message": "UnknownCommandException: unknown command (404): (Session infochrome=67.0.3396.87)", "name": "test_many_modifiers_click"}, {"status": "ERROR", "message": "teardown error", "name": "test_many_modifiers_click"}]}, {"test": "/webdriver/tests/get_title/get.py", "status": "OK", "message": null, "duration": 5804, "subtests": [{"status": "FAIL", "message": "TypeError: object of type 'NoneType' has no len()", "name": "test_no_browsing_context"}, {"status": "PASS", "message": null, "name": "test_title_from_top_context"}, {"status": "PASS", "message": null, "name": "test_title_with_duplicate_element"}, {"status": "PASS", "message": null, "name": "test_title_without_element"}, {"status": "PASS", "message": null, "name": "test_title_after_modification"}, {"status": "PASS", "message": null, "name": "test_title_strip_and_collapse"}, {"status": "FAIL", "message": "UnknownErrorException: unknown error (500): missing 'ELEMENT'(Session infochrome=67.0.3396.87)", "name": "test_title_from_frame"}]}, {"test": "/webdriver/tests/status/status.py", "status": "OK", "message": null, "duration": 3289, "subtests": [{"status": "FAIL", "message": "KeyError: 'ready'", "name": "test_get_status_no_session"}, {"status": "FAIL", "message": "KeyError: 'ready'", "name": "test_status_with_session_running_on_endpoint_node"}]}, {"test": "/webdriver/tests/get_element_tag_name/user_prompts.py", "status": "OK", "message": null, "duration": 9654, "subtests": [{"status": "FAIL", "message": "AssertionError: unexpected alert open (500): {Alert textdismiss #1}(Session infochrome=67.0.3396.87)", "name": "test_handle_prompt_dismiss"}, {"status": "FAIL", "message": "AssertionError: unexpected alert open (500): {Alert textdismiss #1}(Session infochrome=67.0.3396.87)", "name": "test_handle_prompt_accept"}, {"status": "FAIL", "message": "AssertionError: Dialog with text 'dismiss #1' was not handled.", "name": "test_handle_prompt_missing_value"}]}, {"test": "/webdriver/tests/actions/mouse_dblclick.py", "status": "OK", "message": null, "duration": 5737, "subtests": [{"status": "FAIL", "message": "UnknownCommandException: unknown command (404): (Session infochrome=67.0.3396.87)", "name": "test_dblclick_at_coordinates[0]"}, {"status": "ERROR", "message": "teardown error", "name": "test_dblclick_at_coordinates[0]"}, {"status": "FAIL", "message": "UnknownCommandException: unknown command (404): (Session infochrome=67.0.3396.87)", "name": "test_dblclick_at_coordinates[200]"}, {"status": "ERROR", "message": "teardown error", "name": "test_dblclick_at_coordinates[200]"}]}, {"test": "/webdriver/tests/element_click/bubbling.py", "status": "OK", "message": null, "duration": 5580, "subtests": [{"status": "PASS", "message": null, "name": "test_click_event_bubbles_to_parents"}, {"status": "FAIL", "message": "assert <Element ccad8808-0f03-4acd-bdeb-1ffd33297bc5> in []", "name": "test_spin_event_loop"}, {"status": "PASS", "message": null, "name": "test_element_disappears_during_click"}]}, {"test": "/webdriver/tests/actions/mouse_pause_dblclick.py", "status": "OK", "message": null, "duration": 5361, "subtests": [{"status": "FAIL", "message": "UnknownErrorException: unknown error (500): getting size failed to return y(Session infochrome=67.0.3396.87)", "name": "test_dblclick_with_pause_after_second_pointerdown"}, {"status": "ERROR", "message": "teardown error", "name": "test_dblclick_with_pause_after_second_pointerdown"}, {"status": "FAIL", "message": "UnknownErrorException: unknown error (500): getting size failed to return y(Session infochrome=67.0.3396.87)", "name": "test_no_dblclick"}, {"status": "ERROR", "message": "teardown error", "name": "test_no_dblclick"}]}, {"test": "/webdriver/tests/get_alert_text/get.py", "status": "OK", "message": null, "duration": 5050, "subtests": [{"status": "FAIL", "message": "TypeError: object of type 'NoneType' has no len()", "name": "test_no_browsing_context"}, {"status": "PASS", "message": null, "name": "test_no_user_prompt"}, {"status": "PASS", "message": null, "name": "test_get_alert_text"}, {"status": "PASS", "message": null, "name": "test_get_confirm_text"}, {"status": "PASS", "message": null, "name": "test_get_prompt_text"}]}, {"test": "/webdriver/tests/set_window_rect/resizing_and_positioning.py", "status": "OK", "message": null, "duration": 1172, "subtests": []}, {"test": "/webdriver/tests/new_session/create_firstMatch.py", "status": "OK", "message": null, "duration": 1750, "subtests": [{"status": "PASS", "message": null, "name": "test_valid[acceptInsecureCerts-False]"}, {"status": "PASS", "message": null, "name": "test_valid[acceptInsecureCerts-None]"}, {"status": "FAIL", "message": "AssertionError", "name": "test_valid[browserName-None]"}, {"status": "PASS", "message": null, "name": "test_valid[browserVersion-None]"}, {"status": "PASS", "message": null, "name": "test_valid[platformName-None]"}, {"status": "PASS", "message": null, "name": "test_valid[pageLoadStrategy-none]"}, {"status": "PASS", "message": null, "name": "test_valid[pageLoadStrategy-eager]"}, {"status": "PASS", "message": null, "name": "test_valid[pageLoadStrategy-normal]"}, {"status": "PASS", "message": null, "name": "test_valid[pageLoadStrategy-None]"}, {"status": "PASS", "message": null, "name": "test_valid[proxy-None]"}, {"status": "PASS", "message": null, "name": "test_valid[timeouts-value10]"}, {"status": "PASS", "message": null, "name": "test_valid[timeouts-value11]"}, {"status": "PASS", "message": null, "name": "test_valid[timeouts-value12]"}, {"status": "PASS", "message": null, "name": "test_valid[timeouts-value13]"}, {"status": "PASS", "message": null, "name": "test_valid[unhandledPromptBehavior-dismiss]"}, {"status": "PASS", "message": null, "name": "test_valid[unhandledPromptBehavior-accept]"}, {"status": "PASS", "message": null, "name": "test_valid[unhandledPromptBehavior-None]"}, {"status": "PASS", "message": null, "name": "test_valid[test:extension-True]"}, {"status": "PASS", "message": null, "name": "test_valid[test:extension-abc]"}, {"status": "PASS", "message": null, "name": "test_valid[test:extension-123]"}, {"status": "PASS", "message": null, "name": "test_valid[test:extension-value20]"}, {"status": "PASS", "message": null, "name": "test_valid[test:extension-value21]"}, {"status": "PASS", "message": null, "name": "test_valid[test:extension-None]"}]}, {"test": "/webdriver/tests/get_element_property/get.py", "status": "OK", "message": null, "duration": 6138, "subtests": [{"status": "FAIL", "message": "TypeError: object of type 'NoneType' has no len()", "name": "test_no_browsing_context"}, {"status": "FAIL", "message": "ValueError: Failed to decode response body as JSON:", "name": "test_element_not_found"}, {"status": "FAIL", "message": "ValueError: Failed to decode response body as JSON:", "name": "test_element_stale"}, {"status": "FAIL", "message": "ValueError: Failed to decode response body as JSON:", "name": "test_property_non_existent"}, {"status": "FAIL", "message": "ValueError: Failed to decode response body as JSON:", "name": "test_element"}]}, {"test": "/webdriver/tests/execute_async_script/user_prompts.py", "status": "OK", "message": null, "duration": 16559, "subtests": [{"status": "FAIL", "message": "UnexpectedAlertOpenException: unexpected alert open (500): {Alert textHello}(Session infochrome=67.0.3396.87)", "name": "test_handle_prompt_accept"}, {"status": "FAIL", "message": "UnexpectedAlertOpenException: unexpected alert open (500): {Alert textHello}(Session infochrome=67.0.3396.87)", "name": "test_handle_prompt_dismiss"}, {"status": "FAIL", "message": "Failed: DID NOT RAISE <class 'webdriver.error.NoSuchAlertException'>", "name": "test_handle_prompt_dismiss_and_notify"}, {"status": "FAIL", "message": "Failed: DID NOT RAISE <class 'webdriver.error.NoSuchAlertException'>", "name": "test_handle_prompt_accept_and_notify"}, {"status": "PASS", "message": null, "name": "test_handle_prompt_ignore"}, {"status": "FAIL", "message": "Failed: DID NOT RAISE <class 'webdriver.error.NoSuchAlertException'>", "name": "test_handle_prompt_default"}, {"status": "PASS", "message": null, "name": "test_handle_prompt_twice"}]}, {"test": "/webdriver/tests/get_element_property/user_prompts.py", "status": "OK", "message": null, "duration": 9438, "subtests": [{"status": "FAIL", "message": "ValueError: Failed to decode response body as JSON:", "name": "test_handle_prompt_dismiss"}, {"status": "FAIL", "message": "ValueError: Failed to decode response body as JSON:", "name": "test_handle_prompt_accept"}, {"status": "FAIL", "message": "ValueError: Failed to decode response body as JSON:", "name": "test_handle_prompt_missing_value"}]}, {"test": "/webdriver/tests/get_element_text/get.py", "status": "OK", "message": null, "duration": 5256, "subtests": [{"status": "FAIL", "message": "AssertionError: assert 'stale element reference' == 'no such element'", "name": "test_getting_text_of_a_non_existant_element_is_an_error"}, {"status": "PASS", "message": null, "name": "test_read_element_text"}]}, {"test": "/webdriver/tests/get_current_url/user_prompts.py", "status": "OK", "message": null, "duration": 7654, "subtests": [{"status": "PASS", "message": null, "name": "test_handle_prompt_dismiss_and_notify"}, {"status": "PASS", "message": null, "name": "test_handle_prompt_accept_and_notify"}, {"status": "PASS", "message": null, "name": "test_handle_prompt_ignore"}, {"status": "FAIL", "message": "AssertionError: Dialog with text 'accept #1' was not handled.", "name": "test_handle_prompt_accept"}, {"status": "FAIL", "message": "AssertionError: Dialog with text 'dismiss #1' was not handled.", "name": "test_handle_prompt_missing_value"}]}, {"test": "/webdriver/tests/execute_script/user_prompts.py", "status": "OK", "message": null, "duration": 16072, "subtests": [{"status": "FAIL", "message": "UnexpectedAlertOpenException: unexpected alert open (500): {Alert textHello}(Session infochrome=67.0.3396.87)", "name": "test_handle_prompt_accept"}, {"status": "FAIL", "message": "UnexpectedAlertOpenException: unexpected alert open (500): {Alert textHello}(Session infochrome=67.0.3396.87)", "name": "test_handle_prompt_dismiss"}, {"status": "FAIL", "message": "Failed: DID NOT RAISE <class 'webdriver.error.NoSuchAlertException'>", "name": "test_handle_prompt_dismiss_and_notify"}, {"status": "FAIL", "message": "Failed: DID NOT RAISE <class 'webdriver.error.NoSuchAlertException'>", "name": "test_handle_prompt_accept_and_notify"}, {"status": "PASS", "message": null, "name": "test_handle_prompt_ignore"}, {"status": "FAIL", "message": "Failed: DID NOT RAISE <class 'webdriver.error.NoSuchAlertException'>", "name": "test_handle_prompt_default"}, {"status": "PASS", "message": null, "name": "test_handle_prompt_twice"}]}, {"test": "/webdriver/tests/get_named_cookie/get.py", "status": "OK", "message": null, "duration": 4912, "subtests": [{"status": "PASS", "message": null, "name": "test_get_named_session_cookie"}, {"status": "PASS", "message": null, "name": "test_get_named_cookie"}, {"status": "FAIL", "message": "AssertionError: assert 'world' == 'newworld'", "name": "test_duplicated_cookie"}]}, {"test": "/webdriver/tests/actions/special_keys.py", "status": "OK", "message": null, "duration": 68805, "subtests": [{"status": "FAIL", "message": "UnknownCommandException: unknown command (404): (Session infochrome=67.0.3396.87)", "name": "test_webdriver_special_key_sends_keydown[NUMPAD9-expected0]"}, {"status": "ERROR", "message": "teardown error", "name": "test_webdriver_special_key_sends_keydown[NUMPAD9-expected0]"}, {"status": "FAIL", "message": "UnknownCommandException: unknown command (404): (Session infochrome=67.0.3396.87)", "name": "test_webdriver_special_key_sends_keydown[RETURN-expected1]"}, {"status": "ERROR", "message": "teardown error", "name": "test_webdriver_special_key_sends_keydown[RETURN-expected1]"}, {"status": "FAIL", "message": "UnknownCommandException: unknown command (404): (Session infochrome=67.0.3396.87)", "name": "test_webdriver_special_key_sends_keydown[HELP-expected2]"}, {"status": "ERROR", "message": "teardown error", "name": "test_webdriver_special_key_sends_keydown[HELP-expected2]"}, {"status": "FAIL", "message": "UnknownCommandException: unknown command (404): (Session infochrome=67.0.3396.87)", "name": "test_webdriver_special_key_sends_keydown[SHIFT-expected3]"}, {"status": "ERROR", "message": "teardown error", "name": "test_webdriver_special_key_sends_keydown[SHIFT-expected3]"}, {"status": "FAIL", "message": "UnknownCommandException: unknown command (404): (Session infochrome=67.0.3396.87)", "name": "test_webdriver_special_key_sends_keydown[R_ARROWRIGHT-expected4]"}, {"status": "ERROR", "message": "teardown error", "name": "test_webdriver_special_key_sends_keydown[R_ARROWRIGHT-expected4]"}, {"status": "FAIL", "message": "UnknownCommandException: unknown command (404): (Session infochrome=67.0.3396.87)", "name": "test_webdriver_special_key_sends_keydown[ESCAPE-expected5]"}, {"status": "ERROR", "message": "teardown error", "name": "test_webdriver_special_key_sends_keydown[ESCAPE-expected5]"}, {"status": "FAIL", "message": "UnknownCommandException: unknown command (404): (Session infochrome=67.0.3396.87)", "name": "test_webdriver_special_key_sends_keydown[PAGE_UP-expected6]"}, {"status": "ERROR", "message": "teardown error", "name": "test_webdriver_special_key_sends_keydown[PAGE_UP-expected6]"}, {"status": "FAIL", "message": "UnknownCommandException: unknown command (404): (Session infochrome=67.0.3396.87)", "name": "test_webdriver_special_key_sends_keydown[R_PAGEUP-expected7]"}, {"status": "ERROR", "message": "teardown error", "name": "test_webdriver_special_key_sends_keydown[R_PAGEUP-expected7]"}, {"status": "FAIL", "message": "UnknownCommandException: unknown command (404): (Session infochrome=67.0.3396.87)", "name": "test_webdriver_special_key_sends_keydown[UP-expected8]"}, {"status": "ERROR", "message": "teardown error", "name": "test_webdriver_special_key_sends_keydown[UP-expected8]"}, {"status": "FAIL", "message": "UnknownCommandException: unknown command (404): (Session infochrome=67.0.3396.87)", "name": "test_webdriver_special_key_sends_keydown[DOWN-expected9]"}, {"status": "ERROR", "message": "teardown error", "name": "test_webdriver_special_key_sends_keydown[DOWN-expected9]"}, {"status": "FAIL", "message": "UnknownCommandException: unknown command (404): (Session infochrome=67.0.3396.87)", "name": "test_webdriver_special_key_sends_keydown[F12-expected10]"}, {"status": "ERROR", "message": "teardown error", "name": "test_webdriver_special_key_sends_keydown[F12-expected10]"}, {"status": "FAIL", "message": "UnknownCommandException: unknown command (404): (Session infochrome=67.0.3396.87)", "name": "test_webdriver_special_key_sends_keydown[META-expected11]"}, {"status": "ERROR", "message": "teardown error", "name": "test_webdriver_special_key_sends_keydown[META-expected11]"}, {"status": "FAIL", "message": "UnknownCommandException: unknown command (404): (Session infochrome=67.0.3396.87)", "name": "test_webdriver_special_key_sends_keydown[BACKSPACE-expected12]"}, {"status": "ERROR", "message": "teardown error", "name": "test_webdriver_special_key_sends_keydown[BACKSPACE-expected12]"}, {"status": "FAIL", "message": "UnknownCommandException: unknown command (404): (Session infochrome=67.0.3396.87)", "name": "test_webdriver_special_key_sends_keydown[MULTIPLY-expected13]"}, {"status": "ERROR", "message": "teardown error", "name": "test_webdriver_special_key_sends_keydown[MULTIPLY-expected13]"}, {"status": "FAIL", "message": "UnknownCommandException: unknown command (404): (Session infochrome=67.0.3396.87)", "name": "test_webdriver_special_key_sends_keydown[HOME-expected14]"}, {"status": "ERROR", "message": "teardown error", "name": "test_webdriver_special_key_sends_keydown[HOME-expected14]"}, {"status": "FAIL", "message": "UnknownCommandException: unknown command (404): (Session infochrome=67.0.3396.87)", "name": "test_webdriver_special_key_sends_keydown[NULL-expected15]"}, {"status": "ERROR", "message": "teardown error", "name": "test_webdriver_special_key_sends_keydown[NULL-expected15]"}, {"status": "FAIL", "message": "UnknownCommandException: unknown command (404): (Session infochrome=67.0.3396.87)", "name": "test_webdriver_special_key_sends_keydown[SUBTRACT-expected16]"}, {"status": "ERROR", "message": "teardown error", "name": "test_webdriver_special_key_sends_keydown[SUBTRACT-expected16]"}, {"status": "FAIL", "message": "UnknownCommandException: unknown command (404): (Session infochrome=67.0.3396.87)", "name": "test_webdriver_special_key_sends_keydown[CONTROL-expected17]"}, {"status": "ERROR", "message": "teardown error", "name": "test_webdriver_special_key_sends_keydown[CONTROL-expected17]"}, {"status": "FAIL", "message": "UnknownCommandException: unknown command (404): (Session infochrome=67.0.3396.87)", "name": "test_webdriver_special_key_sends_keydown[INSERT-expected18]"}, {"status": "ERROR", "message": "teardown error", "name": "test_webdriver_special_key_sends_keydown[INSERT-expected18]"}, {"status": "FAIL", "message": "UnknownCommandException: unknown command (404): (Session infochrome=67.0.3396.87)", "name": "test_webdriver_special_key_sends_keydown[R_META-expected19]"}, {"status": "ERROR", "message": "teardown error", "name": "test_webdriver_special_key_sends_keydown[R_META-expected19]"}, {"status": "FAIL", "message": "UnknownCommandException: unknown command (404): (Session infochrome=67.0.3396.87)", "name": "test_webdriver_special_key_sends_keydown[SEMICOLON-expected20]"}, {"status": "ERROR", "message": "teardown error", "name": "test_webdriver_special_key_sends_keydown[SEMICOLON-expected20]"}, {"status": "FAIL", "message": "UnknownCommandException: unknown command (404): (Session infochrome=67.0.3396.87)", "name": "test_webdriver_special_key_sends_keydown[SPACE-expected21]"}, {"status": "ERROR", "message": "teardown error", "name": "test_webdriver_special_key_sends_keydown[SPACE-expected21]"}, {"status": "FAIL", "message": "UnknownCommandException: unknown command (404): (Session infochrome=67.0.3396.87)", "name": "test_webdriver_special_key_sends_keydown[NUMPAD4-expected22]"}, {"status": "ERROR", "message": "teardown error", "name": "test_webdriver_special_key_sends_keydown[NUMPAD4-expected22]"}, {"status": "FAIL", "message": "UnknownCommandException: unknown command (404): (Session infochrome=67.0.3396.87)", "name": "test_webdriver_special_key_sends_keydown[RIGHT-expected23]"}, {"status": "ERROR", "message": "teardown error", "name": "test_webdriver_special_key_sends_keydown[RIGHT-expected23]"}, {"status": "FAIL", "message": "UnknownCommandException: unknown command (404): (Session infochrome=67.0.3396.87)", "name": "test_webdriver_special_key_sends_keydown[TAB-expected24]"}, {"status": "ERROR", "message": "teardown error", "name": "test_webdriver_special_key_sends_keydown[TAB-expected24]"}, {"status": "FAIL", "message": "UnknownCommandException: unknown command (404): (Session infochrome=67.0.3396.87)", "name": "test_webdriver_special_key_sends_keydown[R_ALT-expected25]"}, {"status": "ERROR", "message": "teardown error", "name": "test_webdriver_special_key_sends_keydown[R_ALT-expected25]"}, {"status": "FAIL", "message": "UnknownCommandException: unknown command (404): (Session infochrome=67.0.3396.87)", "name": "test_webdriver_special_key_sends_keydown[NUMPAD0-expected26]"}, {"status": "ERROR", "message": "teardown error", "name": "test_webdriver_special_key_sends_keydown[NUMPAD0-expected26]"}, {"status": "FAIL", "message": "UnknownCommandException: unknown command (404): (Session infochrome=67.0.3396.87)", "name": "test_webdriver_special_key_sends_keydown[DECIMAL-expected27]"}, {"status": "ERROR", "message": "teardown error", "name": "test_webdriver_special_key_sends_keydown[DECIMAL-expected27]"}, {"status": "FAIL", "message": "UnknownCommandException: unknown command (404): (Session infochrome=67.0.3396.87)", "name": "test_webdriver_special_key_sends_keydown[LEFT-expected28]"}, {"status": "ERROR", "message": "teardown error", "name": "test_webdriver_special_key_sends_keydown[LEFT-expected28]"}, {"status": "FAIL", "message": "UnknownCommandException: unknown command (404): (Session infochrome=67.0.3396.87)", "name": "test_webdriver_special_key_sends_keydown[R_DELETE-expected29]"}, {"status": "ERROR", "message": "teardown error", "name": "test_webdriver_special_key_sends_keydown[R_DELETE-expected29]"}, {"status": "FAIL", "message": "UnknownCommandException: unknown command (404): (Session infochrome=67.0.3396.87)", "name": "test_webdriver_special_key_sends_keydown[PAGE_DOWN-expected30]"}, {"status": "ERROR", "message": "teardown error", "name": "test_webdriver_special_key_sends_keydown[PAGE_DOWN-expected30]"}, {"status": "FAIL", "message": "UnknownCommandException: unknown command (404): (Session infochrome=67.0.3396.87)", "name": "test_webdriver_special_key_sends_keydown[PAUSE-expected31]"}, {"status": "ERROR", "message": "teardown error", "name": "test_webdriver_special_key_sends_keydown[PAUSE-expected31]"}, {"status": "FAIL", "message": "UnknownCommandException: unknown command (404): (Session infochrome=67.0.3396.87)", "name": "test_webdriver_special_key_sends_keydown[END-expected32]"}, {"status": "ERROR", "message": "teardown error", "name": "test_webdriver_special_key_sends_keydown[END-expected32]"}, {"status": "FAIL", "message": "UnknownCommandException: unknown command (404): (Session infochrome=67.0.3396.87)", "name": "test_webdriver_special_key_sends_keydown[DIVIDE-expected33]"}, {"status": "ERROR", "message": "teardown error", "name": "test_webdriver_special_key_sends_keydown[DIVIDE-expected33]"}, {"status": "FAIL", "message": "UnknownCommandException: unknown command (404): (Session infochrome=67.0.3396.87)", "name": "test_webdriver_special_key_sends_keydown[R_ARROWUP-expected34]"}, {"status": "ERROR", "message": "teardown error", "name": "test_webdriver_special_key_sends_keydown[R_ARROWUP-expected34]"}, {"status": "FAIL", "message": "UnknownCommandException: unknown command (404): (Session infochrome=67.0.3396.87)", "name": "test_webdriver_special_key_sends_keydown[NUMPAD3-expected35]"}, {"status": "ERROR", "message": "teardown error", "name": "test_webdriver_special_key_sends_keydown[NUMPAD3-expected35]"}, {"status": "FAIL", "message": "UnknownCommandException: unknown command (404): (Session infochrome=67.0.3396.87)", "name": "test_webdriver_special_key_sends_keydown[CLEAR-expected36]"}, {"status": "ERROR", "message": "teardown error", "name": "test_webdriver_special_key_sends_keydown[CLEAR-expected36]"}, {"status": "FAIL", "message": "UnknownCommandException: unknown command (404): (Session infochrome=67.0.3396.87)", "name": "test_webdriver_special_key_sends_keydown[R_ARROWLEFT-expected37]"}, {"status": "ERROR", "message": "teardown error", "name": "test_webdriver_special_key_sends_keydown[R_ARROWLEFT-expected37]"}, {"status": "FAIL", "message": "UnknownCommandException: unknown command (404): (Session infochrome=67.0.3396.87)", "name": "test_webdriver_special_key_sends_keydown[EQUALS-expected38]"}, {"status": "ERROR", "message": "teardown error", "name": "test_webdriver_special_key_sends_keydown[EQUALS-expected38]"}, {"status": "FAIL", "message": "UnknownCommandException: unknown command (404): (Session infochrome=67.0.3396.87)", "name": "test_webdriver_special_key_sends_keydown[R_PAGEDOWN-expected39]"}, {"status": "ERROR", "message": "teardown error", "name": "test_webdriver_special_key_sends_keydown[R_PAGEDOWN-expected39]"}, {"status": "FAIL", "message": "UnknownCommandException: unknown command (404): (Session infochrome=67.0.3396.87)", "name": "test_webdriver_special_key_sends_keydown[ADD-expected40]"}, {"status": "ERROR", "message": "teardown error", "name": "test_webdriver_special_key_sends_keydown[ADD-expected40]"}, {"status": "FAIL", "message": "UnknownCommandException: unknown command (404): (Session infochrome=67.0.3396.87)", "name": "test_webdriver_special_key_sends_keydown[NUMPAD1-expected41]"}, {"status": "ERROR", "message": "teardown error", "name": "test_webdriver_special_key_sends_keydown[NUMPAD1-expected41]"}, {"status": "FAIL", "message": "UnknownCommandException: unknown command (404): (Session infochrome=67.0.3396.87)", "name": "test_webdriver_special_key_sends_keydown[R_INSERT-expected42]"}, {"status": "ERROR", "message": "teardown error", "name": "test_webdriver_special_key_sends_keydown[R_INSERT-expected42]"}, {"status": "FAIL", "message": "UnknownCommandException: unknown command (404): (Session infochrome=67.0.3396.87)", "name": "test_webdriver_special_key_sends_keydown[ENTER-expected43]"}, {"status": "ERROR", "message": "teardown error", "name": "test_webdriver_special_key_sends_keydown[ENTER-expected43]"}, {"status": "FAIL", "message": "UnknownCommandException: unknown command (404): (Session infochrome=67.0.3396.87)", "name": "test_webdriver_special_key_sends_keydown[CANCEL-expected44]"}, {"status": "ERROR", "message": "teardown error", "name": "test_webdriver_special_key_sends_keydown[CANCEL-expected44]"}, {"status": "FAIL", "message": "UnknownCommandException: unknown command (404): (Session infochrome=67.0.3396.87)", "name": "test_webdriver_special_key_sends_keydown[NUMPAD6-expected45]"}, {"status": "ERROR", "message": "teardown error", "name": "test_webdriver_special_key_sends_keydown[NUMPAD6-expected45]"}, {"status": "FAIL", "message": "UnknownCommandException: unknown command (404): (Session infochrome=67.0.3396.87)", "name": "test_webdriver_special_key_sends_keydown[F10-expected46]"}, {"status": "ERROR", "message": "teardown error", "name": "test_webdriver_special_key_sends_keydown[F10-expected46]"}, {"status": "FAIL", "message": "UnknownCommandException: unknown command (404): (Session infochrome=67.0.3396.87)", "name": "test_webdriver_special_key_sends_keydown[F11-expected47]"}, {"status": "ERROR", "message": "teardown error", "name": "test_webdriver_special_key_sends_keydown[F11-expected47]"}, {"status": "FAIL", "message": "UnknownCommandException: unknown command (404): (Session infochrome=67.0.3396.87)", "name": "test_webdriver_special_key_sends_keydown[R_END-expected48]"}, {"status": "ERROR", "message": "teardown error", "name": "test_webdriver_special_key_sends_keydown[R_END-expected48]"}, {"status": "FAIL", "message": "UnknownCommandException: unknown command (404): (Session infochrome=67.0.3396.87)", "name": "test_webdriver_special_key_sends_keydown[NUMPAD7-expected49]"}, {"status": "ERROR", "message": "teardown error", "name": "test_webdriver_special_key_sends_keydown[NUMPAD7-expected49]"}, {"status": "FAIL", "message": "UnknownCommandException: unknown command (404): (Session infochrome=67.0.3396.87)", "name": "test_webdriver_special_key_sends_keydown[NUMPAD2-expected50]"}, {"status": "ERROR", "message": "teardown error", "name": "test_webdriver_special_key_sends_keydown[NUMPAD2-expected50]"}, {"status": "FAIL", "message": "UnknownCommandException: unknown command (404): (Session infochrome=67.0.3396.87)", "name": "test_webdriver_special_key_sends_keydown[F1-expected51]"}, {"status": "ERROR", "message": "teardown error", "name": "test_webdriver_special_key_sends_keydown[F1-expected51]"}, {"status": "FAIL", "message": "UnknownCommandException: unknown command (404): (Session infochrome=67.0.3396.87)", "name": "test_webdriver_special_key_sends_keydown[F2-expected52]"}, {"status": "ERROR", "message": "teardown error", "name": "test_webdriver_special_key_sends_keydown[F2-expected52]"}, {"status": "FAIL", "message": "UnknownCommandException: unknown command (404): (Session infochrome=67.0.3396.87)", "name": "test_webdriver_special_key_sends_keydown[F3-expected53]"}, {"status": "ERROR", "message": "teardown error", "name": "test_webdriver_special_key_sends_keydown[F3-expected53]"}, {"status": "FAIL", "message": "UnknownCommandException: unknown command (404): (Session infochrome=67.0.3396.87)", "name": "test_webdriver_special_key_sends_keydown[F4-expected54]"}, {"status": "ERROR", "message": "teardown error", "name": "test_webdriver_special_key_sends_keydown[F4-expected54]"}, {"status": "FAIL", "message": "UnknownCommandException: unknown command (404): (Session infochrome=67.0.3396.87)", "name": "test_webdriver_special_key_sends_keydown[F5-expected55]"}, {"status": "ERROR", "message": "teardown error", "name": "test_webdriver_special_key_sends_keydown[F5-expected55]"}, {"status": "FAIL", "message": "UnknownCommandException: unknown command (404): (Session infochrome=67.0.3396.87)", "name": "test_webdriver_special_key_sends_keydown[F6-expected56]"}, {"status": "ERROR", "message": "teardown error", "name": "test_webdriver_special_key_sends_keydown[F6-expected56]"}, {"status": "FAIL", "message": "UnknownCommandException: unknown command (404): (Session infochrome=67.0.3396.87)", "name": "test_webdriver_special_key_sends_keydown[F7-expected57]"}, {"status": "ERROR", "message": "teardown error", "name": "test_webdriver_special_key_sends_keydown[F7-expected57]"}, {"status": "FAIL", "message": "UnknownCommandException: unknown command (404): (Session infochrome=67.0.3396.87)", "name": "test_webdriver_special_key_sends_keydown[F8-expected58]"}, {"status": "ERROR", "message": "teardown error", "name": "test_webdriver_special_key_sends_keydown[F8-expected58]"}, {"status": "FAIL", "message": "UnknownCommandException: unknown command (404): (Session infochrome=67.0.3396.87)", "name": "test_webdriver_special_key_sends_keydown[F9-expected59]"}, {"status": "ERROR", "message": "teardown error", "name": "test_webdriver_special_key_sends_keydown[F9-expected59]"}, {"status": "FAIL", "message": "UnknownCommandException: unknown command (404): (Session infochrome=67.0.3396.87)", "name": "test_webdriver_special_key_sends_keydown[NUMPAD8-expected60]"}, {"status": "ERROR", "message": "teardown error", "name": "test_webdriver_special_key_sends_keydown[NUMPAD8-expected60]"}, {"status": "FAIL", "message": "UnknownCommandException: unknown command (404): (Session infochrome=67.0.3396.87)", "name": "test_webdriver_special_key_sends_keydown[NUMPAD5-expected61]"}, {"status": "ERROR", "message": "teardown error", "name": "test_webdriver_special_key_sends_keydown[NUMPAD5-expected61]"}, {"status": "FAIL", "message": "UnknownCommandException: unknown command (404): (Session infochrome=67.0.3396.87)", "name": "test_webdriver_special_key_sends_keydown[R_CONTROL-expected62]"}, {"status": "ERROR", "message": "teardown error", "name": "test_webdriver_special_key_sends_keydown[R_CONTROL-expected62]"}, {"status": "FAIL", "message": "UnknownCommandException: unknown command (404): (Session infochrome=67.0.3396.87)", "name": "test_webdriver_special_key_sends_keydown[R_HOME-expected63]"}, {"status": "ERROR", "message": "teardown error", "name": "test_webdriver_special_key_sends_keydown[R_HOME-expected63]"}, {"status": "FAIL", "message": "UnknownCommandException: unknown command (404): (Session infochrome=67.0.3396.87)", "name": "test_webdriver_special_key_sends_keydown[ZENKAKUHANKAKU-expected64]"}, {"status": "ERROR", "message": "teardown error", "name": "test_webdriver_special_key_sends_keydown[ZENKAKUHANKAKU-expected64]"}, {"status": "FAIL", "message": "UnknownCommandException: unknown command (404): (Session infochrome=67.0.3396.87)", "name": "test_webdriver_special_key_sends_keydown[R_SHIFT-expected65]"}, {"status": "ERROR", "message": "teardown error", "name": "test_webdriver_special_key_sends_keydown[R_SHIFT-expected65]"}, {"status": "FAIL", "message": "UnknownCommandException: unknown command (404): (Session infochrome=67.0.3396.87)", "name": "test_webdriver_special_key_sends_keydown[SEPARATOR-expected66]"}, {"status": "ERROR", "message": "teardown error", "name": "test_webdriver_special_key_sends_keydown[SEPARATOR-expected66]"}, {"status": "FAIL", "message": "UnknownCommandException: unknown command (404): (Session infochrome=67.0.3396.87)", "name": "test_webdriver_special_key_sends_keydown[ALT-expected67]"}, {"status": "ERROR", "message": "teardown error", "name": "test_webdriver_special_key_sends_keydown[ALT-expected67]"}, {"status": "FAIL", "message": "UnknownCommandException: unknown command (404): (Session infochrome=67.0.3396.87)", "name": "test_webdriver_special_key_sends_keydown[R_ARROWDOWN-expected68]"}, {"status": "ERROR", "message": "teardown error", "name": "test_webdriver_special_key_sends_keydown[R_ARROWDOWN-expected68]"}, {"status": "FAIL", "message": "UnknownCommandException: unknown command (404): (Session infochrome=67.0.3396.87)", "name": "test_webdriver_special_key_sends_keydown[DELETE-expected69]"}, {"status": "ERROR", "message": "teardown error", "name": "test_webdriver_special_key_sends_keydown[DELETE-expected69]"}, {"status": "FAIL", "message": "UnknownCommandException: unknown command (404): (Session infochrome=67.0.3396.87)", "name": "test_multiple_codepoint_keys_behave_correctly[f]"}, {"status": "ERROR", "message": "teardown error", "name": "test_multiple_codepoint_keys_behave_correctly[f]"}, {"status": "FAIL", "message": "UnknownCommandException: unknown command (404): (Session infochrome=67.0.3396.87)", "name": "test_multiple_codepoint_keys_behave_correctly[\\u0ba8\\u0bbf]"}, {"status": "ERROR", "message": "teardown error", "name": "test_multiple_codepoint_keys_behave_correctly[\\u0ba8\\u0bbf]"}, {"status": "FAIL", "message": "UnknownCommandException: unknown command (404): (Session infochrome=67.0.3396.87)", "name": "test_multiple_codepoint_keys_behave_correctly[\\u1100\\u1161\\u11a8]"}, {"status": "ERROR", "message": "teardown error", "name": "test_multiple_codepoint_keys_behave_correctly[\\u1100\\u1161\\u11a8]"}, {"status": "FAIL", "message": "UnknownCommandException: unknown command (404): (Session infochrome=67.0.3396.87)", "name": "test_invalid_multiple_codepoint_keys_fail[fa]"}, {"status": "ERROR", "message": "teardown error", "name": "test_invalid_multiple_codepoint_keys_fail[fa]"}, {"status": "FAIL", "message": "UnknownCommandException: unknown command (404): (Session infochrome=67.0.3396.87)", "name": "test_invalid_multiple_codepoint_keys_fail[\\u0ba8\\u0bbfb]"}, {"status": "ERROR", "message": "teardown error", "name": "test_invalid_multiple_codepoint_keys_fail[\\u0ba8\\u0bbfb]"}, {"status": "FAIL", "message": "UnknownCommandException: unknown command (404): (Session infochrome=67.0.3396.87)", "name": "test_invalid_multiple_codepoint_keys_fail[\\u0ba8\\u0bbf\\u0ba8]"}, {"status": "ERROR", "message": "teardown error", "name": "test_invalid_multiple_codepoint_keys_fail[\\u0ba8\\u0bbf\\u0ba8]"}, {"status": "FAIL", "message": "UnknownCommandException: unknown command (404): (Session infochrome=67.0.3396.87)", "name": "test_invalid_multiple_codepoint_keys_fail[\\u1100\\u1161\\u11a8c]"}, {"status": "ERROR", "message": "teardown error", "name": "test_invalid_multiple_codepoint_keys_fail[\\u1100\\u1161\\u11a8c]"}]}, {"test": "/webdriver/tests/minimize_window/minimize.py", "status": "OK", "message": null, "duration": 6386, "subtests": [{"status": "FAIL", "message": "TypeError: object of type 'NoneType' has no len()", "name": "test_no_browsing_context"}, {"status": "FAIL", "message": "assert False is True", "name": "test_fully_exit_fullscreen"}, {"status": "PASS", "message": null, "name": "test_minimize"}, {"status": "PASS", "message": null, "name": "test_payload"}, {"status": "PASS", "message": null, "name": "test_minimize_twice_is_idempotent"}]}, {"test": "/webdriver/tests/execute_script/collections.py", "status": "OK", "message": null, "duration": 6600, "subtests": [{"status": "PASS", "message": null, "name": "test_arguments"}, {"status": "PASS", "message": null, "name": "test_array"}, {"status": "FAIL", "message": "UnknownErrorException: unknown error (500): 'value' must be a list(Session infochrome=67.0.3396.87)", "name": "test_file_list"}, {"status": "FAIL", "message": "AssertionError: assert False", "name": "test_html_all_collection"}, {"status": "PASS", "message": null, "name": "test_html_collection"}, {"status": "PASS", "message": null, "name": "test_html_form_controls_collection"}, {"status": "PASS", "message": null, "name": "test_html_options_collection"}, {"status": "PASS", "message": null, "name": "test_node_list"}]}, {"test": "/webdriver/tests/new_session/default_values.py", "status": "OK", "message": null, "duration": 10520, "subtests": [{"status": "PASS", "message": null, "name": "test_basic"}, {"status": "FAIL", "message": "Failed: DID NOT RAISE <class 'webdriver.error.SessionNotCreatedException'>", "name": "test_repeat_new_session"}, {"status": "FAIL", "message": "Failed: DID NOT RAISE <class 'webdriver.error.InvalidArgumentException'>", "name": "test_no_capabilites"}, {"status": "PASS", "message": null, "name": "test_missing_first_match"}, {"status": "PASS", "message": null, "name": "test_missing_always_match"}, {"status": "FAIL", "message": "Failed: DID NOT RAISE <class 'webdriver.error.InvalidArgumentException'>", "name": "test_desired"}, {"status": "PASS", "message": null, "name": "test_ignore_non_spec_fields_in_capabilities"}, {"status": "FAIL", "message": "KeyError: 'capabilities'", "name": "test_valid_but_unmatchable_key"}]}, {"test": "/webdriver/tests/close_window/close.py", "status": "OK", "message": null, "duration": 4856, "subtests": [{"status": "FAIL", "message": "TypeError: object of type 'NoneType' has no len()", "name": "test_no_browsing_context"}, {"status": "FAIL", "message": "AssertionError: assert None == ['CDwindow-5B2031A3C589263864FA0E6EF94228B8']", "name": "test_close_browsing_context"}, {"status": "FAIL", "message": "assert None == []", "name": "test_close_last_browsing_context"}]}, {"test": "/webdriver/tests/element_send_keys/form_controls.py", "status": "OK", "message": null, "duration": 7665, "subtests": [{"status": "FAIL", "message": "ValueError: Failed to decode response body as JSON:", "name": "test_input"}, {"status": "FAIL", "message": "ValueError: Failed to decode response body as JSON:", "name": "test_textarea"}, {"status": "FAIL", "message": "ValueError: Failed to decode response body as JSON:", "name": "test_input_append"}, {"status": "FAIL", "message": "ValueError: Failed to decode response body as JSON:", "name": "test_textarea_append"}, {"status": "FAIL", "message": "ValueError: Failed to decode response body as JSON:", "name": "test_events[input]"}, {"status": "FAIL", "message": "ValueError: Failed to decode response body as JSON:", "name": "test_events[textarea]"}, {"status": "FAIL", "message": "ValueError: Failed to decode response body as JSON:", "name": "test_not_blurred[input]"}, {"status": "FAIL", "message": "ValueError: Failed to decode response body as JSON:", "name": "test_not_blurred[textarea]"}]}, {"test": "/webdriver/tests/actions/pointer_origin.py", "status": "OK", "message": null, "duration": 11797, "subtests": [{"status": "FAIL", "message": "UnknownCommandException: unknown command (404): (Session infochrome=67.0.3396.87)", "name": "test_viewport_inside"}, {"status": "ERROR", "message": "teardown error", "name": "test_viewport_inside"}, {"status": "FAIL", "message": "UnknownCommandException: unknown command (404): (Session infochrome=67.0.3396.87)", "name": "test_viewport_outside"}, {"status": "ERROR", "message": "teardown error", "name": "test_viewport_outside"}, {"status": "FAIL", "message": "UnknownCommandException: unknown command (404): (Session infochrome=67.0.3396.87)", "name": "test_pointer_inside"}, {"status": "ERROR", "message": "teardown error", "name": "test_pointer_inside"}, {"status": "FAIL", "message": "UnknownCommandException: unknown command (404): (Session infochrome=67.0.3396.87)", "name": "test_pointer_outside"}, {"status": "ERROR", "message": "teardown error", "name": "test_pointer_outside"}, {"status": "FAIL", "message": "UnknownCommandException: unknown command (404): (Session infochrome=67.0.3396.87)", "name": "test_element_center_point"}, {"status": "ERROR", "message": "teardown error", "name": "test_element_center_point"}, {"status": "FAIL", "message": "UnknownCommandException: unknown command (404): (Session infochrome=67.0.3396.87)", "name": "test_element_center_point_with_offset"}, {"status": "ERROR", "message": "teardown error", "name": "test_element_center_point_with_offset"}, {"status": "FAIL", "message": "UnknownCommandException: unknown command (404): (Session infochrome=67.0.3396.87)", "name": "test_element_in_view_center_point_partly_visible"}, {"status": "ERROR", "message": "teardown error", "name": "test_element_in_view_center_point_partly_visible"}, {"status": "FAIL", "message": "UnknownCommandException: unknown command (404): (Session infochrome=67.0.3396.87)", "name": "test_element_larger_than_viewport"}, {"status": "ERROR", "message": "teardown error", "name": "test_element_larger_than_viewport"}, {"status": "FAIL", "message": "UnknownCommandException: unknown command (404): (Session infochrome=67.0.3396.87)", "name": "test_element_outside_of_view_port"}, {"status": "ERROR", "message": "teardown error", "name": "test_element_outside_of_view_port"}]}, {"test": "/webdriver/tests/new_session/invalid_capabilities.py", "status": "OK", "message": null, "duration": 132541, "subtests": [{"status": "FAIL", "message": "Failed: DID NOT RAISE <class 'webdriver.error.InvalidArgumentException'>", "name": "test_invalid_capabilites[None]"}, {"status": "FAIL", "message": "Failed: DID NOT RAISE <class 'webdriver.error.InvalidArgumentException'>", "name": "test_invalid_capabilites[1]"}, {"status": "FAIL", "message": "Failed: DID NOT RAISE <class 'webdriver.error.InvalidArgumentException'>", "name": "test_invalid_capabilites[{}]"}, {"status": "FAIL", "message": "Failed: DID NOT RAISE <class 'webdriver.error.InvalidArgumentException'>", "name": "test_invalid_capabilites[value3]"}, {"status": "FAIL", "message": "Failed: DID NOT RAISE <class 'webdriver.error.InvalidArgumentException'>", "name": "test_invalid_always_match[None]"}, {"status": "FAIL", "message": "Failed: DID NOT RAISE <class 'webdriver.error.InvalidArgumentException'>", "name": "test_invalid_always_match[1]"}, {"status": "FAIL", "message": "Failed: DID NOT RAISE <class 'webdriver.error.InvalidArgumentException'>", "name": "test_invalid_always_match[{}]"}, {"status": "FAIL", "message": "Failed: DID NOT RAISE <class 'webdriver.error.InvalidArgumentException'>", "name": "test_invalid_always_match[value3]"}, {"status": "FAIL", "message": "Failed: DID NOT RAISE <class 'webdriver.error.InvalidArgumentException'>", "name": "test_invalid_first_match[None]"}, {"status": "FAIL", "message": "Failed: DID NOT RAISE <class 'webdriver.error.InvalidArgumentException'>", "name": "test_invalid_first_match[1]"}, {"status": "FAIL", "message": "Failed: DID NOT RAISE <class 'webdriver.error.InvalidArgumentException'>", "name": "test_invalid_first_match[[]]"}, {"status": "FAIL", "message": "Failed: DID NOT RAISE <class 'webdriver.error.InvalidArgumentException'>", "name": "test_invalid_first_match[value3]"}, {"status": "FAIL", "message": "UnknownErrorException: unknown error (500): cannot parse capabilityacceptInsecureCertsfrom unknown errormust be a boolean", "name": "test_invalid_values[acceptInsecureCerts-1-body0]"}, {"status": "FAIL", "message": "Failed: DID NOT RAISE <class 'webdriver.error.InvalidArgumentException'>", "name": "test_invalid_values[acceptInsecureCerts-1-body1]"}, {"status": "FAIL", "message": "UnknownErrorException: unknown error (500): cannot parse capabilityacceptInsecureCertsfrom unknown errormust be a boolean", "name": "test_invalid_values[acceptInsecureCerts-value1-body0]"}, {"status": "FAIL", "message": "Failed: DID NOT RAISE <class 'webdriver.error.InvalidArgumentException'>", "name": "test_invalid_values[acceptInsecureCerts-value1-body1]"}, {"status": "FAIL", "message": "UnknownErrorException: unknown error (500): cannot parse capabilityacceptInsecureCertsfrom unknown errormust be a boolean", "name": "test_invalid_values[acceptInsecureCerts-value2-body0]"}, {"status": "FAIL", "message": "Failed: DID NOT RAISE <class 'webdriver.error.InvalidArgumentException'>", "name": "test_invalid_values[acceptInsecureCerts-value2-body1]"}, {"status": "FAIL", "message": "UnknownErrorException: unknown error (500): cannot parse capabilityacceptInsecureCertsfrom unknown errormust be a boolean", "name": "test_invalid_values[acceptInsecureCerts-false-body0]"}, {"status": "FAIL", "message": "Failed: DID NOT RAISE <class 'webdriver.error.InvalidArgumentException'>", "name": "test_invalid_values[acceptInsecureCerts-false-body1]"}, {"status": "FAIL", "message": "AssertionError", "name": "test_invalid_values[browserName-1-body0]"}, {"status": "FAIL", "message": "AssertionError", "name": "test_invalid_values[browserName-1-body1]"}, {"status": "FAIL", "message": "AssertionError", "name": "test_invalid_values[browserName-value5-body0]"}, {"status": "FAIL", "message": "AssertionError", "name": "test_invalid_values[browserName-value5-body1]"}, {"status": "FAIL", "message": "AssertionError", "name": "test_invalid_values[browserName-value6-body0]"}, {"status": "FAIL", "message": "AssertionError", "name": "test_invalid_values[browserName-value6-body1]"}, {"status": "FAIL", "message": "AssertionError", "name": "test_invalid_values[browserName-False-body0]"}, {"status": "FAIL", "message": "AssertionError", "name": "test_invalid_values[browserName-False-body1]"}, {"status": "FAIL", "message": "Failed: DID NOT RAISE <class 'webdriver.error.InvalidArgumentException'>", "name": "test_invalid_values[browserVersion-1-body0]"}, {"status": "FAIL", "message": "Failed: DID NOT RAISE <class 'webdriver.error.InvalidArgumentException'>", "name": "test_invalid_values[browserVersion-1-body1]"}, {"status": "FAIL", "message": "Failed: DID NOT RAISE <class 'webdriver.error.InvalidArgumentException'>", "name": "test_invalid_values[browserVersion-value9-body0]"}, {"status": "FAIL", "message": "Failed: DID NOT RAISE <class 'webdriver.error.InvalidArgumentException'>", "name": "test_invalid_values[browserVersion-value9-body1]"}, {"status": "FAIL", "message": "Failed: DID NOT RAISE <class 'webdriver.error.InvalidArgumentException'>", "name": "test_invalid_values[browserVersion-value10-body0]"}, {"status": "FAIL", "message": "Failed: DID NOT RAISE <class 'webdriver.error.InvalidArgumentException'>", "name": "test_invalid_values[browserVersion-value10-body1]"}, {"status": "FAIL", "message": "Failed: DID NOT RAISE <class 'webdriver.error.InvalidArgumentException'>", "name": "test_invalid_values[browserVersion-False-body0]"}, {"status": "FAIL", "message": "Failed: DID NOT RAISE <class 'webdriver.error.InvalidArgumentException'>", "name": "test_invalid_values[browserVersion-False-body1]"}, {"status": "FAIL", "message": "Failed: DID NOT RAISE <class 'webdriver.error.InvalidArgumentException'>", "name": "test_invalid_values[platformName-1-body0]"}, {"status": "FAIL", "message": "Failed: DID NOT RAISE <class 'webdriver.error.InvalidArgumentException'>", "name": "test_invalid_values[platformName-1-body1]"}, {"status": "FAIL", "message": "Failed: DID NOT RAISE <class 'webdriver.error.InvalidArgumentException'>", "name": "test_invalid_values[platformName-value13-body0]"}, {"status": "FAIL", "message": "Failed: DID NOT RAISE <class 'webdriver.error.InvalidArgumentException'>", "name": "test_invalid_values[platformName-value13-body1]"}, {"status": "FAIL", "message": "Failed: DID NOT RAISE <class 'webdriver.error.InvalidArgumentException'>", "name": "test_invalid_values[platformName-value14-body0]"}, {"status": "FAIL", "message": "Failed: DID NOT RAISE <class 'webdriver.error.InvalidArgumentException'>", "name": "test_invalid_values[platformName-value14-body1]"}, {"status": "FAIL", "message": "Failed: DID NOT RAISE <class 'webdriver.error.InvalidArgumentException'>", "name": "test_invalid_values[platformName-False-body0]"}, {"status": "FAIL", "message": "Failed: DID NOT RAISE <class 'webdriver.error.InvalidArgumentException'>", "name": "test_invalid_values[platformName-False-body1]"}, {"status": "FAIL", "message": "UnknownErrorException: unknown error (500): cannot parse capabilitypageLoadStrategyfrom unknown errormust be a string", "name": "test_invalid_values[pageLoadStrategy-1-body0]"}, {"status": "FAIL", "message": "Failed: DID NOT RAISE <class 'webdriver.error.InvalidArgumentException'>", "name": "test_invalid_values[pageLoadStrategy-1-body1]"}, {"status": "FAIL", "message": "UnknownErrorException: unknown error (500): cannot parse capabilitypageLoadStrategyfrom unknown errormust be a string", "name": "test_invalid_values[pageLoadStrategy-value17-body0]"}, {"status": "FAIL", "message": "Failed: DID NOT RAISE <class 'webdriver.error.InvalidArgumentException'>", "name": "test_invalid_values[pageLoadStrategy-value17-body1]"}, {"status": "FAIL", "message": "UnknownErrorException: unknown error (500): cannot parse capabilitypageLoadStrategyfrom unknown errormust be a string", "name": "test_invalid_values[pageLoadStrategy-value18-body0]"}, {"status": "FAIL", "message": "Failed: DID NOT RAISE <class 'webdriver.error.InvalidArgumentException'>", "name": "test_invalid_values[pageLoadStrategy-value18-body1]"}, {"status": "FAIL", "message": "UnknownErrorException: unknown error (500): cannot parse capabilitypageLoadStrategyfrom unknown errormust be a string", "name": "test_invalid_values[pageLoadStrategy-False-body0]"}, {"status": "FAIL", "message": "Failed: DID NOT RAISE <class 'webdriver.error.InvalidArgumentException'>", "name": "test_invalid_values[pageLoadStrategy-False-body1]"}, {"status": "FAIL", "message": "UnknownErrorException: unknown error (500): cannot parse capabilitypageLoadStrategyfrom unknown errorpage load strategy unsupported", "name": "test_invalid_values[pageLoadStrategy-invalid-body0]"}, {"status": "FAIL", "message": "Failed: DID NOT RAISE <class 'webdriver.error.InvalidArgumentException'>", "name": "test_invalid_values[pageLoadStrategy-invalid-body1]"}, {"status": "FAIL", "message": "UnknownErrorException: unknown error (500): cannot parse capabilitypageLoadStrategyfrom unknown errorpage load strategy unsupported", "name": "test_invalid_values[pageLoadStrategy-NONE-body0]"}, {"status": "FAIL", "message": "Failed: DID NOT RAISE <class 'webdriver.error.InvalidArgumentException'>", "name": "test_invalid_values[pageLoadStrategy-NONE-body1]"}, {"status": "FAIL", "message": "UnknownErrorException: unknown error (500): cannot parse capabilitypageLoadStrategyfrom unknown errorpage load strategy unsupported", "name": "test_invalid_values[pageLoadStrategy-Eager-body0]"}, {"status": "FAIL", "message": "Failed: DID NOT RAISE <class 'webdriver.error.InvalidArgumentException'>", "name": "test_invalid_values[pageLoadStrategy-Eager-body1]"}, {"status": "FAIL", "message": "UnknownErrorException: unknown error (500): cannot parse capabilitypageLoadStrategyfrom unknown errorpage load strategy unsupported", "name": "test_invalid_values[pageLoadStrategy-eagerblah-body0]"}, {"status": "FAIL", "message": "Failed: DID NOT RAISE <class 'webdriver.error.InvalidArgumentException'>", "name": "test_invalid_values[pageLoadStrategy-eagerblah-body1]"}, {"status": "FAIL", "message": "UnknownErrorException: unknown error (500): cannot parse capabilitypageLoadStrategyfrom unknown errorpage load strategy unsupported", "name": "test_invalid_values[pageLoadStrategy-interactive-body0]"}, {"status": "FAIL", "message": "Failed: DID NOT RAISE <class 'webdriver.error.InvalidArgumentException'>", "name": "test_invalid_values[pageLoadStrategy-interactive-body1]"}, {"status": "FAIL", "message": "UnknownErrorException: unknown error (500): cannot parse capabilitypageLoadStrategyfrom unknown errorpage load strategy unsupported", "name": "test_invalid_values[pageLoadStrategy- eager-body0]"}, {"status": "FAIL", "message": "Failed: DID NOT RAISE <class 'webdriver.error.InvalidArgumentException'>", "name": "test_invalid_values[pageLoadStrategy- eager-body1]"}, {"status": "FAIL", "message": "UnknownErrorException: unknown error (500): cannot parse capabilitypageLoadStrategyfrom unknown errorpage load strategy unsupported", "name": "test_invalid_values[pageLoadStrategy-eager -body0]"}, {"status": "FAIL", "message": "Failed: DID NOT RAISE <class 'webdriver.error.InvalidArgumentException'>", "name": "test_invalid_values[pageLoadStrategy-eager -body1]"}, {"status": "FAIL", "message": "UnknownErrorException: unknown error (500): cannot parse capabilityproxyfrom unknown errormust be a dictionary", "name": "test_invalid_values[proxy-1-body0]"}, {"status": "FAIL", "message": "Failed: DID NOT RAISE <class 'webdriver.error.InvalidArgumentException'>", "name": "test_invalid_values[proxy-1-body1]"}, {"status": "FAIL", "message": "UnknownErrorException: unknown error (500): cannot parse capabilityproxyfrom unknown errormust be a dictionary", "name": "test_invalid_values[proxy-value28-body0]"}, {"status": "FAIL", "message": "Failed: DID NOT RAISE <class 'webdriver.error.InvalidArgumentException'>", "name": "test_invalid_values[proxy-value28-body1]"}, {"status": "FAIL", "message": "UnknownErrorException: unknown error (500): cannot parse capabilityproxyfrom unknown errormust be a dictionary", "name": "test_invalid_values[proxy-{}-body0]"}, {"status": "FAIL", "message": "Failed: DID NOT RAISE <class 'webdriver.error.InvalidArgumentException'>", "name": "test_invalid_values[proxy-{}-body1]"}, {"status": "FAIL", "message": "Failed: DID NOT RAISE <class 'webdriver.error.InvalidArgumentException'>", "name": "test_invalid_values[proxy-value30-body0]"}, {"status": "FAIL", "message": "Failed: DID NOT RAISE <class 'webdriver.error.InvalidArgumentException'>", "name": "test_invalid_values[proxy-value30-body1]"}, {"status": "FAIL", "message": "UnknownErrorException: unknown error (500): cannot parse capabilityproxyfrom unknown errorunrecognized proxy typesystemsomething", "name": "test_invalid_values[proxy-value31-body0]"}, {"status": "FAIL", "message": "Failed: DID NOT RAISE <class 'webdriver.error.InvalidArgumentException'>", "name": "test_invalid_values[proxy-value31-body1]"}, {"status": "FAIL", "message": "UnknownErrorException: unknown error (500): cannot parse capabilityproxyfrom unknown error'proxyType' must be a string", "name": "test_invalid_values[proxy-value32-body0]"}, {"status": "FAIL", "message": "Failed: DID NOT RAISE <class 'webdriver.error.InvalidArgumentException'>", "name": "test_invalid_values[proxy-value32-body1]"}, {"status": "FAIL", "message": "UnknownErrorException: unknown error (500): cannot parse capabilityproxyfrom unknown error'proxyType' must be a string", "name": "test_invalid_values[proxy-value33-body0]"}, {"status": "FAIL", "message": "Failed: DID NOT RAISE <class 'webdriver.error.InvalidArgumentException'>", "name": "test_invalid_values[proxy-value33-body1]"}, {"status": "FAIL", "message": "UnknownErrorException: unknown error (500): cannot parse capabilityproxyfrom unknown error'proxyType' must be a string", "name": "test_invalid_values[proxy-value34-body0]"}, {"status": "FAIL", "message": "Failed: DID NOT RAISE <class 'webdriver.error.InvalidArgumentException'>", "name": "test_invalid_values[proxy-value34-body1]"}, {"status": "FAIL", "message": "UnknownErrorException: unknown error (500): cannot parse capabilityproxyfrom unknown error'proxyType' must be a string", "name": "test_invalid_values[proxy-value35-body0]"}, {"status": "FAIL", "message": "Failed: DID NOT RAISE <class 'webdriver.error.InvalidArgumentException'>", "name": "test_invalid_values[proxy-value35-body1]"}, {"status": "FAIL", "message": "UnknownErrorException: unknown error (500): cannot parse capabilityproxyfrom unknown error'proxyType' must be a string", "name": "test_invalid_values[proxy-value36-body0]"}, {"status": "FAIL", "message": "Failed: DID NOT RAISE <class 'webdriver.error.InvalidArgumentException'>", "name": "test_invalid_values[proxy-value36-body1]"}, {"status": "FAIL", "message": "UnknownErrorException: unknown error (500): cannot parse capabilityproxyfrom unknown error'proxyType' must be a string", "name": "test_invalid_values[proxy-value37-body0]"}, {"status": "FAIL", "message": "Failed: DID NOT RAISE <class 'webdriver.error.InvalidArgumentException'>", "name": "test_invalid_values[proxy-value37-body1]"}, {"status": "FAIL", "message": "UnknownErrorException: unknown error (500): cannot parse capabilityproxyfrom unknown error'proxyType' must be a string", "name": "test_invalid_values[proxy-value38-body0]"}, {"status": "FAIL", "message": "Failed: DID NOT RAISE <class 'webdriver.error.InvalidArgumentException'>", "name": "test_invalid_values[proxy-value38-body1]"}, {"status": "FAIL", "message": "UnknownErrorException: unknown error (500): cannot parse capabilityproxyfrom unknown error'proxyType' must be a string", "name": "test_invalid_values[proxy-value39-body0]"}, {"status": "FAIL", "message": "Failed: DID NOT RAISE <class 'webdriver.error.InvalidArgumentException'>", "name": "test_invalid_values[proxy-value39-body1]"}, {"status": "FAIL", "message": "UnknownErrorException: unknown error (500): cannot parse capabilityproxyfrom unknown error'proxyType' must be a string", "name": "test_invalid_values[proxy-value40-body0]"}, {"status": "FAIL", "message": "Failed: DID NOT RAISE <class 'webdriver.error.InvalidArgumentException'>", "name": "test_invalid_values[proxy-value40-body1]"}, {"status": "FAIL", "message": "UnknownErrorException: unknown error (500): cannot parse capabilityproxyfrom unknown error'proxyType' must be a string", "name": "test_invalid_values[proxy-value41-body0]"}, {"status": "FAIL", "message": "Failed: DID NOT RAISE <class 'webdriver.error.InvalidArgumentException'>", "name": "test_invalid_values[proxy-value41-body1]"}, {"status": "FAIL", "message": "UnknownErrorException: unknown error (500): cannot parse capabilityproxyfrom unknown error'proxyType' must be a string", "name": "test_invalid_values[proxy-value42-body0]"}, {"status": "FAIL", "message": "Failed: DID NOT RAISE <class 'webdriver.error.InvalidArgumentException'>", "name": "test_invalid_values[proxy-value42-body1]"}, {"status": "FAIL", "message": "UnknownErrorException: unknown error (500): cannot parse capabilityproxyfrom unknown error'proxyType' must be a string", "name": "test_invalid_values[proxy-value43-body0]"}, {"status": "FAIL", "message": "Failed: DID NOT RAISE <class 'webdriver.error.InvalidArgumentException'>", "name": "test_invalid_values[proxy-value43-body1]"}, {"status": "FAIL", "message": "UnknownErrorException: unknown error (500): cannot parse capabilityproxyfrom unknown errorunrecognized proxy typesystem", "name": "test_invalid_values[proxy-value44-body0]"}, {"status": "FAIL", "message": "Failed: DID NOT RAISE <class 'webdriver.error.InvalidArgumentException'>", "name": "test_invalid_values[proxy-value44-body1]"}, {"status": "FAIL", "message": "Failed: DID NOT RAISE <class 'webdriver.error.InvalidArgumentException'>", "name": "test_invalid_values[timeouts-1-body0]"}, {"status": "FAIL", "message": "Failed: DID NOT RAISE <class 'webdriver.error.InvalidArgumentException'>", "name": "test_invalid_values[timeouts-1-body1]"}, {"status": "FAIL", "message": "Failed: DID NOT RAISE <class 'webdriver.error.InvalidArgumentException'>", "name": "test_invalid_values[timeouts-value46-body0]"}, {"status": "FAIL", "message": "Failed: DID NOT RAISE <class 'webdriver.error.InvalidArgumentException'>", "name": "test_invalid_values[timeouts-value46-body1]"}, {"status": "FAIL", "message": "Failed: DID NOT RAISE <class 'webdriver.error.InvalidArgumentException'>", "name": "test_invalid_values[timeouts-{}-body0]"}, {"status": "FAIL", "message": "Failed: DID NOT RAISE <class 'webdriver.error.InvalidArgumentException'>", "name": "test_invalid_values[timeouts-{}-body1]"}, {"status": "FAIL", "message": "Failed: DID NOT RAISE <class 'webdriver.error.InvalidArgumentException'>", "name": "test_invalid_values[timeouts-False-body0]"}, {"status": "FAIL", "message": "Failed: DID NOT RAISE <class 'webdriver.error.InvalidArgumentException'>", "name": "test_invalid_values[timeouts-False-body1]"}, {"status": "FAIL", "message": "Failed: DID NOT RAISE <class 'webdriver.error.InvalidArgumentException'>", "name": "test_invalid_values[timeouts-value49-body0]"}, {"status": "FAIL", "message": "Failed: DID NOT RAISE <class 'webdriver.error.InvalidArgumentException'>", "name": "test_invalid_values[timeouts-value49-body1]"}, {"status": "FAIL", "message": "Failed: DID NOT RAISE <class 'webdriver.error.InvalidArgumentException'>", "name": "test_invalid_values[timeouts-value50-body0]"}, {"status": "FAIL", "message": "Failed: DID NOT RAISE <class 'webdriver.error.InvalidArgumentException'>", "name": "test_invalid_values[timeouts-value50-body1]"}, {"status": "FAIL", "message": "Failed: DID NOT RAISE <class 'webdriver.error.InvalidArgumentException'>", "name": "test_invalid_values[timeouts-value51-body0]"}, {"status": "FAIL", "message": "Failed: DID NOT RAISE <class 'webdriver.error.InvalidArgumentException'>", "name": "test_invalid_values[timeouts-value51-body1]"}, {"status": "FAIL", "message": "Failed: DID NOT RAISE <class 'webdriver.error.InvalidArgumentException'>", "name": "test_invalid_values[timeouts-value52-body0]"}, {"status": "FAIL", "message": "Failed: DID NOT RAISE <class 'webdriver.error.InvalidArgumentException'>", "name": "test_invalid_values[timeouts-value52-body1]"}, {"status": "FAIL", "message": "Failed: DID NOT RAISE <class 'webdriver.error.InvalidArgumentException'>", "name": "test_invalid_values[timeouts-value53-body0]"}, {"status": "FAIL", "message": "Failed: DID NOT RAISE <class 'webdriver.error.InvalidArgumentException'>", "name": "test_invalid_values[timeouts-value53-body1]"}, {"status": "FAIL", "message": "Failed: DID NOT RAISE <class 'webdriver.error.InvalidArgumentException'>", "name": "test_invalid_values[timeouts-value54-body0]"}, {"status": "FAIL", "message": "Failed: DID NOT RAISE <class 'webdriver.error.InvalidArgumentException'>", "name": "test_invalid_values[timeouts-value54-body1]"}, {"status": "FAIL", "message": "Failed: DID NOT RAISE <class 'webdriver.error.InvalidArgumentException'>", "name": "test_invalid_values[timeouts-value55-body0]"}, {"status": "FAIL", "message": "Failed: DID NOT RAISE <class 'webdriver.error.InvalidArgumentException'>", "name": "test_invalid_values[timeouts-value55-body1]"}, {"status": "FAIL", "message": "Failed: DID NOT RAISE <class 'webdriver.error.InvalidArgumentException'>", "name": "test_invalid_values[timeouts-value56-body0]"}, {"status": "FAIL", "message": "Failed: DID NOT RAISE <class 'webdriver.error.InvalidArgumentException'>", "name": "test_invalid_values[timeouts-value56-body1]"}, {"status": "FAIL", "message": "Failed: DID NOT RAISE <class 'webdriver.error.InvalidArgumentException'>", "name": "test_invalid_values[timeouts-value57-body0]"}, {"status": "FAIL", "message": "Failed: DID NOT RAISE <class 'webdriver.error.InvalidArgumentException'>", "name": "test_invalid_values[timeouts-value57-body1]"}, {"status": "FAIL", "message": "Failed: DID NOT RAISE <class 'webdriver.error.InvalidArgumentException'>", "name": "test_invalid_values[timeouts-value58-body0]"}, {"status": "FAIL", "message": "Failed: DID NOT RAISE <class 'webdriver.error.InvalidArgumentException'>", "name": "test_invalid_values[timeouts-value58-body1]"}, {"status": "FAIL", "message": "Failed: DID NOT RAISE <class 'webdriver.error.InvalidArgumentException'>", "name": "test_invalid_values[timeouts-value59-body0]"}, {"status": "FAIL", "message": "Failed: DID NOT RAISE <class 'webdriver.error.InvalidArgumentException'>", "name": "test_invalid_values[timeouts-value59-body1]"}, {"status": "FAIL", "message": "Failed: DID NOT RAISE <class 'webdriver.error.InvalidArgumentException'>", "name": "test_invalid_values[timeouts-value60-body0]"}, {"status": "FAIL", "message": "Failed: DID NOT RAISE <class 'webdriver.error.InvalidArgumentException'>", "name": "test_invalid_values[timeouts-value60-body1]"}, {"status": "FAIL", "message": "Failed: DID NOT RAISE <class 'webdriver.error.InvalidArgumentException'>", "name": "test_invalid_values[timeouts-value61-body0]"}, {"status": "FAIL", "message": "Failed: DID NOT RAISE <class 'webdriver.error.InvalidArgumentException'>", "name": "test_invalid_values[timeouts-value61-body1]"}, {"status": "FAIL", "message": "Failed: DID NOT RAISE <class 'webdriver.error.InvalidArgumentException'>", "name": "test_invalid_values[unhandledPromptBehavior-1-body0]"}, {"status": "FAIL", "message": "Failed: DID NOT RAISE <class 'webdriver.error.InvalidArgumentException'>", "name": "test_invalid_values[unhandledPromptBehavior-1-body1]"}, {"status": "FAIL", "message": "Failed: DID NOT RAISE <class 'webdriver.error.InvalidArgumentException'>", "name": "test_invalid_values[unhandledPromptBehavior-value63-body0]"}, {"status": "FAIL", "message": "Failed: DID NOT RAISE <class 'webdriver.error.InvalidArgumentException'>", "name": "test_invalid_values[unhandledPromptBehavior-value63-body1]"}, {"status": "FAIL", "message": "Failed: DID NOT RAISE <class 'webdriver.error.InvalidArgumentException'>", "name": "test_invalid_values[unhandledPromptBehavior-value64-body0]"}, {"status": "FAIL", "message": "Failed: DID NOT RAISE <class 'webdriver.error.InvalidArgumentException'>", "name": "test_invalid_values[unhandledPromptBehavior-value64-body1]"}, {"status": "FAIL", "message": "Failed: DID NOT RAISE <class 'webdriver.error.InvalidArgumentException'>", "name": "test_invalid_values[unhandledPromptBehavior-False-body0]"}, {"status": "FAIL", "message": "Failed: DID NOT RAISE <class 'webdriver.error.InvalidArgumentException'>", "name": "test_invalid_values[unhandledPromptBehavior-False-body1]"}, {"status": "FAIL", "message": "Failed: DID NOT RAISE <class 'webdriver.error.InvalidArgumentException'>", "name": "test_invalid_values[unhandledPromptBehavior-DISMISS-body0]"}, {"status": "FAIL", "message": "Failed: DID NOT RAISE <class 'webdriver.error.InvalidArgumentException'>", "name": "test_invalid_values[unhandledPromptBehavior-DISMISS-body1]"}, {"status": "FAIL", "message": "Failed: DID NOT RAISE <class 'webdriver.error.InvalidArgumentException'>", "name": "test_invalid_values[unhandledPromptBehavior-dismissABC-body0]"}, {"status": "FAIL", "message": "Failed: DID NOT RAISE <class 'webdriver.error.InvalidArgumentException'>", "name": "test_invalid_values[unhandledPromptBehavior-dismissABC-body1]"}, {"status": "FAIL", "message": "Failed: DID NOT RAISE <class 'webdriver.error.InvalidArgumentException'>", "name": "test_invalid_values[unhandledPromptBehavior-Accept-body0]"}, {"status": "FAIL", "message": "Failed: DID NOT RAISE <class 'webdriver.error.InvalidArgumentException'>", "name": "test_invalid_values[unhandledPromptBehavior-Accept-body1]"}, {"status": "FAIL", "message": "Failed: DID NOT RAISE <class 'webdriver.error.InvalidArgumentException'>", "name": "test_invalid_values[unhandledPromptBehavior- dismiss-body0]"}, {"status": "FAIL", "message": "Failed: DID NOT RAISE <class 'webdriver.error.InvalidArgumentException'>", "name": "test_invalid_values[unhandledPromptBehavior- dismiss-body1]"}, {"status": "FAIL", "message": "Failed: DID NOT RAISE <class 'webdriver.error.InvalidArgumentException'>", "name": "test_invalid_values[unhandledPromptBehavior-dismiss -body0]"}, {"status": "FAIL", "message": "Failed: DID NOT RAISE <class 'webdriver.error.InvalidArgumentException'>", "name": "test_invalid_values[unhandledPromptBehavior-dismiss -body1]"}, {"status": "FAIL", "message": "Failed: DID NOT RAISE <class 'webdriver.error.InvalidArgumentException'>", "name": "test_invalid_extensions[firefox-body0]"}, {"status": "FAIL", "message": "Failed: DID NOT RAISE <class 'webdriver.error.InvalidArgumentException'>", "name": "test_invalid_extensions[firefox-body1]"}, {"status": "FAIL", "message": "Failed: DID NOT RAISE <class 'webdriver.error.InvalidArgumentException'>", "name": "test_invalid_extensions[firefox_binary-body0]"}, {"status": "FAIL", "message": "Failed: DID NOT RAISE <class 'webdriver.error.InvalidArgumentException'>", "name": "test_invalid_extensions[firefox_binary-body1]"}, {"status": "FAIL", "message": "Failed: DID NOT RAISE <class 'webdriver.error.InvalidArgumentException'>", "name": "test_invalid_extensions[firefoxOptions-body0]"}, {"status": "FAIL", "message": "Failed: DID NOT RAISE <class 'webdriver.error.InvalidArgumentException'>", "name": "test_invalid_extensions[firefoxOptions-body1]"}, {"status": "FAIL", "message": "AssertionError", "name": "test_invalid_extensions[chromeOptions-body0]"}, {"status": "FAIL", "message": "AssertionError", "name": "test_invalid_extensions[chromeOptions-body1]"}, {"status": "FAIL", "message": "Failed: DID NOT RAISE <class 'webdriver.error.InvalidArgumentException'>", "name": "test_invalid_extensions[automaticInspection-body0]"}, {"status": "FAIL", "message": "Failed: DID NOT RAISE <class 'webdriver.error.InvalidArgumentException'>", "name": "test_invalid_extensions[automaticInspection-body1]"}, {"status": "FAIL", "message": "Failed: DID NOT RAISE <class 'webdriver.error.InvalidArgumentException'>", "name": "test_invalid_extensions[automaticProfiling-body0]"}, {"status": "FAIL", "message": "Failed: DID NOT RAISE <class 'webdriver.error.InvalidArgumentException'>", "name": "test_invalid_extensions[automaticProfiling-body1]"}, {"status": "FAIL", "message": "AssertionError", "name": "test_invalid_extensions[platform-body0]"}, {"status": "FAIL", "message": "AssertionError", "name": "test_invalid_extensions[platform-body1]"}, {"status": "FAIL", "message": "AssertionError", "name": "test_invalid_extensions[version-body0]"}, {"status": "FAIL", "message": "AssertionError", "name": "test_invalid_extensions[version-body1]"}, {"status": "FAIL", "message": "Failed: DID NOT RAISE <class 'webdriver.error.InvalidArgumentException'>", "name": "test_invalid_extensions[browser-body0]"}, {"status": "FAIL", "message": "Failed: DID NOT RAISE <class 'webdriver.error.InvalidArgumentException'>", "name": "test_invalid_extensions[browser-body1]"}, {"status": "FAIL", "message": "Failed: DID NOT RAISE <class 'webdriver.error.InvalidArgumentException'>", "name": "test_invalid_extensions[platformVersion-body0]"}, {"status": "FAIL", "message": "Failed: DID NOT RAISE <class 'webdriver.error.InvalidArgumentException'>", "name": "test_invalid_extensions[platformVersion-body1]"}, {"status": "FAIL", "message": "Failed: DID NOT RAISE <class 'webdriver.error.InvalidArgumentException'>", "name": "test_invalid_extensions[javascriptEnabled-body0]"}, {"status": "FAIL", "message": "Failed: DID NOT RAISE <class 'webdriver.error.InvalidArgumentException'>", "name": "test_invalid_extensions[javascriptEnabled-body1]"}, {"status": "FAIL", "message": "Failed: DID NOT RAISE <class 'webdriver.error.InvalidArgumentException'>", "name": "test_invalid_extensions[nativeEvents-body0]"}, {"status": "FAIL", "message": "Failed: DID NOT RAISE <class 'webdriver.error.InvalidArgumentException'>", "name": "test_invalid_extensions[nativeEvents-body1]"}, {"status": "FAIL", "message": "Failed: DID NOT RAISE <class 'webdriver.error.InvalidArgumentException'>", "name": "test_invalid_extensions[seleniumProtocol-body0]"}, {"status": "FAIL", "message": "Failed: DID NOT RAISE <class 'webdriver.error.InvalidArgumentException'>", "name": "test_invalid_extensions[seleniumProtocol-body1]"}, {"status": "FAIL", "message": "Failed: DID NOT RAISE <class 'webdriver.error.InvalidArgumentException'>", "name": "test_invalid_extensions[profile-body0]"}, {"status": "FAIL", "message": "Failed: DID NOT RAISE <class 'webdriver.error.InvalidArgumentException'>", "name": "test_invalid_extensions[profile-body1]"}, {"status": "FAIL", "message": "Failed: DID NOT RAISE <class 'webdriver.error.InvalidArgumentException'>", "name": "test_invalid_extensions[trustAllSSLCertificates-body0]"}, {"status": "FAIL", "message": "Failed: DID NOT RAISE <class 'webdriver.error.InvalidArgumentException'>", "name": "test_invalid_extensions[trustAllSSLCertificates-body1]"}, {"status": "FAIL", "message": "Failed: DID NOT RAISE <class 'webdriver.error.InvalidArgumentException'>", "name": "test_invalid_extensions[initialBrowserUrl-body0]"}, {"status": "FAIL", "message": "Failed: DID NOT RAISE <class 'webdriver.error.InvalidArgumentException'>", "name": "test_invalid_extensions[initialBrowserUrl-body1]"}, {"status": "FAIL", "message": "Failed: DID NOT RAISE <class 'webdriver.error.InvalidArgumentException'>", "name": "test_invalid_extensions[requireWindowFocus-body0]"}, {"status": "FAIL", "message": "Failed: DID NOT RAISE <class 'webdriver.error.InvalidArgumentException'>", "name": "test_invalid_extensions[requireWindowFocus-body1]"}, {"status": "FAIL", "message": "Failed: DID NOT RAISE <class 'webdriver.error.InvalidArgumentException'>", "name": "test_invalid_extensions[logFile-body0]"}, {"status": "FAIL", "message": "Failed: DID NOT RAISE <class 'webdriver.error.InvalidArgumentException'>", "name": "test_invalid_extensions[logFile-body1]"}, {"status": "FAIL", "message": "Failed: DID NOT RAISE <class 'webdriver.error.InvalidArgumentException'>", "name": "test_invalid_extensions[logLevel-body0]"}, {"status": "FAIL", "message": "Failed: DID NOT RAISE <class 'webdriver.error.InvalidArgumentException'>", "name": "test_invalid_extensions[logLevel-body1]"}, {"status": "FAIL", "message": "Failed: DID NOT RAISE <class 'webdriver.error.InvalidArgumentException'>", "name": "test_invalid_extensions[safari.options-body0]"}, {"status": "FAIL", "message": "Failed: DID NOT RAISE <class 'webdriver.error.InvalidArgumentException'>", "name": "test_invalid_extensions[safari.options-body1]"}, {"status": "FAIL", "message": "Failed: DID NOT RAISE <class 'webdriver.error.InvalidArgumentException'>", "name": "test_invalid_extensions[ensureCleanSession-body0]"}, {"status": "FAIL", "message": "Failed: DID NOT RAISE <class 'webdriver.error.InvalidArgumentException'>", "name": "test_invalid_extensions[ensureCleanSession-body1]"}]}, {"test": "/webdriver/tests/maximize_window/user_prompts.py", "status": "OK", "message": null, "duration": 8316, "subtests": [{"status": "PASS", "message": null, "name": "test_handle_prompt_dismiss_and_notify"}, {"status": "PASS", "message": null, "name": "test_handle_prompt_accept_and_notify"}, {"status": "PASS", "message": null, "name": "test_handle_prompt_ignore"}, {"status": "FAIL", "message": "AssertionError: Dialog with text 'dismiss #1' was not handled.", "name": "test_handle_prompt_accept"}, {"status": "FAIL", "message": "assert 200 == 500", "name": "test_handle_prompt_missing_value"}]}, {"test": "/webdriver/tests/page_source/source.py", "status": "OK", "message": null, "duration": 5969, "subtests": [{"status": "FAIL", "message": "assert '<html xmlns=.../body></html>' == '<html><head><.../body></html>'", "name": "test_source_matches_outer_html"}]}]}