{"run_info": {"product": "firefox", "bits": 64, "has_sandbox": true, "e10s": true, "service_pack": "", "os_version": "10.0", "browser_version": "61.0.2", "version": "10.0.17741", "wasm": true, "headless": false, "verify": false, "debug": false, "os": "win", "processor": "x86_64", "revision": "203c34855f6871d6e55eaf7b55b50dad563f781f"}, "time_start": 1534599354427, "time_end": 1534600884321, "results": [{"test": "/webdriver/tests/element_clear/clear.py", "status": "OK", "message": null, "duration": 10343, "subtests": [{"status": "PASS", "message": null, "name": "test_null_response_value"}, {"status": "PASS", "message": null, "name": "test_no_browsing_context"}, {"status": "PASS", "message": null, "name": "test_connected_element"}, {"status": "PASS", "message": null, "name": "test_pointer_interactable"}, {"status": "PASS", "message": null, "name": "test_keyboard_interactable"}, {"status": "PASS", "message": null, "name": "test_input[number-42-]"}, {"status": "PASS", "message": null, "name": "test_input[range-42-50]"}, {"status": "PASS", "message": null, "name": "test_input[email-foo@example.com-]"}, {"status": "PASS", "message": null, "name": "test_input[password-password-]"}, {"status": "PASS", "message": null, "name": "test_input[search-search-]"}, {"status": "PASS", "message": null, "name": "test_input[tel-999-]"}, {"status": "PASS", "message": null, "name": "test_input[text-text-]"}, {"status": "PASS", "message": null, "name": "test_input[url-https://example.com/-]"}, {"status": "PASS", "message": null, "name": "test_input[color-#ff0000-#000000]"}, {"status": "PASS", "message": null, "name": "test_input[date-2017-12-26-]"}, {"status": "PASS", "message": null, "name": "test_input[datetime-2017-12-26T19:48-]"}, {"status": "PASS", "message": null, "name": "test_input[datetime-local-2017-12-26T19:48-]"}, {"status": "PASS", "message": null, "name": "test_input[time-19:48-]"}, {"status": "PASS", "message": null, "name": "test_input[month-2017-11-]"}, {"status": "PASS", "message": null, "name": "test_input[week-2017-W52-]"}, {"status": "PASS", "message": null, "name": "test_input_disabled[number]"}, {"status": "PASS", "message": null, "name": "test_input_disabled[range]"}, {"status": "PASS", "message": null, "name": "test_input_disabled[email]"}, {"status": "PASS", "message": null, "name": "test_input_disabled[password]"}, {"status": "PASS", "message": null, "name": "test_input_disabled[search]"}, {"status": "PASS", "message": null, "name": "test_input_disabled[tel]"}, {"status": "PASS", "message": null, "name": "test_input_disabled[text]"}, {"status": "PASS", "message": null, "name": "test_input_disabled[url]"}, {"status": "PASS", "message": null, "name": "test_input_disabled[color]"}, {"status": "PASS", "message": null, "name": "test_input_disabled[date]"}, {"status": "PASS", "message": null, "name": "test_input_disabled[datetime]"}, {"status": "PASS", "message": null, "name": "test_input_disabled[datetime-local]"}, {"status": "PASS", "message": null, "name": "test_input_disabled[time]"}, {"status": "PASS", "message": null, "name": "test_input_disabled[month]"}, {"status": "PASS", "message": null, "name": "test_input_disabled[week]"}, {"status": "PASS", "message": null, "name": "test_input_disabled[file]"}, {"status": "PASS", "message": null, "name": "test_input_readonly[number]"}, {"status": "PASS", "message": null, "name": "test_input_readonly[range]"}, {"status": "PASS", "message": null, "name": "test_input_readonly[email]"}, {"status": "PASS", "message": null, "name": "test_input_readonly[password]"}, {"status": "PASS", "message": null, "name": "test_input_readonly[search]"}, {"status": "PASS", "message": null, "name": "test_input_readonly[tel]"}, {"status": "PASS", "message": null, "name": "test_input_readonly[text]"}, {"status": "PASS", "message": null, "name": "test_input_readonly[url]"}, {"status": "PASS", "message": null, "name": "test_input_readonly[color]"}, {"status": "PASS", "message": null, "name": "test_input_readonly[date]"}, {"status": "PASS", "message": null, "name": "test_input_readonly[datetime]"}, {"status": "PASS", "message": null, "name": "test_input_readonly[datetime-local]"}, {"status": "PASS", "message": null, "name": "test_input_readonly[time]"}, {"status": "PASS", "message": null, "name": "test_input_readonly[month]"}, {"status": "PASS", "message": null, "name": "test_input_readonly[week]"}, {"status": "PASS", "message": null, "name": "test_input_readonly[file]"}, {"status": "PASS", "message": null, "name": "test_textarea"}, {"status": "PASS", "message": null, "name": "test_textarea_disabled"}, {"status": "PASS", "message": null, "name": "test_textarea_readonly"}, {"status": "PASS", "message": null, "name": "test_input_file"}, {"status": "PASS", "message": null, "name": "test_input_file_multiple"}, {"status": "PASS", "message": null, "name": "test_select"}, {"status": "PASS", "message": null, "name": "test_button"}, {"status": "PASS", "message": null, "name": "test_button_with_subtree"}, {"status": "PASS", "message": null, "name": "test_contenteditable"}, {"status": "PASS", "message": null, "name": "test_designmode"}, {"status": "PASS", "message": null, "name": "test_resettable_element_focus_when_empty"}, {"status": "PASS", "message": null, "name": "test_resettable_element_does_not_satisfy_validation_constraints[number-foo]"}, {"status": "PASS", "message": null, "name": "test_resettable_element_does_not_satisfy_validation_constraints[range-foo]"}, {"status": "PASS", "message": null, "name": "test_resettable_element_does_not_satisfy_validation_constraints[email-foo]"}, {"status": "PASS", "message": null, "name": "test_resettable_element_does_not_satisfy_validation_constraints[url-foo]"}, {"status": "PASS", "message": null, "name": "test_resettable_element_does_not_satisfy_validation_constraints[color-foo]"}, {"status": "PASS", "message": null, "name": "test_resettable_element_does_not_satisfy_validation_constraints[date-foo]"}, {"status": "PASS", "message": null, "name": "test_resettable_element_does_not_satisfy_validation_constraints[datetime-foo]"}, {"status": "PASS", "message": null, "name": "test_resettable_element_does_not_satisfy_validation_constraints[datetime-local-foo]"}, {"status": "PASS", "message": null, "name": "test_resettable_element_does_not_satisfy_validation_constraints[time-foo]"}, {"status": "PASS", "message": null, "name": "test_resettable_element_does_not_satisfy_validation_constraints[month-foo]"}, {"status": "PASS", "message": null, "name": "test_resettable_element_does_not_satisfy_validation_constraints[week-foo]"}, {"status": "PASS", "message": null, "name": "test_non_editable_inputs[checkbox]"}, {"status": "PASS", "message": null, "name": "test_non_editable_inputs[radio]"}, {"status": "PASS", "message": null, "name": "test_non_editable_inputs[hidden]"}, {"status": "PASS", "message": null, "name": "test_non_editable_inputs[submit]"}, {"status": "PASS", "message": null, "name": "test_non_editable_inputs[button]"}, {"status": "PASS", "message": null, "name": "test_non_editable_inputs[image]"}, {"status": "PASS", "message": null, "name": "test_scroll_into_view"}]}, {"test": "/webdriver/tests/get_window_rect/user_prompts.py", "status": "OK", "message": null, "duration": 30172, "subtests": [{"status": "FAIL", "expected": "PASS", "message": "AssertionError: unexpected alert open (500):", "name": "test_accept[capabilities0-alert-None]"}, {"status": "FAIL", "expected": "PASS", "message": "AssertionError: unexpected alert open (500):", "name": "test_accept[capabilities0-confirm-True]"}, {"status": "FAIL", "expected": "PASS", "message": "AssertionError: unexpected alert open (500):", "name": "test_accept[capabilities0-prompt-]"}, {"status": "PASS", "message": null, "name": "test_accept_and_notify[capabilities0-alert-None]"}, {"status": "FAIL", "expected": "PASS", "message": "assert False == True", "name": "test_accept_and_notify[capabilities0-confirm-True]"}, {"status": "FAIL", "expected": "PASS", "message": "AssertionError: assert None == ''", "name": "test_accept_and_notify[capabilities0-prompt-]"}, {"status": "FAIL", "expected": "PASS", "message": "AssertionError: unexpected alert open (500):", "name": "test_dismiss[capabilities0-alert-None]"}, {"status": "FAIL", "expected": "PASS", "message": "AssertionError: unexpected alert open (500):", "name": "test_dismiss[capabilities0-confirm-False]"}, {"status": "FAIL", "expected": "PASS", "message": "AssertionError: unexpected alert open (500):", "name": "test_dismiss[capabilities0-prompt-None]"}, {"status": "PASS", "message": null, "name": "test_dismiss_and_notify[capabilities0-alert-None]"}, {"status": "PASS", "message": null, "name": "test_dismiss_and_notify[capabilities0-confirm-False]"}, {"status": "PASS", "message": null, "name": "test_dismiss_and_notify[capabilities0-prompt-None]"}, {"status": "FAIL", "expected": "PASS", "message": "NoSuchAlertException: no such alert (404): No modal dialog is currently open", "name": "test_ignore[capabilities0-alert]"}, {"status": "FAIL", "expected": "PASS", "message": "NoSuchAlertException: no such alert (404): No modal dialog is currently open", "name": "test_ignore[capabilities0-confirm]"}, {"status": "FAIL", "expected": "PASS", "message": "NoSuchAlertException: no such alert (404): No modal dialog is currently open", "name": "test_ignore[capabilities0-prompt]"}, {"status": "PASS", "message": null, "name": "test_default[alert-None]"}, {"status": "PASS", "message": null, "name": "test_default[confirm-False]"}, {"status": "PASS", "message": null, "name": "test_default[prompt-None]"}]}, {"test": "/webdriver/tests/actions/mouse.py", "status": "OK", "message": null, "duration": 13533, "subtests": [{"status": "PASS", "message": null, "name": "test_null_response_value"}, {"status": "PASS", "message": null, "name": "test_no_browsing_context"}, {"status": "PASS", "message": null, "name": "test_click_at_coordinates"}, {"status": "PASS", "message": null, "name": "test_context_menu_at_coordinates"}, {"status": "PASS", "message": null, "name": "test_click_element_center"}, {"status": "PASS", "message": null, "name": "test_click_navigation"}, {"status": "PASS", "message": null, "name": "test_drag_and_drop[20-0-0]"}, {"status": "PASS", "message": null, "name": "test_drag_and_drop[20-0-300]"}, {"status": "PASS", "message": null, "name": "test_drag_and_drop[20-0-800]"}, {"status": "PASS", "message": null, "name": "test_drag_and_drop[0-15-0]"}, {"status": "PASS", "message": null, "name": "test_drag_and_drop[0-15-300]"}, {"status": "PASS", "message": null, "name": "test_drag_and_drop[0-15-800]"}, {"status": "PASS", "message": null, "name": "test_drag_and_drop[10-15-0]"}, {"status": "PASS", "message": null, "name": "test_drag_and_drop[10-15-300]"}, {"status": "PASS", "message": null, "name": "test_drag_and_drop[10-15-800]"}, {"status": "PASS", "message": null, "name": "test_drag_and_drop[-20-0-0]"}, {"status": "PASS", "message": null, "name": "test_drag_and_drop[-20-0-300]"}, {"status": "PASS", "message": null, "name": "test_drag_and_drop[-20-0-800]"}, {"status": "PASS", "message": null, "name": "test_drag_and_drop[10--15-0]"}, {"status": "PASS", "message": null, "name": "test_drag_and_drop[10--15-300]"}, {"status": "PASS", "message": null, "name": "test_drag_and_drop[10--15-800]"}, {"status": "PASS", "message": null, "name": "test_drag_and_drop[-10--15-0]"}, {"status": "PASS", "message": null, "name": "test_drag_and_drop[-10--15-300]"}, {"status": "PASS", "message": null, "name": "test_drag_and_drop[-10--15-800]"}]}, {"test": "/webdriver/tests/new_session/create_alwaysMatch.py", "status": "OK", "message": null, "duration": 96312, "subtests": [{"status": "PASS", "message": null, "name": "test_valid[acceptInsecureCerts-False]"}, {"status": "PASS", "message": null, "name": "test_valid[acceptInsecureCerts-None]"}, {"status": "PASS", "message": null, "name": "test_valid[browserName-None]"}, {"status": "PASS", "message": null, "name": "test_valid[browserVersion-None]"}, {"status": "PASS", "message": null, "name": "test_valid[platformName-None]"}, {"status": "PASS", "message": null, "name": "test_valid[pageLoadStrategy-none]"}, {"status": "PASS", "message": null, "name": "test_valid[pageLoadStrategy-eager]"}, {"status": "PASS", "message": null, "name": "test_valid[pageLoadStrategy-normal]"}, {"status": "PASS", "message": null, "name": "test_valid[pageLoadStrategy-None]"}, {"status": "PASS", "message": null, "name": "test_valid[proxy-None]"}, {"status": "FAIL", "expected": "PASS", "message": "AssertionError: invalid argument (400): pageLoad timeouts value is not an integer: 2.0", "name": "test_valid[timeouts-value10]"}, {"status": "PASS", "message": null, "name": "test_valid[timeouts-value11]"}, {"status": "PASS", "message": null, "name": "test_valid[timeouts-value12]"}, {"status": "PASS", "message": null, "name": "test_valid[timeouts-value13]"}, {"status": "PASS", "message": null, "name": "test_valid[unhandledPromptBehavior-dismiss]"}, {"status": "PASS", "message": null, "name": "test_valid[unhandledPromptBehavior-accept]"}, {"status": "PASS", "message": null, "name": "test_valid[unhandledPromptBehavior-None]"}, {"status": "PASS", "message": null, "name": "test_valid[test:extension-True]"}, {"status": "PASS", "message": null, "name": "test_valid[test:extension-abc]"}, {"status": "PASS", "message": null, "name": "test_valid[test:extension-123]"}, {"status": "PASS", "message": null, "name": "test_valid[test:extension-value20]"}, {"status": "PASS", "message": null, "name": "test_valid[test:extension-value21]"}, {"status": "PASS", "message": null, "name": "test_valid[test:extension-None]"}]}, {"test": "/webdriver/tests/delete_cookie/delete.py", "status": "OK", "message": null, "duration": 515, "subtests": [{"status": "PASS", "message": null, "name": "test_null_response_value"}, {"status": "PASS", "message": null, "name": "test_no_browsing_context"}, {"status": "PASS", "message": null, "name": "test_unknown_cookie"}]}, {"test": "/webdriver/tests/get_title/user_prompts.py", "status": "OK", "message": null, "duration": 28435, "subtests": [{"status": "FAIL", "expected": "PASS", "message": "AssertionError: unexpected alert open (500):", "name": "test_accept[capabilities0-alert-None]"}, {"status": "FAIL", "expected": "PASS", "message": "AssertionError: unexpected alert open (500):", "name": "test_accept[capabilities0-confirm-True]"}, {"status": "FAIL", "expected": "PASS", "message": "AssertionError: unexpected alert open (500):", "name": "test_accept[capabilities0-prompt-]"}, {"status": "PASS", "message": null, "name": "test_accept_and_notify[capabilities0-alert-None]"}, {"status": "FAIL", "expected": "PASS", "message": "assert False == True", "name": "test_accept_and_notify[capabilities0-confirm-True]"}, {"status": "FAIL", "expected": "PASS", "message": "AssertionError: assert None == ''", "name": "test_accept_and_notify[capabilities0-prompt-]"}, {"status": "FAIL", "expected": "PASS", "message": "AssertionError: unexpected alert open (500):", "name": "test_dismiss[capabilities0-alert-None]"}, {"status": "FAIL", "expected": "PASS", "message": "AssertionError: unexpected alert open (500):", "name": "test_dismiss[capabilities0-confirm-False]"}, {"status": "FAIL", "expected": "PASS", "message": "AssertionError: unexpected alert open (500):", "name": "test_dismiss[capabilities0-prompt-None]"}, {"status": "PASS", "message": null, "name": "test_dismiss_and_notify[capabilities0-alert-None]"}, {"status": "PASS", "message": null, "name": "test_dismiss_and_notify[capabilities0-confirm-False]"}, {"status": "PASS", "message": null, "name": "test_dismiss_and_notify[capabilities0-prompt-None]"}, {"status": "FAIL", "expected": "PASS", "message": "NoSuchAlertException: no such alert (404): No modal dialog is currently open", "name": "test_ignore[capabilities0-alert]"}, {"status": "FAIL", "expected": "PASS", "message": "NoSuchAlertException: no such alert (404): No modal dialog is currently open", "name": "test_ignore[capabilities0-confirm]"}, {"status": "FAIL", "expected": "PASS", "message": "NoSuchAlertException: no such alert (404): No modal dialog is currently open", "name": "test_ignore[capabilities0-prompt]"}, {"status": "PASS", "message": null, "name": "test_default[alert-None]"}, {"status": "PASS", "message": null, "name": "test_default[confirm-False]"}, {"status": "PASS", "message": null, "name": "test_default[prompt-None]"}]}, {"test": "/webdriver/tests/element_click/click.py", "status": "OK", "message": null, "duration": 705, "subtests": [{"status": "PASS", "message": null, "name": "test_null_response_value"}, {"status": "FAIL", "expected": "PASS", "message": "ValueError: Element already in cache: foo", "name": "test_no_browsing_context"}]}, {"test": "/webdriver/tests/get_window_handle/get.py", "status": "OK", "message": null, "duration": 3936, "subtests": [{"status": "PASS", "message": null, "name": "test_no_browsing_context"}, {"status": "PASS", "message": null, "name": "test_basic"}]}, {"test": "/webdriver/tests/switch_to_parent_frame/switch.py", "status": "OK", "message": null, "duration": 672, "subtests": [{"status": "PASS", "message": null, "name": "test_null_response_value"}, {"status": "PASS", "message": null, "name": "test_no_browsing_context"}, {"status": "PASS", "message": null, "name": "test_stale_element_from_iframe"}]}, {"test": "/webdriver/tests/dismiss_alert/dismiss.py", "status": "OK", "message": null, "duration": 6201, "subtests": [{"status": "PASS", "message": null, "name": "test_null_response_value"}, {"status": "PASS", "message": null, "name": "test_no_browsing_context"}, {"status": "PASS", "message": null, "name": "test_no_user_prompt"}, {"status": "PASS", "message": null, "name": "test_dismiss_alert"}, {"status": "PASS", "message": null, "name": "test_dismiss_confirm"}, {"status": "PASS", "message": null, "name": "test_dismiss_prompt"}]}, {"test": "/webdriver/tests/get_element_attribute/get.py", "status": "OK", "message": null, "duration": 8062, "subtests": [{"status": "PASS", "message": null, "name": "test_no_browsing_context"}, {"status": "PASS", "message": null, "name": "test_element_not_found"}, {"status": "PASS", "message": null, "name": "test_element_stale"}, {"status": "PASS", "message": null, "name": "test_normal"}, {"status": "PASS", "message": null, "name": "test_boolean_attribute[audio-attrs0]"}, {"status": "PASS", "message": null, "name": "test_boolean_attribute[button-attrs1]"}, {"status": "PASS", "message": null, "name": "test_boolean_attribute[details-attrs2]"}, {"status": "PASS", "message": null, "name": "test_boolean_attribute[dialog-attrs3]"}, {"status": "PASS", "message": null, "name": "test_boolean_attribute[fieldset-attrs4]"}, {"status": "PASS", "message": null, "name": "test_boolean_attribute[form-attrs5]"}, {"status": "PASS", "message": null, "name": "test_boolean_attribute[iframe-attrs6]"}, {"status": "PASS", "message": null, "name": "test_boolean_attribute[img-attrs7]"}, {"status": "PASS", "message": null, "name": "test_boolean_attribute[input-attrs8]"}, {"status": "PASS", "message": null, "name": "test_boolean_attribute[menuitem-attrs9]"}, {"status": "PASS", "message": null, "name": "test_boolean_attribute[object-attrs10]"}, {"status": "PASS", "message": null, "name": "test_boolean_attribute[ol-attrs11]"}, {"status": "PASS", "message": null, "name": "test_boolean_attribute[optgroup-attrs12]"}, {"status": "PASS", "message": null, "name": "test_boolean_attribute[option-attrs13]"}, {"status": "PASS", "message": null, "name": "test_boolean_attribute[script-attrs14]"}, {"status": "PASS", "message": null, "name": "test_boolean_attribute[select-attrs15]"}, {"status": "PASS", "message": null, "name": "test_boolean_attribute[textarea-attrs16]"}, {"status": "PASS", "message": null, "name": "test_boolean_attribute[track-attrs17]"}, {"status": "PASS", "message": null, "name": "test_boolean_attribute[video-attrs18]"}, {"status": "PASS", "message": null, "name": "test_global_boolean_attributes"}]}, {"test": "/webdriver/tests/delete_cookie/user_prompts.py", "status": "OK", "message": null, "duration": 28374, "subtests": [{"status": "FAIL", "expected": "PASS", "message": "AssertionError: unexpected alert open (500):", "name": "test_accept[capabilities0-alert-None]"}, {"status": "FAIL", "expected": "PASS", "message": "AssertionError: unexpected alert open (500):", "name": "test_accept[capabilities0-confirm-True]"}, {"status": "FAIL", "expected": "PASS", "message": "AssertionError: unexpected alert open (500):", "name": "test_accept[capabilities0-prompt-]"}, {"status": "PASS", "message": null, "name": "test_accept_and_notify[capabilities0-alert-None]"}, {"status": "FAIL", "expected": "PASS", "message": "assert False == True", "name": "test_accept_and_notify[capabilities0-confirm-True]"}, {"status": "FAIL", "expected": "PASS", "message": "AssertionError: assert None == ''", "name": "test_accept_and_notify[capabilities0-prompt-]"}, {"status": "FAIL", "expected": "PASS", "message": "AssertionError: unexpected alert open (500):", "name": "test_dismiss[capabilities0-alert-None]"}, {"status": "FAIL", "expected": "PASS", "message": "AssertionError: unexpected alert open (500):", "name": "test_dismiss[capabilities0-confirm-False]"}, {"status": "FAIL", "expected": "PASS", "message": "AssertionError: unexpected alert open (500):", "name": "test_dismiss[capabilities0-prompt-None]"}, {"status": "PASS", "message": null, "name": "test_dismiss_and_notify[capabilities0-alert-None]"}, {"status": "PASS", "message": null, "name": "test_dismiss_and_notify[capabilities0-confirm-False]"}, {"status": "PASS", "message": null, "name": "test_dismiss_and_notify[capabilities0-prompt-None]"}, {"status": "FAIL", "expected": "PASS", "message": "NoSuchAlertException: no such alert (404): No modal dialog is currently open", "name": "test_ignore[capabilities0-alert]"}, {"status": "FAIL", "expected": "PASS", "message": "NoSuchAlertException: no such alert (404): No modal dialog is currently open", "name": "test_ignore[capabilities0-confirm]"}, {"status": "FAIL", "expected": "PASS", "message": "NoSuchAlertException: no such alert (404): No modal dialog is currently open", "name": "test_ignore[capabilities0-prompt]"}, {"status": "PASS", "message": null, "name": "test_default[alert-None]"}, {"status": "PASS", "message": null, "name": "test_default[confirm-False]"}, {"status": "PASS", "message": null, "name": "test_default[prompt-None]"}]}, {"test": "/webdriver/tests/find_element_from_element/find.py", "status": "OK", "message": null, "duration": 3437, "subtests": [{"status": "PASS", "message": null, "name": "test_null_parameter_value"}, {"status": "PASS", "message": null, "name": "test_no_browsing_context"}, {"status": "PASS", "message": null, "name": "test_invalid_using_argument[a]"}, {"status": "PASS", "message": null, "name": "test_invalid_using_argument[True]"}, {"status": "PASS", "message": null, "name": "test_invalid_using_argument[None]"}, {"status": "PASS", "message": null, "name": "test_invalid_using_argument[1]"}, {"status": "PASS", "message": null, "name": "test_invalid_using_argument[using4]"}, {"status": "PASS", "message": null, "name": "test_invalid_using_argument[using5]"}, {"status": "PASS", "message": null, "name": "test_invalid_selector_argument[None]"}, {"status": "PASS", "message": null, "name": "test_invalid_selector_argument[value1]"}, {"status": "PASS", "message": null, "name": "test_invalid_selector_argument[value2]"}, {"status": "PASS", "message": null, "name": "test_find_element[css selector-#linkText]"}, {"status": "PASS", "message": null, "name": "test_find_element[link text-full link text]"}, {"status": "PASS", "message": null, "name": "test_find_element[partial link text-link text]"}, {"status": "PASS", "message": null, "name": "test_find_element[tag name-a]"}, {"status": "PASS", "message": null, "name": "test_find_element[xpath-//a]"}, {"status": "PASS", "message": null, "name": "test_find_element_link_text[<a href=#>link text</a>-link text]"}, {"status": "PASS", "message": null, "name": "test_find_element_link_text[<a href=#>&nbsp;link text&nbsp;</a>-link text]"}, {"status": "PASS", "message": null, "name": "test_find_element_link_text[<a href=#>link<br>text</a>-link\ntext]"}, {"status": "PASS", "message": null, "name": "test_find_element_link_text[<a href=#>link&amp;text</a>-link&text]"}, {"status": "PASS", "message": null, "name": "test_find_element_link_text[<a href=#>LINK TEXT</a>-LINK TEXT]"}, {"status": "PASS", "message": null, "name": "test_find_element_link_text[<a href=# style='text-transform: uppercase'>link text</a>-LINK TEXT]"}, {"status": "PASS", "message": null, "name": "test_find_element_partial_link_text[<a href=#>partial link text</a>-link]"}, {"status": "PASS", "message": null, "name": "test_find_element_partial_link_text[<a href=#>&nbsp;partial link text&nbsp;</a>-link]"}, {"status": "PASS", "message": null, "name": "test_find_element_partial_link_text[<a href=#>partial link text</a>-k t]"}, {"status": "PASS", "message": null, "name": "test_find_element_partial_link_text[<a href=#>partial link<br>text</a>-k\nt]"}, {"status": "PASS", "message": null, "name": "test_find_element_partial_link_text[<a href=#>partial link&amp;text</a>-k&t]"}, {"status": "PASS", "message": null, "name": "test_find_element_partial_link_text[<a href=#>PARTIAL LINK TEXT</a>-LINK]"}, {"status": "PASS", "message": null, "name": "test_find_element_partial_link_text[<a href=# style='text-transform: uppercase'>partial link text</a>-LINK]"}, {"status": "PASS", "message": null, "name": "test_no_element[css selector-#wontExist]"}, {"status": "PASS", "message": null, "name": "test_xhtml_namespace[css selector-#linkText]"}, {"status": "PASS", "message": null, "name": "test_xhtml_namespace[link text-full link text]"}, {"status": "PASS", "message": null, "name": "test_xhtml_namespace[partial link text-link text]"}, {"status": "PASS", "message": null, "name": "test_xhtml_namespace[tag name-a]"}, {"status": "PASS", "message": null, "name": "test_xhtml_namespace[xpath-//*[name()='a']]"}, {"status": "PASS", "message": null, "name": "test_parent_htmldocument"}, {"status": "FAIL", "expected": "PASS", "message": "assert 200 == 400", "name": "test_parent_of_document_node_errors"}]}, {"test": "/webdriver/tests/actions/key.py", "status": "OK", "message": null, "duration": 13453, "subtests": [{"status": "PASS", "message": null, "name": "test_null_response_value"}, {"status": "PASS", "message": null, "name": "test_no_browsing_context"}, {"status": "PASS", "message": null, "name": "test_lone_keyup_sends_no_events"}, {"status": "PASS", "message": null, "name": "test_single_printable_key_sends_correct_events[a-KeyA0]"}, {"status": "PASS", "message": null, "name": "test_single_printable_key_sends_correct_events[a-KeyA1]"}, {"status": "PASS", "message": null, "name": "test_single_printable_key_sends_correct_events[\"-Quote]"}, {"status": "PASS", "message": null, "name": "test_single_printable_key_sends_correct_events[,-Comma]"}, {"status": "PASS", "message": null, "name": "test_single_printable_key_sends_correct_events[\\xe0-]"}, {"status": "PASS", "message": null, "name": "test_single_printable_key_sends_correct_events[\\u0416-]"}, {"status": "PASS", "message": null, "name": "test_single_printable_key_sends_correct_events[@-Digit2]"}, {"status": "PASS", "message": null, "name": "test_single_printable_key_sends_correct_events[\\u2603-]"}, {"status": "PASS", "message": null, "name": "test_single_printable_key_sends_correct_events[\\uf6c2-]"}, {"status": "PASS", "message": null, "name": "test_single_emoji_records_correct_key[\\U0001f604]"}, {"status": "PASS", "message": null, "name": "test_single_emoji_records_correct_key[\\U0001f60d]"}, {"status": "PASS", "message": null, "name": "test_single_modifier_key_sends_correct_events[\\ue050-ShiftRight-Shift]"}, {"status": "PASS", "message": null, "name": "test_single_modifier_key_sends_correct_events[\\ue053-OSRight-Meta]"}, {"status": "PASS", "message": null, "name": "test_single_modifier_key_sends_correct_events[\\ue009-ControlLeft-Control]"}, {"status": "PASS", "message": null, "name": "test_single_nonprintable_key_sends_events[\\ue00c-Escape-Escape]"}, {"status": "PASS", "message": null, "name": "test_single_nonprintable_key_sends_events[\\ue014-ArrowRight-ArrowRight]"}, {"status": "PASS", "message": null, "name": "test_sequence_of_keydown_printable_keys_sends_events"}, {"status": "PASS", "message": null, "name": "test_sequence_of_keydown_character_keys"}, {"status": "PASS", "message": null, "name": "test_backspace_erases_keys"}]}, {"test": "/webdriver/tests/new_session/create_firstMatch.py", "status": "OK", "message": null, "duration": 96155, "subtests": [{"status": "PASS", "message": null, "name": "test_valid[acceptInsecureCerts-False]"}, {"status": "PASS", "message": null, "name": "test_valid[acceptInsecureCerts-None]"}, {"status": "PASS", "message": null, "name": "test_valid[browserName-None]"}, {"status": "PASS", "message": null, "name": "test_valid[browserVersion-None]"}, {"status": "PASS", "message": null, "name": "test_valid[platformName-None]"}, {"status": "PASS", "message": null, "name": "test_valid[pageLoadStrategy-none]"}, {"status": "PASS", "message": null, "name": "test_valid[pageLoadStrategy-eager]"}, {"status": "PASS", "message": null, "name": "test_valid[pageLoadStrategy-normal]"}, {"status": "PASS", "message": null, "name": "test_valid[pageLoadStrategy-None]"}, {"status": "PASS", "message": null, "name": "test_valid[proxy-None]"}, {"status": "FAIL", "expected": "PASS", "message": "AssertionError: invalid argument (400): pageLoad timeouts value is not an integer: 2.0", "name": "test_valid[timeouts-value10]"}, {"status": "PASS", "message": null, "name": "test_valid[timeouts-value11]"}, {"status": "PASS", "message": null, "name": "test_valid[timeouts-value12]"}, {"status": "PASS", "message": null, "name": "test_valid[timeouts-value13]"}, {"status": "PASS", "message": null, "name": "test_valid[unhandledPromptBehavior-dismiss]"}, {"status": "PASS", "message": null, "name": "test_valid[unhandledPromptBehavior-accept]"}, {"status": "PASS", "message": null, "name": "test_valid[unhandledPromptBehavior-None]"}, {"status": "PASS", "message": null, "name": "test_valid[test:extension-True]"}, {"status": "PASS", "message": null, "name": "test_valid[test:extension-abc]"}, {"status": "PASS", "message": null, "name": "test_valid[test:extension-123]"}, {"status": "PASS", "message": null, "name": "test_valid[test:extension-value20]"}, {"status": "PASS", "message": null, "name": "test_valid[test:extension-value21]"}, {"status": "PASS", "message": null, "name": "test_valid[test:extension-None]"}]}, {"test": "/webdriver/tests/element_click/stale.py", "status": "OK", "message": null, "duration": 264, "subtests": [{"status": "PASS", "message": null, "name": "test_is_stale"}]}, {"test": "/webdriver/tests/execute_script/cyclic.py", "status": "OK", "message": null, "duration": 689, "subtests": [{"status": "PASS", "message": null, "name": "test_array"}, {"status": "PASS", "message": null, "name": "test_object"}, {"status": "PASS", "message": null, "name": "test_array_in_object"}, {"status": "PASS", "message": null, "name": "test_object_in_array"}, {"status": "FAIL", "expected": "PASS", "message": "AssertionError: javascript error (500): TypeError: cyclic object value", "name": "test_element_in_collection"}, {"status": "FAIL", "expected": "PASS", "message": "AssertionError: javascript error (500): TypeError: cyclic object value", "name": "test_element_in_object"}]}, {"test": "/webdriver/tests/refresh/refresh.py", "status": "OK", "message": null, "duration": 1877, "subtests": [{"status": "PASS", "message": null, "name": "test_null_response_value"}, {"status": "PASS", "message": null, "name": "test_no_browsing_context"}, {"status": "PASS", "message": null, "name": "test_basic"}, {"status": "PASS", "message": null, "name": "test_dismissed_beforeunload"}, {"status": "PASS", "message": null, "name": "test_history_pushstate"}, {"status": "PASS", "message": null, "name": "test_refresh_switches_to_parent_browsing_context"}]}, {"test": "/webdriver/tests/send_alert_text/send.py", "status": "OK", "message": null, "duration": 6782, "subtests": [{"status": "PASS", "message": null, "name": "test_null_parameter_value"}, {"status": "PASS", "message": null, "name": "test_null_response_value"}, {"status": "PASS", "message": null, "name": "test_no_browsing_context"}, {"status": "PASS", "message": null, "name": "test_invalid_input[None]"}, {"status": "PASS", "message": null, "name": "test_invalid_input[text1]"}, {"status": "PASS", "message": null, "name": "test_invalid_input[text2]"}, {"status": "PASS", "message": null, "name": "test_invalid_input[42]"}, {"status": "PASS", "message": null, "name": "test_invalid_input[True]"}, {"status": "PASS", "message": null, "name": "test_no_user_prompt"}, {"status": "PASS", "message": null, "name": "test_alert_element_not_interactable"}, {"status": "PASS", "message": null, "name": "test_confirm_element_not_interactable"}, {"status": "PASS", "message": null, "name": "test_send_alert_text"}, {"status": "PASS", "message": null, "name": "test_send_alert_text_with_whitespace"}]}, {"test": "/webdriver/tests/get_timeouts/get.py", "status": "OK", "message": null, "duration": 454, "subtests": [{"status": "PASS", "message": null, "name": "test_get_timeouts"}, {"status": "PASS", "message": null, "name": "test_get_default_timeouts"}, {"status": "PASS", "message": null, "name": "test_get_new_timeouts"}]}, {"test": "/webdriver/tests/new_session/merge.py", "status": "OK", "message": null, "duration": 20467, "subtests": [{"status": "FAIL", "expected": "PASS", "message": "AssertionError: assert 'windows_nt' == 'windows'", "name": "test_platform_name[<lambda>0]"}, {"status": "FAIL", "expected": "PASS", "message": "AssertionError: assert 'windows_nt' == 'windows'", "name": "test_platform_name[<lambda>1]"}, {"status": "PASS", "message": null, "name": "test_merge_invalid[acceptInsecureCerts-value0]"}, {"status": "PASS", "message": null, "name": "test_merge_invalid[unhandledPromptBehavior-value1]"}, {"status": "PASS", "message": null, "name": "test_merge_invalid[unhandledPromptBehavior-value2]"}, {"status": "PASS", "message": null, "name": "test_merge_invalid[timeouts-value3]"}, {"status": "PASS", "message": null, "name": "test_merge_invalid[timeouts-value4]"}, {"status": "FAIL", "expected": "PASS", "message": "AssertionError: assert 'windows_nt' == 'windows'", "name": "test_merge_platformName"}, {"status": "PASS", "message": null, "name": "test_merge_browserName"}]}, {"test": "/webdriver/tests/element_send_keys/interactability.py", "status": "OK", "message": null, "duration": 1330, "subtests": [{"status": "PASS", "message": null, "name": "test_body_is_interactable"}, {"status": "PASS", "message": null, "name": "test_document_element_is_interactable"}, {"status": "PASS", "message": null, "name": "test_iframe_is_interactable"}, {"status": "PASS", "message": null, "name": "test_transparent_element"}, {"status": "PASS", "message": null, "name": "test_readonly_element"}, {"status": "PASS", "message": null, "name": "test_obscured_element"}, {"status": "PASS", "message": null, "name": "test_not_a_focusable_element"}, {"status": "PASS", "message": null, "name": "test_not_displayed_element"}, {"status": "PASS", "message": null, "name": "test_hidden_element"}, {"status": "PASS", "message": null, "name": "test_disabled_element"}]}, {"test": "/webdriver/tests/element_click/select.py", "status": "OK", "message": null, "duration": 5968, "subtests": [{"status": "PASS", "message": null, "name": "test_click_option"}, {"status": "PASS", "message": null, "name": "test_click_multiple_option"}, {"status": "PASS", "message": null, "name": "test_click_preselected_option"}, {"status": "PASS", "message": null, "name": "test_click_preselected_multiple_option"}, {"status": "PASS", "message": null, "name": "test_click_deselects_others"}, {"status": "PASS", "message": null, "name": "test_click_multiple_does_not_deselect_others"}, {"status": "PASS", "message": null, "name": "test_click_selected_option"}, {"status": "PASS", "message": null, "name": "test_click_selected_multiple_option"}, {"status": "PASS", "message": null, "name": "test_out_of_view_dropdown"}, {"status": "PASS", "message": null, "name": "test_out_of_view_multiple"}, {"status": "PASS", "message": null, "name": "test_option_disabled"}]}, {"test": "/webdriver/tests/fullscreen_window/user_prompts.py", "status": "OK", "message": null, "duration": 27921, "subtests": [{"status": "FAIL", "expected": "PASS", "message": "AssertionError: unexpected alert open (500):", "name": "test_accept[capabilities0-alert-None]"}, {"status": "FAIL", "expected": "PASS", "message": "AssertionError: unexpected alert open (500):", "name": "test_accept[capabilities0-confirm-True]"}, {"status": "FAIL", "expected": "PASS", "message": "AssertionError: unexpected alert open (500):", "name": "test_accept[capabilities0-prompt-]"}, {"status": "PASS", "message": null, "name": "test_accept_and_notify[capabilities0-alert-None]"}, {"status": "FAIL", "expected": "PASS", "message": "assert False == True", "name": "test_accept_and_notify[capabilities0-confirm-True]"}, {"status": "FAIL", "expected": "PASS", "message": "AssertionError: assert None == ''", "name": "test_accept_and_notify[capabilities0-prompt-]"}, {"status": "FAIL", "expected": "PASS", "message": "AssertionError: unexpected alert open (500):", "name": "test_dismiss[capabilities0-alert-None]"}, {"status": "FAIL", "expected": "PASS", "message": "AssertionError: unexpected alert open (500):", "name": "test_dismiss[capabilities0-confirm-False]"}, {"status": "FAIL", "expected": "PASS", "message": "AssertionError: unexpected alert open (500):", "name": "test_dismiss[capabilities0-prompt-None]"}, {"status": "PASS", "message": null, "name": "test_dismiss_and_notify[capabilities0-alert-None]"}, {"status": "PASS", "message": null, "name": "test_dismiss_and_notify[capabilities0-confirm-False]"}, {"status": "PASS", "message": null, "name": "test_dismiss_and_notify[capabilities0-prompt-None]"}, {"status": "FAIL", "expected": "PASS", "message": "NoSuchAlertException: no such alert (404): No modal dialog is currently open", "name": "test_ignore[capabilities0-alert]"}, {"status": "FAIL", "expected": "PASS", "message": "NoSuchAlertException: no such alert (404): No modal dialog is currently open", "name": "test_ignore[capabilities0-confirm]"}, {"status": "FAIL", "expected": "PASS", "message": "NoSuchAlertException: no such alert (404): No modal dialog is currently open", "name": "test_ignore[capabilities0-prompt]"}, {"status": "PASS", "message": null, "name": "test_default[alert-None]"}, {"status": "PASS", "message": null, "name": "test_default[confirm-False]"}, {"status": "PASS", "message": null, "name": "test_default[prompt-None]"}]}, {"test": "/webdriver/tests/get_element_tag_name/get.py", "status": "OK", "message": null, "duration": 4656, "subtests": [{"status": "PASS", "message": null, "name": "test_no_browsing_context"}, {"status": "PASS", "message": null, "name": "test_element_not_found"}, {"status": "PASS", "message": null, "name": "test_element_stale"}, {"status": "PASS", "message": null, "name": "test_get_element_tag_name"}]}, {"test": "/webdriver/tests/execute_script/collections.py", "status": "OK", "message": null, "duration": 5388, "subtests": [{"status": "PASS", "message": null, "name": "test_arguments"}, {"status": "PASS", "message": null, "name": "test_array"}, {"status": "PASS", "message": null, "name": "test_file_list"}, {"status": "PASS", "message": null, "name": "test_html_all_collection"}, {"status": "PASS", "message": null, "name": "test_html_collection"}, {"status": "PASS", "message": null, "name": "test_html_form_controls_collection"}, {"status": "PASS", "message": null, "name": "test_html_options_collection"}, {"status": "PASS", "message": null, "name": "test_node_list"}]}, {"test": "/webdriver/tests/get_alert_text/get.py", "status": "OK", "message": null, "duration": 642, "subtests": [{"status": "PASS", "message": null, "name": "test_no_browsing_context"}, {"status": "PASS", "message": null, "name": "test_no_user_prompt"}, {"status": "PASS", "message": null, "name": "test_get_alert_text"}, {"status": "PASS", "message": null, "name": "test_get_confirm_text"}, {"status": "PASS", "message": null, "name": "test_get_prompt_text"}]}, {"test": "/webdriver/tests/switch_to_window/switch.py", "status": "OK", "message": null, "duration": 906, "subtests": [{"status": "PASS", "message": null, "name": "test_null_parameter_value"}, {"status": "PASS", "message": null, "name": "test_null_response_value"}]}, {"test": "/webdriver/tests/set_window_rect/set.py", "status": "OK", "message": null, "duration": 15157, "subtests": [{"status": "PASS", "message": null, "name": "test_null_parameter_value"}, {"status": "PASS", "message": null, "name": "test_no_browsing_context"}, {"status": "PASS", "message": null, "name": "test_invalid_types[rect0]"}, {"status": "PASS", "message": null, "name": "test_invalid_types[rect1]"}, {"status": "PASS", "message": null, "name": "test_invalid_types[rect2]"}, {"status": "PASS", "message": null, "name": "test_invalid_types[rect3]"}, {"status": "PASS", "message": null, "name": "test_invalid_types[rect4]"}, {"status": "PASS", "message": null, "name": "test_invalid_types[rect5]"}, {"status": "PASS", "message": null, "name": "test_invalid_types[rect6]"}, {"status": "PASS", "message": null, "name": "test_invalid_types[rect7]"}, {"status": "PASS", "message": null, "name": "test_invalid_types[rect8]"}, {"status": "PASS", "message": null, "name": "test_invalid_types[rect9]"}, {"status": "PASS", "message": null, "name": "test_invalid_types[rect10]"}, {"status": "PASS", "message": null, "name": "test_invalid_types[rect11]"}, {"status": "PASS", "message": null, "name": "test_invalid_types[rect12]"}, {"status": "PASS", "message": null, "name": "test_invalid_types[rect13]"}, {"status": "PASS", "message": null, "name": "test_invalid_types[rect14]"}, {"status": "PASS", "message": null, "name": "test_invalid_types[rect15]"}, {"status": "PASS", "message": null, "name": "test_invalid_types[rect16]"}, {"status": "PASS", "message": null, "name": "test_invalid_types[rect17]"}, {"status": "PASS", "message": null, "name": "test_invalid_types[rect18]"}, {"status": "PASS", "message": null, "name": "test_invalid_types[rect19]"}, {"status": "PASS", "message": null, "name": "test_invalid_types[rect20]"}, {"status": "PASS", "message": null, "name": "test_invalid_types[rect21]"}, {"status": "PASS", "message": null, "name": "test_invalid_types[rect22]"}, {"status": "PASS", "message": null, "name": "test_invalid_types[rect23]"}, {"status": "PASS", "message": null, "name": "test_invalid_types[rect24]"}, {"status": "PASS", "message": null, "name": "test_invalid_types[rect25]"}, {"status": "PASS", "message": null, "name": "test_invalid_types[rect26]"}, {"status": "PASS", "message": null, "name": "test_invalid_types[rect27]"}, {"status": "PASS", "message": null, "name": "test_out_of_bounds[rect0]"}, {"status": "PASS", "message": null, "name": "test_out_of_bounds[rect1]"}, {"status": "PASS", "message": null, "name": "test_out_of_bounds[rect2]"}, {"status": "PASS", "message": null, "name": "test_width_height_floats"}, {"status": "PASS", "message": null, "name": "test_x_y_floats"}, {"status": "PASS", "message": null, "name": "test_no_change[rect0]"}, {"status": "PASS", "message": null, "name": "test_no_change[rect1]"}, {"status": "PASS", "message": null, "name": "test_no_change[rect2]"}, {"status": "PASS", "message": null, "name": "test_no_change[rect3]"}, {"status": "PASS", "message": null, "name": "test_no_change[rect4]"}, {"status": "PASS", "message": null, "name": "test_no_change[rect5]"}, {"status": "PASS", "message": null, "name": "test_no_change[rect6]"}, {"status": "PASS", "message": null, "name": "test_no_change[rect7]"}, {"status": "PASS", "message": null, "name": "test_no_change[rect8]"}, {"status": "PASS", "message": null, "name": "test_no_change[rect9]"}, {"status": "PASS", "message": null, "name": "test_no_change[rect10]"}, {"status": "PASS", "message": null, "name": "test_no_change[rect11]"}, {"status": "PASS", "message": null, "name": "test_no_change[rect12]"}, {"status": "PASS", "message": null, "name": "test_no_change[rect13]"}, {"status": "PASS", "message": null, "name": "test_no_change[rect14]"}, {"status": "PASS", "message": null, "name": "test_no_change[rect15]"}, {"status": "PASS", "message": null, "name": "test_no_change[rect16]"}, {"status": "PASS", "message": null, "name": "test_no_change[rect17]"}, {"status": "PASS", "message": null, "name": "test_no_change[rect18]"}, {"status": "PASS", "message": null, "name": "test_no_change[rect19]"}, {"status": "PASS", "message": null, "name": "test_fully_exit_fullscreen"}, {"status": "PASS", "message": null, "name": "test_restore_from_minimized"}, {"status": "PASS", "message": null, "name": "test_restore_from_maximized"}, {"status": "PASS", "message": null, "name": "test_height_width"}, {"status": "PASS", "message": null, "name": "test_height_width_larger_than_max"}, {"status": "PASS", "message": null, "name": "test_height_width_as_current"}, {"status": "PASS", "message": null, "name": "test_x_y"}, {"status": "PASS", "message": null, "name": "test_negative_x_y"}, {"status": "PASS", "message": null, "name": "test_move_to_same_position"}, {"status": "PASS", "message": null, "name": "test_move_to_same_x"}, {"status": "PASS", "message": null, "name": "test_move_to_same_y"}, {"status": "PASS", "message": null, "name": "test_resize_to_same_size"}, {"status": "PASS", "message": null, "name": "test_resize_to_same_width"}, {"status": "PASS", "message": null, "name": "test_resize_to_same_height"}, {"status": "PASS", "message": null, "name": "test_payload"}]}, {"test": "/webdriver/tests/get_element_property/get.py", "status": "OK", "message": null, "duration": 859, "subtests": [{"status": "PASS", "message": null, "name": "test_no_browsing_context"}, {"status": "PASS", "message": null, "name": "test_element_not_found"}, {"status": "PASS", "message": null, "name": "test_element_stale"}, {"status": "PASS", "message": null, "name": "test_property_non_existent"}, {"status": "PASS", "message": null, "name": "test_element"}]}, {"test": "/webdriver/tests/get_named_cookie/get.py", "status": "OK", "message": null, "duration": 655, "subtests": [{"status": "PASS", "message": null, "name": "test_no_browsing_context"}, {"status": "PASS", "message": null, "name": "test_get_named_session_cookie"}, {"status": "PASS", "message": null, "name": "test_get_named_cookie"}, {"status": "PASS", "message": null, "name": "test_duplicated_cookie"}]}, {"test": "/webdriver/tests/close_window/close.py", "status": "OK", "message": null, "duration": 10155, "subtests": [{"status": "PASS", "message": null, "name": "test_no_browsing_context"}, {"status": "PASS", "message": null, "name": "test_close_browsing_context"}, {"status": "PASS", "message": null, "name": "test_close_browsing_context_with_dismissed_beforeunload_prompt"}, {"status": "PASS", "message": null, "name": "test_close_last_browsing_context"}]}, {"test": "/webdriver/tests/element_send_keys/form_controls.py", "status": "OK", "message": null, "duration": 4249, "subtests": [{"status": "PASS", "message": null, "name": "test_input"}, {"status": "PASS", "message": null, "name": "test_textarea"}, {"status": "PASS", "message": null, "name": "test_input_append"}, {"status": "PASS", "message": null, "name": "test_textarea_append"}]}, {"test": "/webdriver/tests/actions/pointer_origin.py", "status": "OK", "message": null, "duration": 1374, "subtests": [{"status": "PASS", "message": null, "name": "test_viewport_inside"}, {"status": "PASS", "message": null, "name": "test_viewport_outside"}, {"status": "PASS", "message": null, "name": "test_pointer_inside"}, {"status": "PASS", "message": null, "name": "test_pointer_outside"}, {"status": "PASS", "message": null, "name": "test_element_center_point"}, {"status": "PASS", "message": null, "name": "test_element_center_point_with_offset"}, {"status": "PASS", "message": null, "name": "test_element_in_view_center_point_partly_visible"}, {"status": "PASS", "message": null, "name": "test_element_larger_than_viewport"}, {"status": "PASS", "message": null, "name": "test_element_outside_of_view_port"}]}, {"test": "/webdriver/tests/get_window_handles/user_prompts.py", "status": "OK", "message": null, "duration": 31453, "subtests": [{"status": "PASS", "message": null, "name": "test_accept[capabilities0-alert]"}, {"status": "PASS", "message": null, "name": "test_accept[capabilities0-confirm]"}, {"status": "PASS", "message": null, "name": "test_accept[capabilities0-prompt]"}, {"status": "PASS", "message": null, "name": "test_accept_and_notify[capabilities0-alert]"}, {"status": "PASS", "message": null, "name": "test_accept_and_notify[capabilities0-confirm]"}, {"status": "PASS", "message": null, "name": "test_accept_and_notify[capabilities0-prompt]"}, {"status": "PASS", "message": null, "name": "test_dismiss[capabilities0-alert]"}, {"status": "PASS", "message": null, "name": "test_dismiss[capabilities0-confirm]"}, {"status": "PASS", "message": null, "name": "test_dismiss[capabilities0-prompt]"}, {"status": "PASS", "message": null, "name": "test_dismiss_and_notify[capabilities0-alert]"}, {"status": "PASS", "message": null, "name": "test_dismiss_and_notify[capabilities0-confirm]"}, {"status": "PASS", "message": null, "name": "test_dismiss_and_notify[capabilities0-prompt]"}, {"status": "PASS", "message": null, "name": "test_ignore[capabilities0-alert]"}, {"status": "PASS", "message": null, "name": "test_ignore[capabilities0-confirm]"}, {"status": "PASS", "message": null, "name": "test_ignore[capabilities0-prompt]"}, {"status": "PASS", "message": null, "name": "test_default[alert]"}, {"status": "PASS", "message": null, "name": "test_default[confirm]"}, {"status": "PASS", "message": null, "name": "test_default[prompt]"}]}, {"test": "/webdriver/tests/execute_script/json_serialize_windowproxy.py", "status": "OK", "message": null, "duration": 4967, "subtests": [{"status": "FAIL", "expected": "PASS", "message": "AssertionError: javascript error (500): TypeError: cyclic object value", "name": "test_initial_window"}, {"status": "FAIL", "expected": "PASS", "message": "AssertionError: javascript error (500): TypeError: cyclic object value", "name": "test_window_open"}, {"status": "FAIL", "expected": "PASS", "message": "AssertionError: javascript error (500): TypeError: cyclic object value", "name": "test_frame"}]}, {"test": "/webdriver/tests/accept_alert/accept.py", "status": "OK", "message": null, "duration": 5061, "subtests": [{"status": "PASS", "message": null, "name": "test_null_response_value"}, {"status": "PASS", "message": null, "name": "test_no_browsing_context"}, {"status": "PASS", "message": null, "name": "test_no_user_prompt"}, {"status": "PASS", "message": null, "name": "test_accept_alert"}, {"status": "PASS", "message": null, "name": "test_accept_confirm"}, {"status": "PASS", "message": null, "name": "test_accept_prompt"}]}, {"test": "/webdriver/tests/is_element_selected/selected.py", "status": "OK", "message": null, "duration": 4982, "subtests": [{"status": "PASS", "message": null, "name": "test_no_browsing_context"}, {"status": "PASS", "message": null, "name": "test_element_stale"}, {"status": "PASS", "message": null, "name": "test_element_checked"}, {"status": "PASS", "message": null, "name": "test_checkbox_not_selected"}, {"status": "PASS", "message": null, "name": "test_element_selected"}, {"status": "PASS", "message": null, "name": "test_element_not_selected"}]}, {"test": "/webdriver/tests/element_click/scroll_into_view.py", "status": "OK", "message": null, "duration": 955, "subtests": [{"status": "PASS", "message": null, "name": "test_scroll_into_view"}]}, {"test": "/webdriver/tests/find_elements_from_element/find.py", "status": "OK", "message": null, "duration": 3469, "subtests": [{"status": "PASS", "message": null, "name": "test_null_parameter_value"}, {"status": "PASS", "message": null, "name": "test_no_browsing_context"}, {"status": "PASS", "message": null, "name": "test_invalid_using_argument[a]"}, {"status": "PASS", "message": null, "name": "test_invalid_using_argument[True]"}, {"status": "PASS", "message": null, "name": "test_invalid_using_argument[None]"}, {"status": "PASS", "message": null, "name": "test_invalid_using_argument[1]"}, {"status": "PASS", "message": null, "name": "test_invalid_using_argument[using4]"}, {"status": "PASS", "message": null, "name": "test_invalid_using_argument[using5]"}, {"status": "PASS", "message": null, "name": "test_invalid_selector_argument[None]"}, {"status": "PASS", "message": null, "name": "test_invalid_selector_argument[value1]"}, {"status": "PASS", "message": null, "name": "test_invalid_selector_argument[value2]"}, {"status": "PASS", "message": null, "name": "test_find_elements[css selector-#linkText]"}, {"status": "PASS", "message": null, "name": "test_find_elements[link text-full link text]"}, {"status": "PASS", "message": null, "name": "test_find_elements[partial link text-link text]"}, {"status": "PASS", "message": null, "name": "test_find_elements[tag name-a]"}, {"status": "PASS", "message": null, "name": "test_find_elements[xpath-//a]"}, {"status": "PASS", "message": null, "name": "test_find_elements_link_text[<a href=#>link text</a>-link text]"}, {"status": "PASS", "message": null, "name": "test_find_elements_link_text[<a href=#>&nbsp;link text&nbsp;</a>-link text]"}, {"status": "PASS", "message": null, "name": "test_find_elements_link_text[<a href=#>link<br>text</a>-link\ntext]"}, {"status": "PASS", "message": null, "name": "test_find_elements_link_text[<a href=#>link&amp;text</a>-link&text]"}, {"status": "PASS", "message": null, "name": "test_find_elements_link_text[<a href=#>LINK TEXT</a>-LINK TEXT]"}, {"status": "PASS", "message": null, "name": "test_find_elements_link_text[<a href=# style='text-transform: uppercase'>link text</a>-LINK TEXT]"}, {"status": "PASS", "message": null, "name": "test_find_elements_partial_link_text[<a href=#>partial link text</a>-link]"}, {"status": "PASS", "message": null, "name": "test_find_elements_partial_link_text[<a href=#>&nbsp;partial link text&nbsp;</a>-link]"}, {"status": "PASS", "message": null, "name": "test_find_elements_partial_link_text[<a href=#>partial link text</a>-k t]"}, {"status": "PASS", "message": null, "name": "test_find_elements_partial_link_text[<a href=#>partial link<br>text</a>-k\nt]"}, {"status": "PASS", "message": null, "name": "test_find_elements_partial_link_text[<a href=#>partial link&amp;text</a>-k&t]"}, {"status": "PASS", "message": null, "name": "test_find_elements_partial_link_text[<a href=#>PARTIAL LINK TEXT</a>-LINK]"}, {"status": "PASS", "message": null, "name": "test_find_elements_partial_link_text[<a href=# style='text-transform: uppercase'>partial link text</a>-LINK]"}, {"status": "PASS", "message": null, "name": "test_no_element[css selector-#wontExist]"}, {"status": "PASS", "message": null, "name": "test_xhtml_namespace[css selector-#linkText]"}, {"status": "PASS", "message": null, "name": "test_xhtml_namespace[link text-full link text]"}, {"status": "PASS", "message": null, "name": "test_xhtml_namespace[partial link text-link text]"}, {"status": "PASS", "message": null, "name": "test_xhtml_namespace[tag name-a]"}, {"status": "PASS", "message": null, "name": "test_xhtml_namespace[xpath-//*[name()='a']]"}, {"status": "PASS", "message": null, "name": "test_parent_htmldocument"}, {"status": "FAIL", "expected": "PASS", "message": "assert 200 == 400", "name": "test_parent_of_document_node_errors"}]}, {"test": "/webdriver/tests/is_element_selected/user_prompts.py", "status": "OK", "message": null, "duration": 31219, "subtests": [{"status": "FAIL", "expected": "PASS", "message": "AssertionError: unexpected alert open (500):", "name": "test_accept[capabilities0-alert-None]"}, {"status": "FAIL", "expected": "PASS", "message": "AssertionError: unexpected alert open (500):", "name": "test_accept[capabilities0-confirm-True]"}, {"status": "FAIL", "expected": "PASS", "message": "AssertionError: unexpected alert open (500):", "name": "test_accept[capabilities0-prompt-]"}, {"status": "PASS", "message": null, "name": "test_accept_and_notify[capabilities0-alert-None]"}, {"status": "FAIL", "expected": "PASS", "message": "assert False == True", "name": "test_accept_and_notify[capabilities0-confirm-True]"}, {"status": "FAIL", "expected": "PASS", "message": "AssertionError: assert None == ''", "name": "test_accept_and_notify[capabilities0-prompt-]"}, {"status": "FAIL", "expected": "PASS", "message": "AssertionError: unexpected alert open (500):", "name": "test_dismiss[capabilities0-alert-None]"}, {"status": "FAIL", "expected": "PASS", "message": "AssertionError: unexpected alert open (500):", "name": "test_dismiss[capabilities0-confirm-False]"}, {"status": "FAIL", "expected": "PASS", "message": "AssertionError: unexpected alert open (500):", "name": "test_dismiss[capabilities0-prompt-None]"}, {"status": "PASS", "message": null, "name": "test_dismiss_and_notify[capabilities0-alert-None]"}, {"status": "PASS", "message": null, "name": "test_dismiss_and_notify[capabilities0-confirm-False]"}, {"status": "PASS", "message": null, "name": "test_dismiss_and_notify[capabilities0-prompt-None]"}, {"status": "FAIL", "expected": "PASS", "message": "NoSuchAlertException: no such alert (404): No modal dialog is currently open", "name": "test_ignore[capabilities0-alert]"}, {"status": "FAIL", "expected": "PASS", "message": "NoSuchAlertException: no such alert (404): No modal dialog is currently open", "name": "test_ignore[capabilities0-confirm]"}, {"status": "FAIL", "expected": "PASS", "message": "NoSuchAlertException: no such alert (404): No modal dialog is currently open", "name": "test_ignore[capabilities0-prompt]"}, {"status": "PASS", "message": null, "name": "test_default[alert-None]"}, {"status": "PASS", "message": null, "name": "test_default[confirm-False]"}, {"status": "PASS", "message": null, "name": "test_default[prompt-None]"}]}, {"test": "/webdriver/tests/execute_script/execute.py", "status": "OK", "message": null, "duration": 4592, "subtests": [{"status": "PASS", "message": null, "name": "test_null_parameter_value"}, {"status": "PASS", "message": null, "name": "test_no_browsing_context"}, {"status": "PASS", "message": null, "name": "test_abort_by_user_prompt[alert]"}, {"status": "PASS", "message": null, "name": "test_abort_by_user_prompt[confirm]"}, {"status": "PASS", "message": null, "name": "test_abort_by_user_prompt[prompt]"}, {"status": "PASS", "message": null, "name": "test_abort_by_user_prompt_twice[alert]"}, {"status": "PASS", "message": null, "name": "test_abort_by_user_prompt_twice[confirm]"}, {"status": "FAIL", "expected": "PASS", "message": "NoSuchAlertException: no such alert (404): No modal dialog is currently open", "name": "test_abort_by_user_prompt_twice[prompt]"}]}, {"test": "/webdriver/tests/element_send_keys/events.py", "status": "OK", "message": null, "duration": 908, "subtests": [{"status": "FAIL", "expected": "PASS", "message": "AssertionError: invalid argument (400): File not found: c:\\users\\seatt\\appdata\\local\\temp\\pytest-vwwdvt\\tmp0\\foo", "name": "test_file_upload"}, {"status": "PASS", "message": null, "name": "test_form_control_send_text[input]"}, {"status": "PASS", "message": null, "name": "test_form_control_send_text[textarea]"}, {"status": "PASS", "message": null, "name": "test_not_blurred[input]"}, {"status": "PASS", "message": null, "name": "test_not_blurred[textarea]"}]}, {"test": "/webdriver/tests/element_send_keys/scroll_into_view.py", "status": "OK", "message": null, "duration": 811, "subtests": [{"status": "PASS", "message": null, "name": "test_element_outside_of_not_scrollable_viewport"}, {"status": "PASS", "message": null, "name": "test_element_outside_of_scrollable_viewport"}, {"status": "PASS", "message": null, "name": "test_option_select_container_outside_of_scrollable_viewport"}, {"status": "PASS", "message": null, "name": "test_option_stays_outside_of_scrollable_viewport"}, {"status": "FAIL", "expected": "PASS", "message": "assert False", "name": "test_contenteditable_element_outside_of_scrollable_viewport"}]}, {"test": "/webdriver/tests/maximize_window/maximize.py", "status": "OK", "message": null, "duration": 9998, "subtests": [{"status": "PASS", "message": null, "name": "test_no_browsing_context"}, {"status": "PASS", "message": null, "name": "test_fully_exit_fullscreen"}, {"status": "PASS", "message": null, "name": "test_restore_the_window"}, {"status": "PASS", "message": null, "name": "test_maximize"}, {"status": "PASS", "message": null, "name": "test_payload"}, {"status": "PASS", "message": null, "name": "test_maximize_twice_is_idempotent"}]}, {"test": "/webdriver/tests/actions/sequence.py", "status": "OK", "message": null, "duration": 1313, "subtests": [{"status": "PASS", "message": null, "name": "test_no_actions_send_no_events"}, {"status": "PASS", "message": null, "name": "test_release_char_sequence_sends_keyup_events_in_reverse"}, {"status": "PASS", "message": null, "name": "test_release_no_actions_sends_no_events"}]}, {"test": "/webdriver/tests/element_click/navigate.py", "status": "OK", "message": null, "duration": 5545, "subtests": [{"status": "PASS", "message": null, "name": "test_numbers_link"}, {"status": "PASS", "message": null, "name": "test_multi_line_link"}, {"status": "PASS", "message": null, "name": "test_link_unload_event"}, {"status": "PASS", "message": null, "name": "test_link_hash"}, {"status": "PASS", "message": null, "name": "test_link_closes_window"}]}, {"test": "/webdriver/tests/new_session/response.py", "status": "OK", "message": null, "duration": 8374, "subtests": [{"status": "PASS", "message": null, "name": "test_sessionid"}, {"status": "PASS", "message": null, "name": "test_capability_type[browserName-basestring]"}, {"status": "PASS", "message": null, "name": "test_capability_type[browserVersion-basestring]"}, {"status": "PASS", "message": null, "name": "test_capability_type[platformName-basestring]"}, {"status": "PASS", "message": null, "name": "test_capability_type[acceptInsecureCerts-bool]"}, {"status": "PASS", "message": null, "name": "test_capability_type[pageLoadStrategy-basestring]"}, {"status": "FAIL", "expected": "PASS", "message": "AssertionError: assert 'proxy' in {'acceptInsecureCerts': False, 'browserName': 'firefox', 'browserVersion': '61.0.2', 'moz:accessibilityChecks': False, ...}", "name": "test_capability_type[proxy-dict]"}, {"status": "FAIL", "expected": "PASS", "message": "AssertionError: assert 'setWindowRect' in {'acceptInsecureCerts': False, 'browserName': 'firefox', 'browserVersion': '61.0.2', 'moz:accessibilityChecks': False, ...}", "name": "test_capability_type[setWindowRect-bool]"}, {"status": "PASS", "message": null, "name": "test_capability_type[timeouts-dict]"}, {"status": "FAIL", "expected": "PASS", "message": "AssertionError: assert 'unhandledPromptBehavior' in {'acceptInsecureCerts': False, 'browserName': 'firefox', 'browserVersion': '61.0.2', 'moz:accessibilityChecks': False, ...}", "name": "test_capability_type[unhandledPromptBehavior-basestring]"}, {"status": "PASS", "message": null, "name": "test_capability_default_value[acceptInsecureCerts-False]"}, {"status": "PASS", "message": null, "name": "test_capability_default_value[pageLoadStrategy-normal]"}, {"status": "FAIL", "expected": "PASS", "message": "AssertionError: assert 'proxy' in {'acceptInsecureCerts': False, 'browserName': 'firefox', 'browserVersion': '61.0.2', 'moz:accessibilityChecks': False, ...}", "name": "test_capability_default_value[proxy-default_value2]"}, {"status": "FAIL", "expected": "PASS", "message": "AssertionError: assert 'setWindowRect' in {'acceptInsecureCerts': False, 'browserName': 'firefox', 'browserVersion': '61.0.2', 'moz:accessibilityChecks': False, ...}", "name": "test_capability_default_value[setWindowRect-True]"}, {"status": "PASS", "message": null, "name": "test_capability_default_value[timeouts-default_value4]"}, {"status": "FAIL", "expected": "PASS", "message": "AssertionError: assert 'unhandledPromptBehavior' in {'acceptInsecureCerts': False, 'browserName': 'firefox', 'browserVersion': '61.0.2', 'moz:accessibilityChecks': False, ...}", "name": "test_capability_default_value[unhandledPromptBehavior-dismiss and notify]"}]}, {"test": "/webdriver/tests/set_window_rect/user_prompts.py", "status": "OK", "message": null, "duration": 27139, "subtests": [{"status": "FAIL", "expected": "PASS", "message": "AssertionError: unexpected alert open (500):", "name": "test_accept[capabilities0-alert-None]"}, {"status": "FAIL", "expected": "PASS", "message": "AssertionError: unexpected alert open (500):", "name": "test_accept[capabilities0-confirm-True]"}, {"status": "FAIL", "expected": "PASS", "message": "AssertionError: unexpected alert open (500):", "name": "test_accept[capabilities0-prompt-]"}, {"status": "PASS", "message": null, "name": "test_accept_and_notify[capabilities0-alert-None]"}, {"status": "FAIL", "expected": "PASS", "message": "assert False == True", "name": "test_accept_and_notify[capabilities0-confirm-True]"}, {"status": "FAIL", "expected": "PASS", "message": "AssertionError: assert None == ''", "name": "test_accept_and_notify[capabilities0-prompt-]"}, {"status": "FAIL", "expected": "PASS", "message": "AssertionError: unexpected alert open (500):", "name": "test_dismiss[capabilities0-alert-None]"}, {"status": "FAIL", "expected": "PASS", "message": "AssertionError: unexpected alert open (500):", "name": "test_dismiss[capabilities0-confirm-False]"}, {"status": "FAIL", "expected": "PASS", "message": "AssertionError: unexpected alert open (500):", "name": "test_dismiss[capabilities0-prompt-None]"}, {"status": "PASS", "message": null, "name": "test_dismiss_and_notify[capabilities0-alert-None]"}, {"status": "PASS", "message": null, "name": "test_dismiss_and_notify[capabilities0-confirm-False]"}, {"status": "PASS", "message": null, "name": "test_dismiss_and_notify[capabilities0-prompt-None]"}, {"status": "FAIL", "expected": "PASS", "message": "NoSuchAlertException: no such alert (404): No modal dialog is currently open", "name": "test_ignore[capabilities0-alert]"}, {"status": "FAIL", "expected": "PASS", "message": "NoSuchAlertException: no such alert (404): No modal dialog is currently open", "name": "test_ignore[capabilities0-confirm]"}, {"status": "FAIL", "expected": "PASS", "message": "NoSuchAlertException: no such alert (404): No modal dialog is currently open", "name": "test_ignore[capabilities0-prompt]"}, {"status": "PASS", "message": null, "name": "test_default[alert-None]"}, {"status": "PASS", "message": null, "name": "test_default[confirm-False]"}, {"status": "PASS", "message": null, "name": "test_default[prompt-None]"}]}, {"test": "/webdriver/tests/forward/user_prompts.py", "status": "OK", "message": null, "duration": 36249, "subtests": [{"status": "FAIL", "expected": "PASS", "message": "AssertionError: unexpected alert open (500):", "name": "test_accept[capabilities0-alert]"}, {"status": "FAIL", "expected": "PASS", "message": "AssertionError: unexpected alert open (500):", "name": "test_accept[capabilities0-confirm]"}, {"status": "FAIL", "expected": "PASS", "message": "AssertionError: unexpected alert open (500):", "name": "test_accept[capabilities0-prompt]"}, {"status": "PASS", "message": null, "name": "test_accept_and_notify[capabilities0-alert-None]"}, {"status": "FAIL", "expected": "PASS", "message": "assert False == True", "name": "test_accept_and_notify[capabilities0-confirm-True]"}, {"status": "FAIL", "expected": "PASS", "message": "AssertionError: assert None == ''", "name": "test_accept_and_notify[capabilities0-prompt-]"}, {"status": "FAIL", "expected": "PASS", "message": "AssertionError: unexpected alert open (500):", "name": "test_dismiss[capabilities0-alert]"}, {"status": "FAIL", "expected": "PASS", "message": "AssertionError: unexpected alert open (500):", "name": "test_dismiss[capabilities0-confirm]"}, {"status": "FAIL", "expected": "PASS", "message": "AssertionError: unexpected alert open (500):", "name": "test_dismiss[capabilities0-prompt]"}, {"status": "PASS", "message": null, "name": "test_dismiss_and_notify[capabilities0-alert-None]"}, {"status": "PASS", "message": null, "name": "test_dismiss_and_notify[capabilities0-confirm-False]"}, {"status": "PASS", "message": null, "name": "test_dismiss_and_notify[capabilities0-prompt-None]"}, {"status": "FAIL", "expected": "PASS", "message": "NoSuchAlertException: no such alert (404): No modal dialog is currently open", "name": "test_ignore[capabilities0-alert]"}, {"status": "FAIL", "expected": "PASS", "message": "NoSuchAlertException: no such alert (404): No modal dialog is currently open", "name": "test_ignore[capabilities0-confirm]"}, {"status": "FAIL", "expected": "PASS", "message": "NoSuchAlertException: no such alert (404): No modal dialog is currently open", "name": "test_ignore[capabilities0-prompt]"}, {"status": "PASS", "message": null, "name": "test_default[alert-None]"}, {"status": "PASS", "message": null, "name": "test_default[confirm-False]"}, {"status": "PASS", "message": null, "name": "test_default[prompt-None]"}]}, {"test": "/webdriver/tests/actions/modifier_click.py", "status": "OK", "message": null, "duration": 4452, "subtests": [{"status": "PASS", "message": null, "name": "test_modifier_click[\\ue00a-altKey]"}, {"status": "PASS", "message": null, "name": "test_modifier_click[\\ue052-altKey]"}, {"status": "PASS", "message": null, "name": "test_modifier_click[\\ue03d-metaKey]"}, {"status": "PASS", "message": null, "name": "test_modifier_click[\\ue053-metaKey]"}, {"status": "PASS", "message": null, "name": "test_modifier_click[\\ue008-shiftKey]"}, {"status": "PASS", "message": null, "name": "test_modifier_click[\\ue050-shiftKey]"}, {"status": "PASS", "message": null, "name": "test_many_modifiers_click"}]}, {"test": "/webdriver/tests/set_timeouts/set.py", "status": "OK", "message": null, "duration": 265, "subtests": [{"status": "PASS", "message": null, "name": "test_null_parameter_value"}, {"status": "PASS", "message": null, "name": "test_null_response_value"}]}, {"test": "/webdriver/tests/get_element_tag_name/user_prompts.py", "status": "OK", "message": null, "duration": 28623, "subtests": [{"status": "FAIL", "expected": "PASS", "message": "AssertionError: unexpected alert open (500):", "name": "test_accept[capabilities0-alert-None]"}, {"status": "FAIL", "expected": "PASS", "message": "AssertionError: unexpected alert open (500):", "name": "test_accept[capabilities0-confirm-True]"}, {"status": "FAIL", "expected": "PASS", "message": "AssertionError: unexpected alert open (500):", "name": "test_accept[capabilities0-prompt-]"}, {"status": "PASS", "message": null, "name": "test_accept_and_notify[capabilities0-alert-None]"}, {"status": "FAIL", "expected": "PASS", "message": "assert False == True", "name": "test_accept_and_notify[capabilities0-confirm-True]"}, {"status": "FAIL", "expected": "PASS", "message": "AssertionError: assert None == ''", "name": "test_accept_and_notify[capabilities0-prompt-]"}, {"status": "FAIL", "expected": "PASS", "message": "AssertionError: unexpected alert open (500):", "name": "test_dismiss[capabilities0-alert-None]"}, {"status": "FAIL", "expected": "PASS", "message": "AssertionError: unexpected alert open (500):", "name": "test_dismiss[capabilities0-confirm-False]"}, {"status": "FAIL", "expected": "PASS", "message": "AssertionError: unexpected alert open (500):", "name": "test_dismiss[capabilities0-prompt-None]"}, {"status": "PASS", "message": null, "name": "test_dismiss_and_notify[capabilities0-alert-None]"}, {"status": "PASS", "message": null, "name": "test_dismiss_and_notify[capabilities0-confirm-False]"}, {"status": "PASS", "message": null, "name": "test_dismiss_and_notify[capabilities0-prompt-None]"}, {"status": "FAIL", "expected": "PASS", "message": "NoSuchAlertException: no such alert (404): No modal dialog is currently open", "name": "test_ignore[capabilities0-alert]"}, {"status": "FAIL", "expected": "PASS", "message": "NoSuchAlertException: no such alert (404): No modal dialog is currently open", "name": "test_ignore[capabilities0-confirm]"}, {"status": "FAIL", "expected": "PASS", "message": "NoSuchAlertException: no such alert (404): No modal dialog is currently open", "name": "test_ignore[capabilities0-prompt]"}, {"status": "PASS", "message": null, "name": "test_default[alert-None]"}, {"status": "PASS", "message": null, "name": "test_default[confirm-False]"}, {"status": "PASS", "message": null, "name": "test_default[prompt-None]"}]}, {"test": "/webdriver/tests/navigate_to/navigate.py", "status": "OK", "message": null, "duration": 4342, "subtests": [{"status": "PASS", "message": null, "name": "test_null_parameter_value"}, {"status": "PASS", "message": null, "name": "test_null_response_value"}, {"status": "PASS", "message": null, "name": "test_no_browsing_context"}]}, {"test": "/webdriver/tests/page_source/source.py", "status": "OK", "message": null, "duration": 4171, "subtests": [{"status": "PASS", "message": null, "name": "test_no_browsing_context"}, {"status": "PASS", "message": null, "name": "test_source_matches_outer_html"}]}, {"test": "/webdriver/tests/execute_async_script/user_prompts.py", "status": "OK", "message": null, "duration": 25528, "subtests": [{"status": "FAIL", "expected": "PASS", "message": "AssertionError: User prompt with text 'alert' was not handled.", "name": "test_accept[capabilities0-alert-None]"}, {"status": "FAIL", "expected": "PASS", "message": "AssertionError: User prompt with text 'confirm' was not handled.", "name": "test_accept[capabilities0-confirm-True]"}, {"status": "FAIL", "expected": "PASS", "message": "AssertionError: User prompt with text 'prompt' was not handled.", "name": "test_accept[capabilities0-prompt-]"}, {"status": "FAIL", "expected": "PASS", "message": "assert 200 == 500", "name": "test_accept_and_notify[capabilities0-alert-None]"}, {"status": "FAIL", "expected": "PASS", "message": "assert 200 == 500", "name": "test_accept_and_notify[capabilities0-confirm-True]"}, {"status": "FAIL", "expected": "PASS", "message": "assert 200 == 500", "name": "test_accept_and_notify[capabilities0-prompt-]"}, {"status": "FAIL", "expected": "PASS", "message": "AssertionError: User prompt with text 'alert' was not handled.", "name": "test_dismiss[capabilities0-alert-None]"}, {"status": "FAIL", "expected": "PASS", "message": "AssertionError: User prompt with text 'confirm' was not handled.", "name": "test_dismiss[capabilities0-confirm-False]"}, {"status": "FAIL", "expected": "PASS", "message": "AssertionError: User prompt with text 'prompt' was not handled.", "name": "test_dismiss[capabilities0-prompt-None]"}, {"status": "FAIL", "expected": "PASS", "message": "assert 200 == 500", "name": "test_dismiss_and_notify[capabilities0-alert-None]"}, {"status": "FAIL", "expected": "PASS", "message": "assert 200 == 500", "name": "test_dismiss_and_notify[capabilities0-confirm-False]"}, {"status": "FAIL", "expected": "PASS", "message": "assert 200 == 500", "name": "test_dismiss_and_notify[capabilities0-prompt-None]"}, {"status": "FAIL", "expected": "PASS", "message": "assert 200 == 500", "name": "test_ignore[capabilities0-alert]"}, {"status": "FAIL", "expected": "PASS", "message": "assert 200 == 500", "name": "test_ignore[capabilities0-confirm]"}, {"status": "FAIL", "expected": "PASS", "message": "assert 200 == 500", "name": "test_ignore[capabilities0-prompt]"}, {"status": "FAIL", "expected": "PASS", "message": "assert 200 == 500", "name": "test_default[alert-None]"}, {"status": "FAIL", "expected": "PASS", "message": "assert 200 == 500", "name": "test_default[confirm-False]"}, {"status": "FAIL", "expected": "PASS", "message": "assert 200 == 500", "name": "test_default[prompt-None]"}]}, {"test": "/webdriver/tests/get_current_url/user_prompts.py", "status": "OK", "message": null, "duration": 29684, "subtests": [{"status": "FAIL", "expected": "PASS", "message": "AssertionError: unexpected alert open (500):", "name": "test_accept[capabilities0-alert-None]"}, {"status": "FAIL", "expected": "PASS", "message": "AssertionError: unexpected alert open (500):", "name": "test_accept[capabilities0-confirm-True]"}, {"status": "FAIL", "expected": "PASS", "message": "AssertionError: unexpected alert open (500):", "name": "test_accept[capabilities0-prompt-]"}, {"status": "PASS", "message": null, "name": "test_accept_and_notify[capabilities0-alert-None]"}, {"status": "FAIL", "expected": "PASS", "message": "assert False == True", "name": "test_accept_and_notify[capabilities0-confirm-True]"}, {"status": "FAIL", "expected": "PASS", "message": "AssertionError: assert None == ''", "name": "test_accept_and_notify[capabilities0-prompt-]"}, {"status": "FAIL", "expected": "PASS", "message": "AssertionError: unexpected alert open (500):", "name": "test_dismiss[capabilities0-alert-None]"}, {"status": "FAIL", "expected": "PASS", "message": "AssertionError: unexpected alert open (500):", "name": "test_dismiss[capabilities0-confirm-False]"}, {"status": "FAIL", "expected": "PASS", "message": "AssertionError: unexpected alert open (500):", "name": "test_dismiss[capabilities0-prompt-None]"}, {"status": "PASS", "message": null, "name": "test_dismiss_and_notify[capabilities0-alert-None]"}, {"status": "PASS", "message": null, "name": "test_dismiss_and_notify[capabilities0-confirm-False]"}, {"status": "PASS", "message": null, "name": "test_dismiss_and_notify[capabilities0-prompt-None]"}, {"status": "FAIL", "expected": "PASS", "message": "NoSuchAlertException: no such alert (404): No modal dialog is currently open", "name": "test_ignore[capabilities0-alert]"}, {"status": "FAIL", "expected": "PASS", "message": "NoSuchAlertException: no such alert (404): No modal dialog is currently open", "name": "test_ignore[capabilities0-confirm]"}, {"status": "FAIL", "expected": "PASS", "message": "NoSuchAlertException: no such alert (404): No modal dialog is currently open", "name": "test_ignore[capabilities0-prompt]"}, {"status": "PASS", "message": null, "name": "test_default[alert-None]"}, {"status": "PASS", "message": null, "name": "test_default[confirm-False]"}, {"status": "PASS", "message": null, "name": "test_default[prompt-None]"}]}, {"test": "/webdriver/tests/actions/special_keys.py", "status": "OK", "message": null, "duration": 29968, "subtests": [{"status": "PASS", "message": null, "name": "test_webdriver_special_key_sends_keydown[NUMPAD9-expected0]"}, {"status": "PASS", "message": null, "name": "test_webdriver_special_key_sends_keydown[RETURN-expected1]"}, {"status": "PASS", "message": null, "name": "test_webdriver_special_key_sends_keydown[HELP-expected2]"}, {"status": "PASS", "message": null, "name": "test_webdriver_special_key_sends_keydown[SHIFT-expected3]"}, {"status": "PASS", "message": null, "name": "test_webdriver_special_key_sends_keydown[R_ARROWRIGHT-expected4]"}, {"status": "PASS", "message": null, "name": "test_webdriver_special_key_sends_keydown[ESCAPE-expected5]"}, {"status": "PASS", "message": null, "name": "test_webdriver_special_key_sends_keydown[PAGE_UP-expected6]"}, {"status": "PASS", "message": null, "name": "test_webdriver_special_key_sends_keydown[R_PAGEUP-expected7]"}, {"status": "PASS", "message": null, "name": "test_webdriver_special_key_sends_keydown[UP-expected8]"}, {"status": "PASS", "message": null, "name": "test_webdriver_special_key_sends_keydown[DOWN-expected9]"}, {"status": "PASS", "message": null, "name": "test_webdriver_special_key_sends_keydown[F12-expected10]"}, {"status": "PASS", "message": null, "name": "test_webdriver_special_key_sends_keydown[META-expected11]"}, {"status": "PASS", "message": null, "name": "test_webdriver_special_key_sends_keydown[BACKSPACE-expected12]"}, {"status": "PASS", "message": null, "name": "test_webdriver_special_key_sends_keydown[MULTIPLY-expected13]"}, {"status": "PASS", "message": null, "name": "test_webdriver_special_key_sends_keydown[HOME-expected14]"}, {"status": "PASS", "message": null, "name": "test_webdriver_special_key_sends_keydown[NULL-expected15]"}, {"status": "PASS", "message": null, "name": "test_webdriver_special_key_sends_keydown[SUBTRACT-expected16]"}, {"status": "PASS", "message": null, "name": "test_webdriver_special_key_sends_keydown[CONTROL-expected17]"}, {"status": "PASS", "message": null, "name": "test_webdriver_special_key_sends_keydown[INSERT-expected18]"}, {"status": "PASS", "message": null, "name": "test_webdriver_special_key_sends_keydown[R_META-expected19]"}, {"status": "PASS", "message": null, "name": "test_webdriver_special_key_sends_keydown[SEMICOLON-expected20]"}, {"status": "PASS", "message": null, "name": "test_webdriver_special_key_sends_keydown[SPACE-expected21]"}, {"status": "PASS", "message": null, "name": "test_webdriver_special_key_sends_keydown[NUMPAD4-expected22]"}, {"status": "PASS", "message": null, "name": "test_webdriver_special_key_sends_keydown[RIGHT-expected23]"}, {"status": "PASS", "message": null, "name": "test_webdriver_special_key_sends_keydown[TAB-expected24]"}, {"status": "PASS", "message": null, "name": "test_webdriver_special_key_sends_keydown[R_ALT-expected25]"}, {"status": "PASS", "message": null, "name": "test_webdriver_special_key_sends_keydown[NUMPAD0-expected26]"}, {"status": "PASS", "message": null, "name": "test_webdriver_special_key_sends_keydown[DECIMAL-expected27]"}, {"status": "PASS", "message": null, "name": "test_webdriver_special_key_sends_keydown[LEFT-expected28]"}, {"status": "PASS", "message": null, "name": "test_webdriver_special_key_sends_keydown[R_DELETE-expected29]"}, {"status": "PASS", "message": null, "name": "test_webdriver_special_key_sends_keydown[PAGE_DOWN-expected30]"}, {"status": "PASS", "message": null, "name": "test_webdriver_special_key_sends_keydown[PAUSE-expected31]"}, {"status": "PASS", "message": null, "name": "test_webdriver_special_key_sends_keydown[END-expected32]"}, {"status": "PASS", "message": null, "name": "test_webdriver_special_key_sends_keydown[DIVIDE-expected33]"}, {"status": "PASS", "message": null, "name": "test_webdriver_special_key_sends_keydown[R_ARROWUP-expected34]"}, {"status": "PASS", "message": null, "name": "test_webdriver_special_key_sends_keydown[NUMPAD3-expected35]"}, {"status": "PASS", "message": null, "name": "test_webdriver_special_key_sends_keydown[CLEAR-expected36]"}, {"status": "PASS", "message": null, "name": "test_webdriver_special_key_sends_keydown[R_ARROWLEFT-expected37]"}, {"status": "PASS", "message": null, "name": "test_webdriver_special_key_sends_keydown[EQUALS-expected38]"}, {"status": "PASS", "message": null, "name": "test_webdriver_special_key_sends_keydown[R_PAGEDOWN-expected39]"}, {"status": "PASS", "message": null, "name": "test_webdriver_special_key_sends_keydown[ADD-expected40]"}, {"status": "PASS", "message": null, "name": "test_webdriver_special_key_sends_keydown[NUMPAD1-expected41]"}, {"status": "PASS", "message": null, "name": "test_webdriver_special_key_sends_keydown[R_INSERT-expected42]"}, {"status": "PASS", "message": null, "name": "test_webdriver_special_key_sends_keydown[ENTER-expected43]"}, {"status": "PASS", "message": null, "name": "test_webdriver_special_key_sends_keydown[CANCEL-expected44]"}, {"status": "PASS", "message": null, "name": "test_webdriver_special_key_sends_keydown[NUMPAD6-expected45]"}, {"status": "PASS", "message": null, "name": "test_webdriver_special_key_sends_keydown[F10-expected46]"}, {"status": "PASS", "message": null, "name": "test_webdriver_special_key_sends_keydown[F11-expected47]"}, {"status": "PASS", "message": null, "name": "test_webdriver_special_key_sends_keydown[R_END-expected48]"}, {"status": "PASS", "message": null, "name": "test_webdriver_special_key_sends_keydown[NUMPAD7-expected49]"}, {"status": "PASS", "message": null, "name": "test_webdriver_special_key_sends_keydown[NUMPAD2-expected50]"}, {"status": "PASS", "message": null, "name": "test_webdriver_special_key_sends_keydown[F1-expected51]"}, {"status": "PASS", "message": null, "name": "test_webdriver_special_key_sends_keydown[F2-expected52]"}, {"status": "PASS", "message": null, "name": "test_webdriver_special_key_sends_keydown[F3-expected53]"}, {"status": "PASS", "message": null, "name": "test_webdriver_special_key_sends_keydown[F4-expected54]"}, {"status": "PASS", "message": null, "name": "test_webdriver_special_key_sends_keydown[F5-expected55]"}, {"status": "PASS", "message": null, "name": "test_webdriver_special_key_sends_keydown[F6-expected56]"}, {"status": "PASS", "message": null, "name": "test_webdriver_special_key_sends_keydown[F7-expected57]"}, {"status": "PASS", "message": null, "name": "test_webdriver_special_key_sends_keydown[F8-expected58]"}, {"status": "PASS", "message": null, "name": "test_webdriver_special_key_sends_keydown[F9-expected59]"}, {"status": "PASS", "message": null, "name": "test_webdriver_special_key_sends_keydown[NUMPAD8-expected60]"}, {"status": "PASS", "message": null, "name": "test_webdriver_special_key_sends_keydown[NUMPAD5-expected61]"}, {"status": "PASS", "message": null, "name": "test_webdriver_special_key_sends_keydown[R_CONTROL-expected62]"}, {"status": "PASS", "message": null, "name": "test_webdriver_special_key_sends_keydown[R_HOME-expected63]"}, {"status": "PASS", "message": null, "name": "test_webdriver_special_key_sends_keydown[ZENKAKUHANKAKU-expected64]"}, {"status": "PASS", "message": null, "name": "test_webdriver_special_key_sends_keydown[R_SHIFT-expected65]"}, {"status": "PASS", "message": null, "name": "test_webdriver_special_key_sends_keydown[SEPARATOR-expected66]"}, {"status": "PASS", "message": null, "name": "test_webdriver_special_key_sends_keydown[ALT-expected67]"}, {"status": "PASS", "message": null, "name": "test_webdriver_special_key_sends_keydown[R_ARROWDOWN-expected68]"}, {"status": "PASS", "message": null, "name": "test_webdriver_special_key_sends_keydown[DELETE-expected69]"}, {"status": "PASS", "message": null, "name": "test_multiple_codepoint_keys_behave_correctly[f]"}, {"status": "PASS", "message": null, "name": "test_multiple_codepoint_keys_behave_correctly[\\u0ba8\\u0bbf]"}, {"status": "PASS", "message": null, "name": "test_multiple_codepoint_keys_behave_correctly[\\u1100\\u1161\\u11a8]"}, {"status": "PASS", "message": null, "name": "test_invalid_multiple_codepoint_keys_fail[fa]"}, {"status": "PASS", "message": null, "name": "test_invalid_multiple_codepoint_keys_fail[\\u0ba8\\u0bbfb]"}, {"status": "PASS", "message": null, "name": "test_invalid_multiple_codepoint_keys_fail[\\u0ba8\\u0bbf\\u0ba8]"}, {"status": "PASS", "message": null, "name": "test_invalid_multiple_codepoint_keys_fail[\\u1100\\u1161\\u11a8c]"}]}, {"test": "/webdriver/tests/back/back.py", "status": "OK", "message": null, "duration": 1953, "subtests": [{"status": "PASS", "message": null, "name": "test_null_response_value"}, {"status": "PASS", "message": null, "name": "test_no_browsing_context"}, {"status": "PASS", "message": null, "name": "test_no_browsing_history"}, {"status": "PASS", "message": null, "name": "test_data_urls"}, {"status": "PASS", "message": null, "name": "test_dismissed_beforeunload"}, {"status": "PASS", "message": null, "name": "test_fragments"}, {"status": "PASS", "message": null, "name": "test_history_pushstate"}]}, {"test": "/webdriver/tests/new_session/invalid_capabilities.py", "status": "OK", "message": null, "duration": 2438, "subtests": [{"status": "PASS", "message": null, "name": "test_invalid_capabilites[None]"}, {"status": "PASS", "message": null, "name": "test_invalid_capabilites[1]"}, {"status": "PASS", "message": null, "name": "test_invalid_capabilites[{}]"}, {"status": "PASS", "message": null, "name": "test_invalid_capabilites[value3]"}, {"status": "PASS", "message": null, "name": "test_invalid_always_match[None]"}, {"status": "PASS", "message": null, "name": "test_invalid_always_match[1]"}, {"status": "PASS", "message": null, "name": "test_invalid_always_match[{}]"}, {"status": "PASS", "message": null, "name": "test_invalid_always_match[value3]"}, {"status": "PASS", "message": null, "name": "test_invalid_first_match[None]"}, {"status": "PASS", "message": null, "name": "test_invalid_first_match[1]"}, {"status": "PASS", "message": null, "name": "test_invalid_first_match[[]]"}, {"status": "PASS", "message": null, "name": "test_invalid_first_match[value3]"}, {"status": "PASS", "message": null, "name": "test_invalid_values[acceptInsecureCerts-1-<lambda>0]"}, {"status": "PASS", "message": null, "name": "test_invalid_values[acceptInsecureCerts-1-<lambda>1]"}, {"status": "PASS", "message": null, "name": "test_invalid_values[acceptInsecureCerts-value1-<lambda>0]"}, {"status": "PASS", "message": null, "name": "test_invalid_values[acceptInsecureCerts-value1-<lambda>1]"}, {"status": "PASS", "message": null, "name": "test_invalid_values[acceptInsecureCerts-value2-<lambda>0]"}, {"status": "PASS", "message": null, "name": "test_invalid_values[acceptInsecureCerts-value2-<lambda>1]"}, {"status": "PASS", "message": null, "name": "test_invalid_values[acceptInsecureCerts-false-<lambda>0]"}, {"status": "PASS", "message": null, "name": "test_invalid_values[acceptInsecureCerts-false-<lambda>1]"}, {"status": "PASS", "message": null, "name": "test_invalid_values[browserName-1-<lambda>0]"}, {"status": "PASS", "message": null, "name": "test_invalid_values[browserName-1-<lambda>1]"}, {"status": "PASS", "message": null, "name": "test_invalid_values[browserName-value5-<lambda>0]"}, {"status": "PASS", "message": null, "name": "test_invalid_values[browserName-value5-<lambda>1]"}, {"status": "PASS", "message": null, "name": "test_invalid_values[browserName-value6-<lambda>0]"}, {"status": "PASS", "message": null, "name": "test_invalid_values[browserName-value6-<lambda>1]"}, {"status": "PASS", "message": null, "name": "test_invalid_values[browserName-False-<lambda>0]"}, {"status": "PASS", "message": null, "name": "test_invalid_values[browserName-False-<lambda>1]"}, {"status": "PASS", "message": null, "name": "test_invalid_values[browserVersion-1-<lambda>0]"}, {"status": "PASS", "message": null, "name": "test_invalid_values[browserVersion-1-<lambda>1]"}, {"status": "PASS", "message": null, "name": "test_invalid_values[browserVersion-value9-<lambda>0]"}, {"status": "PASS", "message": null, "name": "test_invalid_values[browserVersion-value9-<lambda>1]"}, {"status": "PASS", "message": null, "name": "test_invalid_values[browserVersion-value10-<lambda>0]"}, {"status": "PASS", "message": null, "name": "test_invalid_values[browserVersion-value10-<lambda>1]"}, {"status": "PASS", "message": null, "name": "test_invalid_values[browserVersion-False-<lambda>0]"}, {"status": "PASS", "message": null, "name": "test_invalid_values[browserVersion-False-<lambda>1]"}, {"status": "PASS", "message": null, "name": "test_invalid_values[platformName-1-<lambda>0]"}, {"status": "PASS", "message": null, "name": "test_invalid_values[platformName-1-<lambda>1]"}, {"status": "PASS", "message": null, "name": "test_invalid_values[platformName-value13-<lambda>0]"}, {"status": "PASS", "message": null, "name": "test_invalid_values[platformName-value13-<lambda>1]"}, {"status": "PASS", "message": null, "name": "test_invalid_values[platformName-value14-<lambda>0]"}, {"status": "PASS", "message": null, "name": "test_invalid_values[platformName-value14-<lambda>1]"}, {"status": "PASS", "message": null, "name": "test_invalid_values[platformName-False-<lambda>0]"}, {"status": "PASS", "message": null, "name": "test_invalid_values[platformName-False-<lambda>1]"}, {"status": "PASS", "message": null, "name": "test_invalid_values[pageLoadStrategy-1-<lambda>0]"}, {"status": "PASS", "message": null, "name": "test_invalid_values[pageLoadStrategy-1-<lambda>1]"}, {"status": "PASS", "message": null, "name": "test_invalid_values[pageLoadStrategy-value17-<lambda>0]"}, {"status": "PASS", "message": null, "name": "test_invalid_values[pageLoadStrategy-value17-<lambda>1]"}, {"status": "PASS", "message": null, "name": "test_invalid_values[pageLoadStrategy-value18-<lambda>0]"}, {"status": "PASS", "message": null, "name": "test_invalid_values[pageLoadStrategy-value18-<lambda>1]"}, {"status": "PASS", "message": null, "name": "test_invalid_values[pageLoadStrategy-False-<lambda>0]"}, {"status": "PASS", "message": null, "name": "test_invalid_values[pageLoadStrategy-False-<lambda>1]"}, {"status": "PASS", "message": null, "name": "test_invalid_values[pageLoadStrategy-invalid-<lambda>0]"}, {"status": "PASS", "message": null, "name": "test_invalid_values[pageLoadStrategy-invalid-<lambda>1]"}, {"status": "PASS", "message": null, "name": "test_invalid_values[pageLoadStrategy-NONE-<lambda>0]"}, {"status": "PASS", "message": null, "name": "test_invalid_values[pageLoadStrategy-NONE-<lambda>1]"}, {"status": "PASS", "message": null, "name": "test_invalid_values[pageLoadStrategy-Eager-<lambda>0]"}, {"status": "PASS", "message": null, "name": "test_invalid_values[pageLoadStrategy-Eager-<lambda>1]"}, {"status": "PASS", "message": null, "name": "test_invalid_values[pageLoadStrategy-eagerblah-<lambda>0]"}, {"status": "PASS", "message": null, "name": "test_invalid_values[pageLoadStrategy-eagerblah-<lambda>1]"}, {"status": "PASS", "message": null, "name": "test_invalid_values[pageLoadStrategy-interactive-<lambda>0]"}, {"status": "PASS", "message": null, "name": "test_invalid_values[pageLoadStrategy-interactive-<lambda>1]"}, {"status": "PASS", "message": null, "name": "test_invalid_values[pageLoadStrategy- eager-<lambda>0]"}, {"status": "PASS", "message": null, "name": "test_invalid_values[pageLoadStrategy- eager-<lambda>1]"}, {"status": "PASS", "message": null, "name": "test_invalid_values[pageLoadStrategy-eager -<lambda>0]"}, {"status": "PASS", "message": null, "name": "test_invalid_values[pageLoadStrategy-eager -<lambda>1]"}, {"status": "PASS", "message": null, "name": "test_invalid_values[proxy-1-<lambda>0]"}, {"status": "PASS", "message": null, "name": "test_invalid_values[proxy-1-<lambda>1]"}, {"status": "PASS", "message": null, "name": "test_invalid_values[proxy-value28-<lambda>0]"}, {"status": "PASS", "message": null, "name": "test_invalid_values[proxy-value28-<lambda>1]"}, {"status": "PASS", "message": null, "name": "test_invalid_values[proxy-{}-<lambda>0]"}, {"status": "PASS", "message": null, "name": "test_invalid_values[proxy-{}-<lambda>1]"}, {"status": "PASS", "message": null, "name": "test_invalid_values[proxy-value30-<lambda>0]"}, {"status": "PASS", "message": null, "name": "test_invalid_values[proxy-value30-<lambda>1]"}, {"status": "PASS", "message": null, "name": "test_invalid_values[proxy-value31-<lambda>0]"}, {"status": "PASS", "message": null, "name": "test_invalid_values[proxy-value31-<lambda>1]"}, {"status": "PASS", "message": null, "name": "test_invalid_values[proxy-value32-<lambda>0]"}, {"status": "PASS", "message": null, "name": "test_invalid_values[proxy-value32-<lambda>1]"}, {"status": "PASS", "message": null, "name": "test_invalid_values[proxy-value33-<lambda>0]"}, {"status": "PASS", "message": null, "name": "test_invalid_values[proxy-value33-<lambda>1]"}, {"status": "PASS", "message": null, "name": "test_invalid_values[proxy-value34-<lambda>0]"}, {"status": "PASS", "message": null, "name": "test_invalid_values[proxy-value34-<lambda>1]"}, {"status": "PASS", "message": null, "name": "test_invalid_values[proxy-value35-<lambda>0]"}, {"status": "PASS", "message": null, "name": "test_invalid_values[proxy-value35-<lambda>1]"}, {"status": "PASS", "message": null, "name": "test_invalid_values[proxy-value36-<lambda>0]"}, {"status": "PASS", "message": null, "name": "test_invalid_values[proxy-value36-<lambda>1]"}, {"status": "PASS", "message": null, "name": "test_invalid_values[proxy-value37-<lambda>0]"}, {"status": "PASS", "message": null, "name": "test_invalid_values[proxy-value37-<lambda>1]"}, {"status": "PASS", "message": null, "name": "test_invalid_values[proxy-value38-<lambda>0]"}, {"status": "PASS", "message": null, "name": "test_invalid_values[proxy-value38-<lambda>1]"}, {"status": "PASS", "message": null, "name": "test_invalid_values[proxy-value39-<lambda>0]"}, {"status": "PASS", "message": null, "name": "test_invalid_values[proxy-value39-<lambda>1]"}, {"status": "PASS", "message": null, "name": "test_invalid_values[proxy-value40-<lambda>0]"}, {"status": "PASS", "message": null, "name": "test_invalid_values[proxy-value40-<lambda>1]"}, {"status": "PASS", "message": null, "name": "test_invalid_values[proxy-value41-<lambda>0]"}, {"status": "PASS", "message": null, "name": "test_invalid_values[proxy-value41-<lambda>1]"}, {"status": "PASS", "message": null, "name": "test_invalid_values[proxy-value42-<lambda>0]"}, {"status": "PASS", "message": null, "name": "test_invalid_values[proxy-value42-<lambda>1]"}, {"status": "PASS", "message": null, "name": "test_invalid_values[proxy-value43-<lambda>0]"}, {"status": "PASS", "message": null, "name": "test_invalid_values[proxy-value43-<lambda>1]"}, {"status": "PASS", "message": null, "name": "test_invalid_values[proxy-value44-<lambda>0]"}, {"status": "PASS", "message": null, "name": "test_invalid_values[proxy-value44-<lambda>1]"}, {"status": "PASS", "message": null, "name": "test_invalid_values[timeouts-1-<lambda>0]"}, {"status": "PASS", "message": null, "name": "test_invalid_values[timeouts-1-<lambda>1]"}, {"status": "PASS", "message": null, "name": "test_invalid_values[timeouts-value46-<lambda>0]"}, {"status": "PASS", "message": null, "name": "test_invalid_values[timeouts-value46-<lambda>1]"}, {"status": "PASS", "message": null, "name": "test_invalid_values[timeouts-{}-<lambda>0]"}, {"status": "PASS", "message": null, "name": "test_invalid_values[timeouts-{}-<lambda>1]"}, {"status": "PASS", "message": null, "name": "test_invalid_values[timeouts-False-<lambda>0]"}, {"status": "PASS", "message": null, "name": "test_invalid_values[timeouts-False-<lambda>1]"}, {"status": "PASS", "message": null, "name": "test_invalid_values[timeouts-value49-<lambda>0]"}, {"status": "PASS", "message": null, "name": "test_invalid_values[timeouts-value49-<lambda>1]"}, {"status": "PASS", "message": null, "name": "test_invalid_values[timeouts-value50-<lambda>0]"}, {"status": "PASS", "message": null, "name": "test_invalid_values[timeouts-value50-<lambda>1]"}, {"status": "PASS", "message": null, "name": "test_invalid_values[timeouts-value51-<lambda>0]"}, {"status": "PASS", "message": null, "name": "test_invalid_values[timeouts-value51-<lambda>1]"}, {"status": "PASS", "message": null, "name": "test_invalid_values[timeouts-value52-<lambda>0]"}, {"status": "PASS", "message": null, "name": "test_invalid_values[timeouts-value52-<lambda>1]"}, {"status": "PASS", "message": null, "name": "test_invalid_values[timeouts-value53-<lambda>0]"}, {"status": "PASS", "message": null, "name": "test_invalid_values[timeouts-value53-<lambda>1]"}, {"status": "PASS", "message": null, "name": "test_invalid_values[timeouts-value54-<lambda>0]"}, {"status": "PASS", "message": null, "name": "test_invalid_values[timeouts-value54-<lambda>1]"}, {"status": "PASS", "message": null, "name": "test_invalid_values[timeouts-value55-<lambda>0]"}, {"status": "PASS", "message": null, "name": "test_invalid_values[timeouts-value55-<lambda>1]"}, {"status": "PASS", "message": null, "name": "test_invalid_values[timeouts-value56-<lambda>0]"}, {"status": "PASS", "message": null, "name": "test_invalid_values[timeouts-value56-<lambda>1]"}, {"status": "PASS", "message": null, "name": "test_invalid_values[timeouts-value57-<lambda>0]"}, {"status": "PASS", "message": null, "name": "test_invalid_values[timeouts-value57-<lambda>1]"}, {"status": "PASS", "message": null, "name": "test_invalid_values[timeouts-value58-<lambda>0]"}, {"status": "PASS", "message": null, "name": "test_invalid_values[timeouts-value58-<lambda>1]"}, {"status": "PASS", "message": null, "name": "test_invalid_values[timeouts-value59-<lambda>0]"}, {"status": "PASS", "message": null, "name": "test_invalid_values[timeouts-value59-<lambda>1]"}, {"status": "PASS", "message": null, "name": "test_invalid_values[timeouts-value60-<lambda>0]"}, {"status": "PASS", "message": null, "name": "test_invalid_values[timeouts-value60-<lambda>1]"}, {"status": "PASS", "message": null, "name": "test_invalid_values[timeouts-value61-<lambda>0]"}, {"status": "PASS", "message": null, "name": "test_invalid_values[timeouts-value61-<lambda>1]"}, {"status": "PASS", "message": null, "name": "test_invalid_values[unhandledPromptBehavior-1-<lambda>0]"}, {"status": "PASS", "message": null, "name": "test_invalid_values[unhandledPromptBehavior-1-<lambda>1]"}, {"status": "PASS", "message": null, "name": "test_invalid_values[unhandledPromptBehavior-value63-<lambda>0]"}, {"status": "PASS", "message": null, "name": "test_invalid_values[unhandledPromptBehavior-value63-<lambda>1]"}, {"status": "PASS", "message": null, "name": "test_invalid_values[unhandledPromptBehavior-value64-<lambda>0]"}, {"status": "PASS", "message": null, "name": "test_invalid_values[unhandledPromptBehavior-value64-<lambda>1]"}, {"status": "PASS", "message": null, "name": "test_invalid_values[unhandledPromptBehavior-False-<lambda>0]"}, {"status": "PASS", "message": null, "name": "test_invalid_values[unhandledPromptBehavior-False-<lambda>1]"}, {"status": "PASS", "message": null, "name": "test_invalid_values[unhandledPromptBehavior-DISMISS-<lambda>0]"}, {"status": "PASS", "message": null, "name": "test_invalid_values[unhandledPromptBehavior-DISMISS-<lambda>1]"}, {"status": "PASS", "message": null, "name": "test_invalid_values[unhandledPromptBehavior-dismissABC-<lambda>0]"}, {"status": "PASS", "message": null, "name": "test_invalid_values[unhandledPromptBehavior-dismissABC-<lambda>1]"}, {"status": "PASS", "message": null, "name": "test_invalid_values[unhandledPromptBehavior-Accept-<lambda>0]"}, {"status": "PASS", "message": null, "name": "test_invalid_values[unhandledPromptBehavior-Accept-<lambda>1]"}, {"status": "PASS", "message": null, "name": "test_invalid_values[unhandledPromptBehavior- dismiss-<lambda>0]"}, {"status": "PASS", "message": null, "name": "test_invalid_values[unhandledPromptBehavior- dismiss-<lambda>1]"}, {"status": "PASS", "message": null, "name": "test_invalid_values[unhandledPromptBehavior-dismiss -<lambda>0]"}, {"status": "PASS", "message": null, "name": "test_invalid_values[unhandledPromptBehavior-dismiss -<lambda>1]"}, {"status": "PASS", "message": null, "name": "test_invalid_extensions[firefox-<lambda>0]"}, {"status": "PASS", "message": null, "name": "test_invalid_extensions[firefox-<lambda>1]"}, {"status": "PASS", "message": null, "name": "test_invalid_extensions[firefox_binary-<lambda>0]"}, {"status": "PASS", "message": null, "name": "test_invalid_extensions[firefox_binary-<lambda>1]"}, {"status": "PASS", "message": null, "name": "test_invalid_extensions[firefoxOptions-<lambda>0]"}, {"status": "PASS", "message": null, "name": "test_invalid_extensions[firefoxOptions-<lambda>1]"}, {"status": "PASS", "message": null, "name": "test_invalid_extensions[chromeOptions-<lambda>0]"}, {"status": "PASS", "message": null, "name": "test_invalid_extensions[chromeOptions-<lambda>1]"}, {"status": "PASS", "message": null, "name": "test_invalid_extensions[automaticInspection-<lambda>0]"}, {"status": "PASS", "message": null, "name": "test_invalid_extensions[automaticInspection-<lambda>1]"}, {"status": "PASS", "message": null, "name": "test_invalid_extensions[automaticProfiling-<lambda>0]"}, {"status": "PASS", "message": null, "name": "test_invalid_extensions[automaticProfiling-<lambda>1]"}, {"status": "PASS", "message": null, "name": "test_invalid_extensions[platform-<lambda>0]"}, {"status": "PASS", "message": null, "name": "test_invalid_extensions[platform-<lambda>1]"}, {"status": "PASS", "message": null, "name": "test_invalid_extensions[version-<lambda>0]"}, {"status": "PASS", "message": null, "name": "test_invalid_extensions[version-<lambda>1]"}, {"status": "PASS", "message": null, "name": "test_invalid_extensions[browser-<lambda>0]"}, {"status": "PASS", "message": null, "name": "test_invalid_extensions[browser-<lambda>1]"}, {"status": "PASS", "message": null, "name": "test_invalid_extensions[platformVersion-<lambda>0]"}, {"status": "PASS", "message": null, "name": "test_invalid_extensions[platformVersion-<lambda>1]"}, {"status": "PASS", "message": null, "name": "test_invalid_extensions[javascriptEnabled-<lambda>0]"}, {"status": "PASS", "message": null, "name": "test_invalid_extensions[javascriptEnabled-<lambda>1]"}, {"status": "PASS", "message": null, "name": "test_invalid_extensions[nativeEvents-<lambda>0]"}, {"status": "PASS", "message": null, "name": "test_invalid_extensions[nativeEvents-<lambda>1]"}, {"status": "PASS", "message": null, "name": "test_invalid_extensions[seleniumProtocol-<lambda>0]"}, {"status": "PASS", "message": null, "name": "test_invalid_extensions[seleniumProtocol-<lambda>1]"}, {"status": "PASS", "message": null, "name": "test_invalid_extensions[profile-<lambda>0]"}, {"status": "PASS", "message": null, "name": "test_invalid_extensions[profile-<lambda>1]"}, {"status": "PASS", "message": null, "name": "test_invalid_extensions[trustAllSSLCertificates-<lambda>0]"}, {"status": "PASS", "message": null, "name": "test_invalid_extensions[trustAllSSLCertificates-<lambda>1]"}, {"status": "PASS", "message": null, "name": "test_invalid_extensions[initialBrowserUrl-<lambda>0]"}, {"status": "PASS", "message": null, "name": "test_invalid_extensions[initialBrowserUrl-<lambda>1]"}, {"status": "PASS", "message": null, "name": "test_invalid_extensions[requireWindowFocus-<lambda>0]"}, {"status": "PASS", "message": null, "name": "test_invalid_extensions[requireWindowFocus-<lambda>1]"}, {"status": "PASS", "message": null, "name": "test_invalid_extensions[logFile-<lambda>0]"}, {"status": "PASS", "message": null, "name": "test_invalid_extensions[logFile-<lambda>1]"}, {"status": "PASS", "message": null, "name": "test_invalid_extensions[logLevel-<lambda>0]"}, {"status": "PASS", "message": null, "name": "test_invalid_extensions[logLevel-<lambda>1]"}, {"status": "PASS", "message": null, "name": "test_invalid_extensions[safari.options-<lambda>0]"}, {"status": "PASS", "message": null, "name": "test_invalid_extensions[safari.options-<lambda>1]"}, {"status": "PASS", "message": null, "name": "test_invalid_extensions[ensureCleanSession-<lambda>0]"}, {"status": "PASS", "message": null, "name": "test_invalid_extensions[ensureCleanSession-<lambda>1]"}]}, {"test": "/webdriver/tests/fullscreen_window/fullscreen.py", "status": "OK", "message": null, "duration": 6951, "subtests": [{"status": "PASS", "message": null, "name": "test_no_browsing_context"}, {"status": "PASS", "message": null, "name": "test_fullscreen"}, {"status": "PASS", "message": null, "name": "test_payload"}, {"status": "PASS", "message": null, "name": "test_fullscreen_twice_is_idempotent"}]}, {"test": "/webdriver/tests/close_window/user_prompts.py", "status": "OK", "message": null, "duration": 31436, "subtests": [{"status": "FAIL", "expected": "PASS", "message": "AssertionError: unexpected alert open (500):", "name": "test_accept[capabilities0-alert]"}, {"status": "FAIL", "expected": "PASS", "message": "AssertionError: unexpected alert open (500):", "name": "test_accept[capabilities0-confirm]"}, {"status": "FAIL", "expected": "PASS", "message": "AssertionError: unexpected alert open (500):", "name": "test_accept[capabilities0-prompt]"}, {"status": "PASS", "message": null, "name": "test_accept_and_notify[capabilities0-alert-None]"}, {"status": "FAIL", "expected": "PASS", "message": "assert False == True", "name": "test_accept_and_notify[capabilities0-confirm-True]"}, {"status": "FAIL", "expected": "PASS", "message": "AssertionError: assert None == ''", "name": "test_accept_and_notify[capabilities0-prompt-]"}, {"status": "FAIL", "expected": "PASS", "message": "AssertionError: unexpected alert open (500):", "name": "test_dismiss[capabilities0-alert]"}, {"status": "FAIL", "expected": "PASS", "message": "AssertionError: unexpected alert open (500):", "name": "test_dismiss[capabilities0-confirm]"}, {"status": "FAIL", "expected": "PASS", "message": "AssertionError: unexpected alert open (500):", "name": "test_dismiss[capabilities0-prompt]"}, {"status": "PASS", "message": null, "name": "test_dismiss_and_notify[capabilities0-alert-None]"}, {"status": "PASS", "message": null, "name": "test_dismiss_and_notify[capabilities0-confirm-False]"}, {"status": "PASS", "message": null, "name": "test_dismiss_and_notify[capabilities0-prompt-None]"}, {"status": "FAIL", "expected": "PASS", "message": "NoSuchAlertException: no such alert (404): No modal dialog is currently open", "name": "test_ignore[capabilities0-alert]"}, {"status": "FAIL", "expected": "PASS", "message": "NoSuchAlertException: no such alert (404): No modal dialog is currently open", "name": "test_ignore[capabilities0-confirm]"}, {"status": "FAIL", "expected": "PASS", "message": "NoSuchAlertException: no such alert (404): No modal dialog is currently open", "name": "test_ignore[capabilities0-prompt]"}, {"status": "PASS", "message": null, "name": "test_default[alert-None]"}, {"status": "PASS", "message": null, "name": "test_default[confirm-False]"}, {"status": "PASS", "message": null, "name": "test_default[prompt-None]"}]}, {"test": "/webdriver/tests/actions/control_click.py", "status": "OK", "message": null, "duration": 1610, "subtests": [{"status": "FAIL", "expected": "PASS", "message": "AssertionError: assert [{'altKey': F...: False, ...}] == [{'altKey': Fa...: False, ...}]", "name": "test_control_click[\\ue009-ctrlKey]"}, {"status": "FAIL", "expected": "PASS", "message": "AssertionError: assert [{'altKey': F...: False, ...}] == [{'altKey': Fa...: False, ...}]", "name": "test_control_click[\\ue051-ctrlKey]"}, {"status": "PASS", "message": null, "name": "test_release_control_click"}]}, {"test": "/webdriver/tests/delete_session/delete.py", "status": "OK", "message": null, "duration": 12842, "subtests": [{"status": "PASS", "message": null, "name": "test_null_response_value"}, {"status": "FAIL", "expected": "PASS", "message": "SessionNotCreatedException: session not created (500): Tried to run command without establishing a connection", "name": "test_dismissed_beforeunload_prompt"}]}, {"test": "/webdriver/tests/refresh/user_prompts.py", "status": "OK", "message": null, "duration": 29405, "subtests": [{"status": "FAIL", "expected": "PASS", "message": "AssertionError: unexpected alert open (500):", "name": "test_accept[capabilities0-alert]"}, {"status": "FAIL", "expected": "PASS", "message": "AssertionError: unexpected alert open (500):", "name": "test_accept[capabilities0-confirm]"}, {"status": "FAIL", "expected": "PASS", "message": "AssertionError: unexpected alert open (500):", "name": "test_accept[capabilities0-prompt]"}, {"status": "PASS", "message": null, "name": "test_accept_and_notify[capabilities0-alert-None]"}, {"status": "FAIL", "expected": "PASS", "message": "assert False == True", "name": "test_accept_and_notify[capabilities0-confirm-True]"}, {"status": "FAIL", "expected": "PASS", "message": "AssertionError: assert None == ''", "name": "test_accept_and_notify[capabilities0-prompt-]"}, {"status": "FAIL", "expected": "PASS", "message": "AssertionError: unexpected alert open (500):", "name": "test_dismiss[capabilities0-alert]"}, {"status": "FAIL", "expected": "PASS", "message": "AssertionError: unexpected alert open (500):", "name": "test_dismiss[capabilities0-confirm]"}, {"status": "FAIL", "expected": "PASS", "message": "AssertionError: unexpected alert open (500):", "name": "test_dismiss[capabilities0-prompt]"}, {"status": "PASS", "message": null, "name": "test_dismiss_and_notify[capabilities0-alert-None]"}, {"status": "PASS", "message": null, "name": "test_dismiss_and_notify[capabilities0-confirm-False]"}, {"status": "PASS", "message": null, "name": "test_dismiss_and_notify[capabilities0-prompt-None]"}, {"status": "FAIL", "expected": "PASS", "message": "NoSuchAlertException: no such alert (404): No modal dialog is currently open", "name": "test_ignore[capabilities0-alert]"}, {"status": "FAIL", "expected": "PASS", "message": "NoSuchAlertException: no such alert (404): No modal dialog is currently open", "name": "test_ignore[capabilities0-confirm]"}, {"status": "FAIL", "expected": "PASS", "message": "NoSuchAlertException: no such alert (404): No modal dialog is currently open", "name": "test_ignore[capabilities0-prompt]"}, {"status": "PASS", "message": null, "name": "test_default[alert-None]"}, {"status": "PASS", "message": null, "name": "test_default[confirm-False]"}, {"status": "PASS", "message": null, "name": "test_default[prompt-None]"}]}, {"test": "/webdriver/tests/actions/key_shortcuts.py", "status": "OK", "message": null, "duration": 1218, "subtests": [{"status": "PASS", "message": null, "name": "test_mod_a_and_backspace_deletes_all_text"}, {"status": "PASS", "message": null, "name": "test_mod_a_mod_c_right_mod_v_pastes_text"}, {"status": "PASS", "message": null, "name": "test_mod_a_mod_x_deletes_all_text"}]}, {"test": "/webdriver/tests/element_send_keys/content_editable.py", "status": "OK", "message": null, "duration": 391, "subtests": [{"status": "PASS", "message": null, "name": "test_sets_insertion_point_to_end"}, {"status": "PASS", "message": null, "name": "test_sets_insertion_point_to_after_last_text_node"}]}, {"test": "/webdriver/tests/forward/forward.py", "status": "OK", "message": null, "duration": 6814, "subtests": [{"status": "PASS", "message": null, "name": "test_null_response_value"}, {"status": "PASS", "message": null, "name": "test_no_browsing_context"}, {"status": "PASS", "message": null, "name": "test_no_browsing_history"}, {"status": "PASS", "message": null, "name": "test_data_urls"}, {"status": "PASS", "message": null, "name": "test_dismissed_beforeunload"}, {"status": "PASS", "message": null, "name": "test_fragments"}, {"status": "PASS", "message": null, "name": "test_history_pushstate"}]}, {"test": "/webdriver/tests/new_session/page_load_strategy.py", "status": "OK", "message": null, "duration": 4735, "subtests": [{"status": "PASS", "message": null, "name": "test_pageLoadStrategy"}]}, {"test": "/webdriver/tests/element_send_keys/send_keys.py", "status": "OK", "message": null, "duration": 6296, "subtests": [{"status": "PASS", "message": null, "name": "test_null_parameter_value"}, {"status": "PASS", "message": null, "name": "test_null_response_value"}, {"status": "PASS", "message": null, "name": "test_no_browsing_context"}, {"status": "PASS", "message": null, "name": "test_invalid_text_type[True]"}, {"status": "PASS", "message": null, "name": "test_invalid_text_type[None]"}, {"status": "PASS", "message": null, "name": "test_invalid_text_type[1]"}, {"status": "PASS", "message": null, "name": "test_invalid_text_type[value3]"}, {"status": "PASS", "message": null, "name": "test_invalid_text_type[value4]"}, {"status": "PASS", "message": null, "name": "test_stale_element"}]}, {"test": "/webdriver/tests/execute_async_script/collections.py", "status": "OK", "message": null, "duration": 5529, "subtests": [{"status": "FAIL", "expected": "PASS", "message": "AssertionError: unknown error (500): TypeError: obj is not iterable", "name": "test_arguments"}, {"status": "PASS", "message": null, "name": "test_array"}, {"status": "PASS", "message": null, "name": "test_file_list"}, {"status": "PASS", "message": null, "name": "test_html_all_collection"}, {"status": "PASS", "message": null, "name": "test_html_collection"}, {"status": "PASS", "message": null, "name": "test_html_form_controls_collection"}, {"status": "PASS", "message": null, "name": "test_html_options_collection"}, {"status": "PASS", "message": null, "name": "test_node_list"}]}, {"test": "/webdriver/tests/find_element/find.py", "status": "OK", "message": null, "duration": 8203, "subtests": [{"status": "PASS", "message": null, "name": "test_null_parameter_value"}, {"status": "PASS", "message": null, "name": "test_no_browsing_context"}, {"status": "PASS", "message": null, "name": "test_invalid_using_argument[a]"}, {"status": "PASS", "message": null, "name": "test_invalid_using_argument[True]"}, {"status": "PASS", "message": null, "name": "test_invalid_using_argument[None]"}, {"status": "PASS", "message": null, "name": "test_invalid_using_argument[1]"}, {"status": "PASS", "message": null, "name": "test_invalid_using_argument[using4]"}, {"status": "PASS", "message": null, "name": "test_invalid_using_argument[using5]"}, {"status": "PASS", "message": null, "name": "test_invalid_selector_argument[None]"}, {"status": "PASS", "message": null, "name": "test_invalid_selector_argument[value1]"}, {"status": "PASS", "message": null, "name": "test_invalid_selector_argument[value2]"}, {"status": "PASS", "message": null, "name": "test_find_element[css selector-#linkText]"}, {"status": "PASS", "message": null, "name": "test_find_element[link text-full link text]"}, {"status": "PASS", "message": null, "name": "test_find_element[partial link text-link text]"}, {"status": "PASS", "message": null, "name": "test_find_element[tag name-a]"}, {"status": "PASS", "message": null, "name": "test_find_element[xpath-//a]"}, {"status": "PASS", "message": null, "name": "test_find_element_link_text[<a href=#>link text</a>-link text]"}, {"status": "PASS", "message": null, "name": "test_find_element_link_text[<a href=#>&nbsp;link text&nbsp;</a>-link text]"}, {"status": "PASS", "message": null, "name": "test_find_element_link_text[<a href=#>link<br>text</a>-link\ntext]"}, {"status": "PASS", "message": null, "name": "test_find_element_link_text[<a href=#>link&amp;text</a>-link&text]"}, {"status": "PASS", "message": null, "name": "test_find_element_link_text[<a href=#>LINK TEXT</a>-LINK TEXT]"}, {"status": "PASS", "message": null, "name": "test_find_element_link_text[<a href=# style='text-transform: uppercase'>link text</a>-LINK TEXT]"}, {"status": "PASS", "message": null, "name": "test_find_element_partial_link_text[<a href=#>partial link text</a>-link]"}, {"status": "PASS", "message": null, "name": "test_find_element_partial_link_text[<a href=#>&nbsp;partial link text&nbsp;</a>-link]"}, {"status": "PASS", "message": null, "name": "test_find_element_partial_link_text[<a href=#>partial link text</a>-k t]"}, {"status": "PASS", "message": null, "name": "test_find_element_partial_link_text[<a href=#>partial link<br>text</a>-k\nt]"}, {"status": "PASS", "message": null, "name": "test_find_element_partial_link_text[<a href=#>partial link&amp;text</a>-k&t]"}, {"status": "PASS", "message": null, "name": "test_find_element_partial_link_text[<a href=#>PARTIAL LINK TEXT</a>-LINK]"}, {"status": "PASS", "message": null, "name": "test_find_element_partial_link_text[<a href=# style='text-transform: uppercase'>partial link text</a>-LINK]"}, {"status": "PASS", "message": null, "name": "test_no_element[css selector-#wontExist]"}, {"status": "PASS", "message": null, "name": "test_xhtml_namespace[css selector-#linkText]"}, {"status": "PASS", "message": null, "name": "test_xhtml_namespace[link text-full link text]"}, {"status": "PASS", "message": null, "name": "test_xhtml_namespace[partial link text-link text]"}, {"status": "PASS", "message": null, "name": "test_xhtml_namespace[tag name-a]"}, {"status": "PASS", "message": null, "name": "test_xhtml_namespace[xpath-//*[name()='a']]"}, {"status": "PASS", "message": null, "name": "test_htmldocument[css selector-:root]"}, {"status": "PASS", "message": null, "name": "test_htmldocument[tag name-html]"}, {"status": "PASS", "message": null, "name": "test_htmldocument[xpath-/html]"}]}, {"test": "/webdriver/tests/get_window_handles/get.py", "status": "OK", "message": null, "duration": 938, "subtests": [{"status": "PASS", "message": null, "name": "test_no_browsing_context"}, {"status": "PASS", "message": null, "name": "test_single_window"}, {"status": "PASS", "message": null, "name": "test_multiple_windows"}]}, {"test": "/webdriver/tests/find_elements/find.py", "status": "OK", "message": null, "duration": 8140, "subtests": [{"status": "PASS", "message": null, "name": "test_null_parameter_value"}, {"status": "PASS", "message": null, "name": "test_no_browsing_context"}, {"status": "PASS", "message": null, "name": "test_invalid_using_argument[a]"}, {"status": "PASS", "message": null, "name": "test_invalid_using_argument[True]"}, {"status": "PASS", "message": null, "name": "test_invalid_using_argument[None]"}, {"status": "PASS", "message": null, "name": "test_invalid_using_argument[1]"}, {"status": "PASS", "message": null, "name": "test_invalid_using_argument[using4]"}, {"status": "PASS", "message": null, "name": "test_invalid_using_argument[using5]"}, {"status": "PASS", "message": null, "name": "test_invalid_selector_argument[None]"}, {"status": "PASS", "message": null, "name": "test_invalid_selector_argument[value1]"}, {"status": "PASS", "message": null, "name": "test_invalid_selector_argument[value2]"}, {"status": "PASS", "message": null, "name": "test_find_elements[css selector-#linkText]"}, {"status": "PASS", "message": null, "name": "test_find_elements[link text-full link text]"}, {"status": "PASS", "message": null, "name": "test_find_elements[partial link text-link text]"}, {"status": "PASS", "message": null, "name": "test_find_elements[tag name-a]"}, {"status": "PASS", "message": null, "name": "test_find_elements[xpath-//a]"}, {"status": "PASS", "message": null, "name": "test_find_elements_link_text[<a href=#>link text</a>-link text]"}, {"status": "PASS", "message": null, "name": "test_find_elements_link_text[<a href=#>&nbsp;link text&nbsp;</a>-link text]"}, {"status": "PASS", "message": null, "name": "test_find_elements_link_text[<a href=#>link<br>text</a>-link\ntext]"}, {"status": "PASS", "message": null, "name": "test_find_elements_link_text[<a href=#>link&amp;text</a>-link&text]"}, {"status": "PASS", "message": null, "name": "test_find_elements_link_text[<a href=#>LINK TEXT</a>-LINK TEXT]"}, {"status": "PASS", "message": null, "name": "test_find_elements_link_text[<a href=# style='text-transform: uppercase'>link text</a>-LINK TEXT]"}, {"status": "PASS", "message": null, "name": "test_find_elements_partial_link_text[<a href=#>partial link text</a>-link]"}, {"status": "PASS", "message": null, "name": "test_find_elements_partial_link_text[<a href=#>&nbsp;partial link text&nbsp;</a>-link]"}, {"status": "PASS", "message": null, "name": "test_find_elements_partial_link_text[<a href=#>partial link text</a>-k t]"}, {"status": "PASS", "message": null, "name": "test_find_elements_partial_link_text[<a href=#>partial link<br>text</a>-k\nt]"}, {"status": "PASS", "message": null, "name": "test_find_elements_partial_link_text[<a href=#>partial link&amp;text</a>-k&t]"}, {"status": "PASS", "message": null, "name": "test_find_elements_partial_link_text[<a href=#>PARTIAL LINK TEXT</a>-LINK]"}, {"status": "PASS", "message": null, "name": "test_find_elements_partial_link_text[<a href=# style='text-transform: uppercase'>partial link text</a>-LINK]"}, {"status": "PASS", "message": null, "name": "test_no_element[css selector-#wontExist]"}, {"status": "PASS", "message": null, "name": "test_xhtml_namespace[css selector-#linkText]"}, {"status": "PASS", "message": null, "name": "test_xhtml_namespace[link text-full link text]"}, {"status": "PASS", "message": null, "name": "test_xhtml_namespace[partial link text-link text]"}, {"status": "PASS", "message": null, "name": "test_xhtml_namespace[tag name-a]"}, {"status": "PASS", "message": null, "name": "test_xhtml_namespace[xpath-//*[name()='a']]"}, {"status": "PASS", "message": null, "name": "test_htmldocument[css selector-:root]"}, {"status": "PASS", "message": null, "name": "test_htmldocument[tag name-html]"}, {"status": "PASS", "message": null, "name": "test_htmldocument[xpath-/html]"}]}, {"test": "/webdriver/tests/status/status.py", "status": "OK", "message": null, "duration": 9622, "subtests": [{"status": "PASS", "message": null, "name": "test_get_status_no_session"}, {"status": "PASS", "message": null, "name": "test_status_with_session_running_on_endpoint_node"}]}, {"test": "/webdriver/tests/actions/mouse_dblclick.py", "status": "OK", "message": null, "duration": 609, "subtests": [{"status": "PASS", "message": null, "name": "test_dblclick_at_coordinates[0]"}, {"status": "PASS", "message": null, "name": "test_dblclick_at_coordinates[200]"}]}, {"test": "/webdriver/tests/get_element_property/user_prompts.py", "status": "OK", "message": null, "duration": 28968, "subtests": [{"status": "FAIL", "expected": "PASS", "message": "AssertionError: unexpected alert open (500):", "name": "test_accept[capabilities0-alert-None]"}, {"status": "FAIL", "expected": "PASS", "message": "AssertionError: unexpected alert open (500):", "name": "test_accept[capabilities0-confirm-True]"}, {"status": "FAIL", "expected": "PASS", "message": "AssertionError: unexpected alert open (500):", "name": "test_accept[capabilities0-prompt-]"}, {"status": "PASS", "message": null, "name": "test_accept_and_notify[capabilities0-alert-None]"}, {"status": "FAIL", "expected": "PASS", "message": "assert False == True", "name": "test_accept_and_notify[capabilities0-confirm-True]"}, {"status": "FAIL", "expected": "PASS", "message": "AssertionError: assert None == ''", "name": "test_accept_and_notify[capabilities0-prompt-]"}, {"status": "FAIL", "expected": "PASS", "message": "AssertionError: unexpected alert open (500):", "name": "test_dismiss[capabilities0-alert-None]"}, {"status": "FAIL", "expected": "PASS", "message": "AssertionError: unexpected alert open (500):", "name": "test_dismiss[capabilities0-confirm-False]"}, {"status": "FAIL", "expected": "PASS", "message": "AssertionError: unexpected alert open (500):", "name": "test_dismiss[capabilities0-prompt-None]"}, {"status": "PASS", "message": null, "name": "test_dismiss_and_notify[capabilities0-alert-None]"}, {"status": "PASS", "message": null, "name": "test_dismiss_and_notify[capabilities0-confirm-False]"}, {"status": "PASS", "message": null, "name": "test_dismiss_and_notify[capabilities0-prompt-None]"}, {"status": "FAIL", "expected": "PASS", "message": "NoSuchAlertException: no such alert (404): No modal dialog is currently open", "name": "test_ignore[capabilities0-alert]"}, {"status": "FAIL", "expected": "PASS", "message": "NoSuchAlertException: no such alert (404): No modal dialog is currently open", "name": "test_ignore[capabilities0-confirm]"}, {"status": "FAIL", "expected": "PASS", "message": "NoSuchAlertException: no such alert (404): No modal dialog is currently open", "name": "test_ignore[capabilities0-prompt]"}, {"status": "PASS", "message": null, "name": "test_default[alert-None]"}, {"status": "PASS", "message": null, "name": "test_default[confirm-False]"}, {"status": "PASS", "message": null, "name": "test_default[prompt-None]"}]}, {"test": "/webdriver/tests/execute_script/user_prompts.py", "status": "OK", "message": null, "duration": 25716, "subtests": [{"status": "FAIL", "expected": "PASS", "message": "AssertionError: User prompt with text 'alert' was not handled.", "name": "test_accept[capabilities0-alert-None]"}, {"status": "FAIL", "expected": "PASS", "message": "AssertionError: User prompt with text 'confirm' was not handled.", "name": "test_accept[capabilities0-confirm-True]"}, {"status": "FAIL", "expected": "PASS", "message": "AssertionError: User prompt with text 'prompt' was not handled.", "name": "test_accept[capabilities0-prompt-]"}, {"status": "FAIL", "expected": "PASS", "message": "assert 200 == 500", "name": "test_accept_and_notify[capabilities0-alert-None]"}, {"status": "FAIL", "expected": "PASS", "message": "assert 200 == 500", "name": "test_accept_and_notify[capabilities0-confirm-True]"}, {"status": "FAIL", "expected": "PASS", "message": "assert 200 == 500", "name": "test_accept_and_notify[capabilities0-prompt-]"}, {"status": "FAIL", "expected": "PASS", "message": "AssertionError: User prompt with text 'alert' was not handled.", "name": "test_dismiss[capabilities0-alert-None]"}, {"status": "FAIL", "expected": "PASS", "message": "AssertionError: User prompt with text 'confirm' was not handled.", "name": "test_dismiss[capabilities0-confirm-False]"}, {"status": "FAIL", "expected": "PASS", "message": "AssertionError: User prompt with text 'prompt' was not handled.", "name": "test_dismiss[capabilities0-prompt-None]"}, {"status": "FAIL", "expected": "PASS", "message": "assert 200 == 500", "name": "test_dismiss_and_notify[capabilities0-alert-None]"}, {"status": "FAIL", "expected": "PASS", "message": "assert 200 == 500", "name": "test_dismiss_and_notify[capabilities0-confirm-False]"}, {"status": "FAIL", "expected": "PASS", "message": "assert 200 == 500", "name": "test_dismiss_and_notify[capabilities0-prompt-None]"}, {"status": "FAIL", "expected": "PASS", "message": "assert 200 == 500", "name": "test_ignore[capabilities0-alert]"}, {"status": "FAIL", "expected": "PASS", "message": "assert 200 == 500", "name": "test_ignore[capabilities0-confirm]"}, {"status": "FAIL", "expected": "PASS", "message": "assert 200 == 500", "name": "test_ignore[capabilities0-prompt]"}, {"status": "FAIL", "expected": "PASS", "message": "assert 200 == 500", "name": "test_default[alert-None]"}, {"status": "FAIL", "expected": "PASS", "message": "assert 200 == 500", "name": "test_default[confirm-False]"}, {"status": "FAIL", "expected": "PASS", "message": "assert 200 == 500", "name": "test_default[prompt-None]"}]}, {"test": "/webdriver/tests/get_current_url/get.py", "status": "OK", "message": null, "duration": 256959, "subtests": [{"status": "PASS", "message": null, "name": "test_no_browsing_context"}, {"status": "PASS", "message": null, "name": "test_get_current_url_matches_location"}, {"status": "PASS", "message": null, "name": "test_get_current_url_payload"}, {"status": "PASS", "message": null, "name": "test_get_current_url_special_pages"}, {"status": "FAIL", "expected": "PASS", "message": "AssertionError: no such window (404): Browsing context has been discarded", "name": "test_get_current_url_file_protocol"}, {"status": "PASS", "message": null, "name": "test_set_malformed_url"}, {"status": "PASS", "message": null, "name": "test_get_current_url_after_modified_location"}, {"status": "PASS", "message": null, "name": "test_get_current_url_nested_browsing_context"}, {"status": "PASS", "message": null, "name": "test_get_current_url_nested_browsing_contexts"}]}, {"test": "/webdriver/tests/element_send_keys/file_upload.py", "status": "OK", "message": null, "duration": 6111, "subtests": [{"status": "PASS", "message": null, "name": "test_empty_text"}, {"status": "FAIL", "expected": "PASS", "message": "AssertionError: invalid argument (400): File not found: c:\\users\\seatt\\appdata\\local\\temp\\pytest-86ik9_\\tmp0\\foo", "name": "test_multiple_files"}, {"status": "PASS", "message": null, "name": "test_multiple_files_last_path_not_found"}, {"status": "PASS", "message": null, "name": "test_multiple_files_without_multiple_attribute"}, {"status": "FAIL", "expected": "PASS", "message": "AssertionError: invalid argument (400): File not found: c:\\users\\seatt\\appdata\\local\\temp\\pytest-86ik9_\\tmp3\\foo", "name": "test_multiple_files_send_twice"}, {"status": "FAIL", "expected": "PASS", "message": "AssertionError: invalid argument (400): File not found: c:\\users\\seatt\\appdata\\local\\temp\\pytest-86ik9_\\tmp5\\foo", "name": "test_multiple_files_reset_with_element_clear"}, {"status": "PASS", "message": null, "name": "test_single_file"}, {"status": "FAIL", "expected": "PASS", "message": "AssertionError: assert ['foo', 'bar'] == ['bar']", "name": "test_single_file_replaces_without_multiple_attribute"}, {"status": "PASS", "message": null, "name": "test_single_file_appends_with_multiple_attribute"}]}, {"test": "/webdriver/tests/get_window_handle/user_prompts.py", "status": "OK", "message": null, "duration": 29077, "subtests": [{"status": "PASS", "message": null, "name": "test_accept[capabilities0-alert]"}, {"status": "PASS", "message": null, "name": "test_accept[capabilities0-confirm]"}, {"status": "PASS", "message": null, "name": "test_accept[capabilities0-prompt]"}, {"status": "PASS", "message": null, "name": "test_accept_and_notify[capabilities0-alert]"}, {"status": "PASS", "message": null, "name": "test_accept_and_notify[capabilities0-confirm]"}, {"status": "PASS", "message": null, "name": "test_accept_and_notify[capabilities0-prompt]"}, {"status": "PASS", "message": null, "name": "test_dismiss[capabilities0-alert]"}, {"status": "PASS", "message": null, "name": "test_dismiss[capabilities0-confirm]"}, {"status": "PASS", "message": null, "name": "test_dismiss[capabilities0-prompt]"}, {"status": "PASS", "message": null, "name": "test_dismiss_and_notify[capabilities0-alert]"}, {"status": "PASS", "message": null, "name": "test_dismiss_and_notify[capabilities0-confirm]"}, {"status": "PASS", "message": null, "name": "test_dismiss_and_notify[capabilities0-prompt]"}, {"status": "PASS", "message": null, "name": "test_ignore[capabilities0-alert]"}, {"status": "PASS", "message": null, "name": "test_ignore[capabilities0-confirm]"}, {"status": "PASS", "message": null, "name": "test_ignore[capabilities0-prompt]"}, {"status": "PASS", "message": null, "name": "test_default[alert]"}, {"status": "PASS", "message": null, "name": "test_default[confirm]"}, {"status": "PASS", "message": null, "name": "test_default[prompt]"}]}, {"test": "/webdriver/tests/element_click/file_upload.py", "status": "OK", "message": null, "duration": 4811, "subtests": [{"status": "PASS", "message": null, "name": "test_file_upload_state"}]}, {"test": "/webdriver/tests/element_send_keys/user_prompts.py", "status": "OK", "message": null, "duration": 28154, "subtests": [{"status": "FAIL", "expected": "PASS", "message": "AssertionError: unexpected alert open (500):", "name": "test_accept[capabilities0-alert-None]"}, {"status": "FAIL", "expected": "PASS", "message": "AssertionError: unexpected alert open (500):", "name": "test_accept[capabilities0-confirm-True]"}, {"status": "FAIL", "expected": "PASS", "message": "AssertionError: unexpected alert open (500):", "name": "test_accept[capabilities0-prompt-]"}, {"status": "PASS", "message": null, "name": "test_accept_and_notify[capabilities0-alert-None]"}, {"status": "FAIL", "expected": "PASS", "message": "assert False == True", "name": "test_accept_and_notify[capabilities0-confirm-True]"}, {"status": "FAIL", "expected": "PASS", "message": "AssertionError: assert None == ''", "name": "test_accept_and_notify[capabilities0-prompt-]"}, {"status": "FAIL", "expected": "PASS", "message": "AssertionError: unexpected alert open (500):", "name": "test_dismiss[capabilities0-alert-None]"}, {"status": "FAIL", "expected": "PASS", "message": "AssertionError: unexpected alert open (500):", "name": "test_dismiss[capabilities0-confirm-False]"}, {"status": "FAIL", "expected": "PASS", "message": "AssertionError: unexpected alert open (500):", "name": "test_dismiss[capabilities0-prompt-None]"}, {"status": "PASS", "message": null, "name": "test_dismiss_and_notify[capabilities0-alert-None]"}, {"status": "PASS", "message": null, "name": "test_dismiss_and_notify[capabilities0-confirm-False]"}, {"status": "PASS", "message": null, "name": "test_dismiss_and_notify[capabilities0-prompt-None]"}, {"status": "FAIL", "expected": "PASS", "message": "NoSuchAlertException: no such alert (404): No modal dialog is currently open", "name": "test_ignore[capabilities0-alert]"}, {"status": "FAIL", "expected": "PASS", "message": "NoSuchAlertException: no such alert (404): No modal dialog is currently open", "name": "test_ignore[capabilities0-confirm]"}, {"status": "FAIL", "expected": "PASS", "message": "NoSuchAlertException: no such alert (404): No modal dialog is currently open", "name": "test_ignore[capabilities0-prompt]"}, {"status": "PASS", "message": null, "name": "test_default[alert-None]"}, {"status": "PASS", "message": null, "name": "test_default[confirm-False]"}, {"status": "PASS", "message": null, "name": "test_default[prompt-None]"}]}, {"test": "/webdriver/tests/back/user_prompts.py", "status": "OK", "message": null, "duration": 33952, "subtests": [{"status": "FAIL", "expected": "PASS", "message": "AssertionError: unexpected alert open (500):", "name": "test_accept[capabilities0-alert]"}, {"status": "FAIL", "expected": "PASS", "message": "AssertionError: unexpected alert open (500):", "name": "test_accept[capabilities0-confirm]"}, {"status": "FAIL", "expected": "PASS", "message": "AssertionError: unexpected alert open (500):", "name": "test_accept[capabilities0-prompt]"}, {"status": "PASS", "message": null, "name": "test_accept_and_notify[capabilities0-alert-None]"}, {"status": "FAIL", "expected": "PASS", "message": "AssertionError", "name": "test_accept_and_notify[capabilities0-confirm-True]"}, {"status": "FAIL", "expected": "PASS", "message": "AssertionError", "name": "test_accept_and_notify[capabilities0-prompt-]"}, {"status": "FAIL", "expected": "PASS", "message": "AssertionError: unexpected alert open (500):", "name": "test_dismiss[capabilities0-alert]"}, {"status": "FAIL", "expected": "PASS", "message": "AssertionError: unexpected alert open (500):", "name": "test_dismiss[capabilities0-confirm]"}, {"status": "FAIL", "expected": "PASS", "message": "AssertionError: unexpected alert open (500):", "name": "test_dismiss[capabilities0-prompt]"}, {"status": "PASS", "message": null, "name": "test_dismiss_and_notify[capabilities0-alert-None]"}, {"status": "PASS", "message": null, "name": "test_dismiss_and_notify[capabilities0-confirm-False]"}, {"status": "PASS", "message": null, "name": "test_dismiss_and_notify[capabilities0-prompt-None]"}, {"status": "FAIL", "expected": "PASS", "message": "NoSuchAlertException: no such alert (404): No modal dialog is currently open", "name": "test_ignore[capabilities0-alert]"}, {"status": "FAIL", "expected": "PASS", "message": "NoSuchAlertException: no such alert (404): No modal dialog is currently open", "name": "test_ignore[capabilities0-confirm]"}, {"status": "FAIL", "expected": "PASS", "message": "NoSuchAlertException: no such alert (404): No modal dialog is currently open", "name": "test_ignore[capabilities0-prompt]"}, {"status": "PASS", "message": null, "name": "test_default[alert-None]"}, {"status": "PASS", "message": null, "name": "test_default[confirm-False]"}, {"status": "PASS", "message": null, "name": "test_default[prompt-None]"}]}, {"test": "/webdriver/tests/delete_all_cookies/delete.py", "status": "OK", "message": null, "duration": 4515, "subtests": [{"status": "PASS", "message": null, "name": "test_null_response_value"}, {"status": "PASS", "message": null, "name": "test_no_browsing_context"}]}, {"status": "ERROR", "expected": "OK", "test": "/webdriver/tests/new_session/platform_name.py", "subtests": [], "duration": 204, "message": null}, {"test": "/webdriver/tests/execute_async_script/execute_async.py", "status": "OK", "message": null, "duration": 4998, "subtests": [{"status": "PASS", "message": null, "name": "test_null_parameter_value"}, {"status": "PASS", "message": null, "name": "test_no_browsing_context"}, {"status": "PASS", "message": null, "name": "test_abort_by_user_prompt[alert]"}, {"status": "PASS", "message": null, "name": "test_abort_by_user_prompt[confirm]"}, {"status": "PASS", "message": null, "name": "test_abort_by_user_prompt[prompt]"}, {"status": "FAIL", "expected": "PASS", "message": "NoSuchAlertException: no such alert (404): No modal dialog is currently open", "name": "test_abort_by_user_prompt_twice[alert]"}, {"status": "PASS", "message": null, "name": "test_abort_by_user_prompt_twice[confirm]"}, {"status": "FAIL", "expected": "PASS", "message": "NoSuchAlertException: no such alert (404): No modal dialog is currently open", "name": "test_abort_by_user_prompt_twice[prompt]"}]}, {"test": "/webdriver/tests/get_active_element/get.py", "status": "OK", "message": null, "duration": 5529, "subtests": [{"status": "PASS", "message": null, "name": "test_no_browsing_context"}, {"status": "PASS", "message": null, "name": "test_success_document"}, {"status": "PASS", "message": null, "name": "test_sucess_input"}, {"status": "PASS", "message": null, "name": "test_sucess_input_non_interactable"}, {"status": "PASS", "message": null, "name": "test_success_explicit_focus"}, {"status": "PASS", "message": null, "name": "test_success_iframe_content"}, {"status": "PASS", "message": null, "name": "test_missing_document_element"}]}, {"test": "/webdriver/tests/add_cookie/add.py", "status": "OK", "message": null, "duration": 937, "subtests": [{"status": "PASS", "message": null, "name": "test_null_parameter_value"}, {"status": "PASS", "message": null, "name": "test_null_response_value"}, {"status": "PASS", "message": null, "name": "test_no_browsing_context"}, {"status": "PASS", "message": null, "name": "test_add_domain_cookie"}, {"status": "PASS", "message": null, "name": "test_add_cookie_for_ip"}, {"status": "PASS", "message": null, "name": "test_add_non_session_cookie"}, {"status": "PASS", "message": null, "name": "test_add_session_cookie"}, {"status": "PASS", "message": null, "name": "test_add_session_cookie_with_leading_dot_character_in_domain"}]}, {"test": "/webdriver/tests/new_session/timeouts.py", "status": "OK", "message": null, "duration": 16672, "subtests": [{"status": "PASS", "message": null, "name": "test_default_values"}, {"status": "PASS", "message": null, "name": "test_timeouts[timeouts0]"}, {"status": "PASS", "message": null, "name": "test_timeouts[timeouts1]"}, {"status": "PASS", "message": null, "name": "test_timeouts[timeouts2]"}]}, {"test": "/webdriver/tests/get_window_rect/get.py", "status": "OK", "message": null, "duration": 764, "subtests": [{"status": "PASS", "message": null, "name": "test_no_browsing_context"}, {"status": "PASS", "message": null, "name": "test_payload"}]}, {"test": "/webdriver/tests/minimize_window/user_prompts.py", "status": "OK", "message": null, "duration": 29375, "subtests": [{"status": "FAIL", "expected": "PASS", "message": "AssertionError: unexpected alert open (500):", "name": "test_accept[capabilities0-alert-None]"}, {"status": "FAIL", "expected": "PASS", "message": "AssertionError: unexpected alert open (500):", "name": "test_accept[capabilities0-confirm-True]"}, {"status": "FAIL", "expected": "PASS", "message": "AssertionError: unexpected alert open (500):", "name": "test_accept[capabilities0-prompt-]"}, {"status": "PASS", "message": null, "name": "test_accept_and_notify[capabilities0-alert-None]"}, {"status": "FAIL", "expected": "PASS", "message": "assert False == True", "name": "test_accept_and_notify[capabilities0-confirm-True]"}, {"status": "FAIL", "expected": "PASS", "message": "AssertionError: assert None == ''", "name": "test_accept_and_notify[capabilities0-prompt-]"}, {"status": "FAIL", "expected": "PASS", "message": "AssertionError: unexpected alert open (500):", "name": "test_dismiss[capabilities0-alert-None]"}, {"status": "FAIL", "expected": "PASS", "message": "AssertionError: unexpected alert open (500):", "name": "test_dismiss[capabilities0-confirm-False]"}, {"status": "FAIL", "expected": "PASS", "message": "AssertionError: unexpected alert open (500):", "name": "test_dismiss[capabilities0-prompt-None]"}, {"status": "PASS", "message": null, "name": "test_dismiss_and_notify[capabilities0-alert-None]"}, {"status": "PASS", "message": null, "name": "test_dismiss_and_notify[capabilities0-confirm-False]"}, {"status": "PASS", "message": null, "name": "test_dismiss_and_notify[capabilities0-prompt-None]"}, {"status": "FAIL", "expected": "PASS", "message": "NoSuchAlertException: no such alert (404): No modal dialog is currently open", "name": "test_ignore[capabilities0-alert]"}, {"status": "FAIL", "expected": "PASS", "message": "NoSuchAlertException: no such alert (404): No modal dialog is currently open", "name": "test_ignore[capabilities0-confirm]"}, {"status": "FAIL", "expected": "PASS", "message": "NoSuchAlertException: no such alert (404): No modal dialog is currently open", "name": "test_ignore[capabilities0-prompt]"}, {"status": "PASS", "message": null, "name": "test_default[alert-None]"}, {"status": "PASS", "message": null, "name": "test_default[confirm-False]"}, {"status": "PASS", "message": null, "name": "test_default[prompt-None]"}]}, {"test": "/webdriver/tests/get_title/get.py", "status": "OK", "message": null, "duration": 876, "subtests": [{"status": "PASS", "message": null, "name": "test_no_browsing_context"}, {"status": "PASS", "message": null, "name": "test_title_from_top_context"}, {"status": "PASS", "message": null, "name": "test_title_with_duplicate_element"}, {"status": "PASS", "message": null, "name": "test_title_without_element"}, {"status": "PASS", "message": null, "name": "test_title_after_modification"}, {"status": "PASS", "message": null, "name": "test_title_strip_and_collapse"}, {"status": "PASS", "message": null, "name": "test_title_from_frame"}]}, {"test": "/webdriver/tests/switch_to_frame/switch.py", "status": "OK", "message": null, "duration": 922, "subtests": [{"status": "PASS", "message": null, "name": "test_null_parameter_value"}, {"status": "PASS", "message": null, "name": "test_null_response_value"}, {"status": "PASS", "message": null, "name": "test_no_browsing_context"}]}, {"test": "/webdriver/tests/actions/mouse_pause_dblclick.py", "status": "OK", "message": null, "duration": 1781, "subtests": [{"status": "PASS", "message": null, "name": "test_dblclick_with_pause_after_second_pointerdown"}, {"status": "PASS", "message": null, "name": "test_no_dblclick"}]}, {"test": "/webdriver/tests/get_element_text/get.py", "status": "OK", "message": null, "duration": 4327, "subtests": [{"status": "PASS", "message": null, "name": "test_no_browsing_context"}, {"status": "PASS", "message": null, "name": "test_getting_text_of_a_non_existant_element_is_an_error"}, {"status": "PASS", "message": null, "name": "test_read_element_text"}]}, {"test": "/webdriver/tests/minimize_window/minimize.py", "status": "OK", "message": null, "duration": 6437, "subtests": [{"status": "PASS", "message": null, "name": "test_no_browsing_context"}, {"status": "PASS", "message": null, "name": "test_fully_exit_fullscreen"}, {"status": "PASS", "message": null, "name": "test_minimize"}, {"status": "PASS", "message": null, "name": "test_payload"}, {"status": "PASS", "message": null, "name": "test_minimize_twice_is_idempotent"}]}, {"test": "/webdriver/tests/element_click/bubbling.py", "status": "OK", "message": null, "duration": 1641, "subtests": [{"status": "PASS", "message": null, "name": "test_click_event_bubbles_to_parents"}, {"status": "PASS", "message": null, "name": "test_spin_event_loop"}, {"status": "PASS", "message": null, "name": "test_element_disappears_during_click"}]}, {"test": "/webdriver/tests/new_session/default_values.py", "status": "OK", "message": null, "duration": 34248, "subtests": [{"status": "PASS", "message": null, "name": "test_basic"}, {"status": "PASS", "message": null, "name": "test_repeat_new_session"}, {"status": "FAIL", "expected": "PASS", "message": "assert 200 == 400", "name": "test_no_capabilites"}, {"status": "PASS", "message": null, "name": "test_missing_first_match"}, {"status": "PASS", "message": null, "name": "test_missing_always_match"}, {"status": "FAIL", "expected": "PASS", "message": "assert 200 == 400", "name": "test_desired"}, {"status": "PASS", "message": null, "name": "test_ignore_non_spec_fields_in_capabilities"}, {"status": "FAIL", "expected": "PASS", "message": "AssertionError: assert 'eager' == 'none'", "name": "test_valid_but_unmatchable_key"}]}, {"test": "/webdriver/tests/element_click/interactability.py", "status": "OK", "message": null, "duration": 1218, "subtests": [{"status": "PASS", "message": null, "name": "test_element_not_interactable_css_transform[translate(-100px, -100px)]"}, {"status": "PASS", "message": null, "name": "test_element_not_interactable_css_transform[rotate(50deg)]"}, {"status": "PASS", "message": null, "name": "test_element_not_interactable_out_of_view"}, {"status": "PASS", "message": null, "name": "test_element_intercepted"}, {"status": "PASS", "message": null, "name": "test_element_intercepted_no_pointer_events"}, {"status": "FAIL", "expected": "PASS", "message": "assert 200 == 400", "name": "test_element_not_visible_overflow_hidden"}]}, {"test": "/webdriver/tests/maximize_window/user_prompts.py", "status": "OK", "message": null, "duration": 29344, "subtests": [{"status": "FAIL", "expected": "PASS", "message": "AssertionError: unexpected alert open (500):", "name": "test_accept[capabilities0-alert-None]"}, {"status": "FAIL", "expected": "PASS", "message": "AssertionError: unexpected alert open (500):", "name": "test_accept[capabilities0-confirm-True]"}, {"status": "FAIL", "expected": "PASS", "message": "AssertionError: unexpected alert open (500):", "name": "test_accept[capabilities0-prompt-]"}, {"status": "PASS", "message": null, "name": "test_accept_and_notify[capabilities0-alert-None]"}, {"status": "FAIL", "expected": "PASS", "message": "assert False == True", "name": "test_accept_and_notify[capabilities0-confirm-True]"}, {"status": "FAIL", "expected": "PASS", "message": "AssertionError: assert None == ''", "name": "test_accept_and_notify[capabilities0-prompt-]"}, {"status": "FAIL", "expected": "PASS", "message": "AssertionError: unexpected alert open (500):", "name": "test_dismiss[capabilities0-alert-None]"}, {"status": "FAIL", "expected": "PASS", "message": "AssertionError: unexpected alert open (500):", "name": "test_dismiss[capabilities0-confirm-False]"}, {"status": "FAIL", "expected": "PASS", "message": "AssertionError: unexpected alert open (500):", "name": "test_dismiss[capabilities0-prompt-None]"}, {"status": "PASS", "message": null, "name": "test_dismiss_and_notify[capabilities0-alert-None]"}, {"status": "PASS", "message": null, "name": "test_dismiss_and_notify[capabilities0-confirm-False]"}, {"status": "PASS", "message": null, "name": "test_dismiss_and_notify[capabilities0-prompt-None]"}, {"status": "FAIL", "expected": "PASS", "message": "NoSuchAlertException: no such alert (404): No modal dialog is currently open", "name": "test_ignore[capabilities0-alert]"}, {"status": "FAIL", "expected": "PASS", "message": "NoSuchAlertException: no such alert (404): No modal dialog is currently open", "name": "test_ignore[capabilities0-confirm]"}, {"status": "FAIL", "expected": "PASS", "message": "NoSuchAlertException: no such alert (404): No modal dialog is currently open", "name": "test_ignore[capabilities0-prompt]"}, {"status": "PASS", "message": null, "name": "test_default[alert-None]"}, {"status": "PASS", "message": null, "name": "test_default[confirm-False]"}, {"status": "PASS", "message": null, "name": "test_default[prompt-None]"}]}]}